0.3144 	WARNING 	We strongly recommend you activate the PTB sound engine in PsychoPy prefs as the preferred audio engine. Its timing is vastly superior. Your prefs are currently set to use ['sounddevice', 'PTB', 'pyo', 'pygame'] (in that order).
3.6471 	WARNING 	User requested fullscreen with size [1024  768], but screen is actually [1440, 900]. Using actual size
4.4313 	EXP 	Created window1 = Window(allowGUI=False, allowStencil=False, args=UNKNOWN, autoLog=True, bitsMode=UNKNOWN, blendMode='avg', bpc=(8, 8, 8), color=array([0., 0., 0.]), colorSpace='rgb', depthBits=8, fullscr=<method-wrapper '__getattribute__' of attributeSetter object at 0x1421a0be0>, gamma=None, gammaErrorPolicy='raise', kwargs=UNKNOWN, lms=UNKNOWN, monitor=<psychopy.monitors.calibTools.Monitor object at 0x142269ef0>, multiSample=False, name='window1', numSamples=2, pos=[360.0, 225.0], screen=0, size=array([2880, 1800]), stencilBits=0, stereo=False, units='height', useFBO=True, useRetina=True, viewOri=0.0, viewPos=None, viewScale=None, waitBlanking=True, winType='pyglet')
4.4317 	EXP 	window1: mouseVisible = True
4.4318 	EXP 	window1: recordFrameIntervals = False
4.5968 	EXP 	window1: recordFrameIntervals = True
4.7801 	EXP 	window1: recordFrameIntervals = False
4.8768 	EXP 	Created instuctions_1 = TextStim(__class__=<class 'psychopy.visual.text.TextStim'>, alignHoriz=method-wrapper(...), alignText='center', alignVert=method-wrapper(...), anchorHoriz='center', anchorVert='center', antialias=True, autoLog=True, bold=False, color='white', colorSpace='named', contrast=1.0, depth=0.0, flipHoriz=False, flipVert=False, font='Arial', fontFiles=[], height=0.05, italic=False, languageStyle='LTR', name='instuctions_1', opacity=1.0, ori=0, pos=array([0., 0.]), rgb=array([255., 255., 255.]), text=str(...), units='height', win=Window(...), wrapWidth=1)
4.9169 	EXP 	Created instuctions = TextStim(__class__=<class 'psychopy.visual.text.TextStim'>, alignHoriz=method-wrapper(...), alignText='center', alignVert=method-wrapper(...), anchorHoriz='center', anchorVert='center', antialias=True, autoLog=True, bold=False, color='white', colorSpace='named', contrast=1.0, depth=0.0, flipHoriz=False, flipVert=False, font='Arial', fontFiles=[], height=0.05, italic=False, languageStyle='LTR', name='instuctions', opacity=1.0, ori=0, pos=array([0., 0.]), rgb=array([255., 255., 255.]), text=str(...), units='height', win=Window(...), wrapWidth=1)
5.0096 	EXP 	Created image_2 = ImageStim(__class__=<class 'psychopy.visual.image.ImageStim'>, autoLog=True, color=array([1., 1., 1.]), colorSpace='rgb', contrast=1.0, depth=0.0, flipHoriz=False, flipVert=False, image='grid.png', interpolate=True, mask=None, maskParams=None, name='image_2', opacity=1.0, ori=0.0, pos=array([0., 0.]), size=array([0.6, 0.6]), texRes=128, units='height', win=Window(...))
5.0110 	EXP 	Created polygon = Rect(__class__=<class 'psychopy.visual.rect.Rect'>, autoDraw=False, autoLog=True, closeShape=True, color=method-wrapper(...), colorSpace=None, contrast=1.0, depth=-1.0, fillColor=array([ 0.804, -1.   , -1.   ]), fillColorSpace='rgb', fillRGB=array([ 0.804, -1.   , -1.   ]), interpolate=True, lineColor=array([1., 1., 1.]), lineColorSpace='rgb', lineRGB=array([1., 1., 1.]), lineWidth=1, name='polygon', opacity=1.0, ori=array(0.), pos=array([-0.075,  0.075]), size=array([0.1, 0.1]), units='height', vertices=ndarray(...), win=Window(...))
5.0490 	EXP 	Created image = ImageStim(__class__=<class 'psychopy.visual.image.ImageStim'>, autoLog=True, color=array([1., 1., 1.]), colorSpace='rgb', contrast=1.0, depth=0.0, flipHoriz=False, flipVert=False, image='sym1.jpg', interpolate=True, mask=None, maskParams=None, name='image', opacity=1.0, ori=0.0, pos=array([0., 0.]), size=array([0.5, 0.5]), texRes=128, units='height', win=Window(...))
5.0839 	EXP 	Created text_4 = TextStim(__class__=<class 'psychopy.visual.text.TextStim'>, alignHoriz=method-wrapper(...), alignText='center', alignVert=method-wrapper(...), anchorHoriz='center', anchorVert='center', antialias=True, autoLog=True, bold=False, color='white', colorSpace='named', contrast=1.0, depth=-2.0, flipHoriz=False, flipVert=False, font='Arial', fontFiles=[], height=0.05, italic=False, languageStyle='LTR', name='text_4', opacity=1.0, ori=0, pos=array([ 0. , -0.4]), rgb=array([255., 255., 255.]), text='<-    symmetrical  |  non-symmetrical ->', units='height', win=Window(...), wrapWidth=1)
5.0955 	EXP 	Created text_3 = TextStim(__class__=<class 'psychopy.visual.text.TextStim'>, alignHoriz=method-wrapper(...), alignText='center', alignVert=method-wrapper(...), anchorHoriz='center', anchorVert='center', antialias=True, autoLog=True, bold=False, color='white', colorSpace='named', contrast=1.0, depth=0.0, flipHoriz=False, flipVert=False, font='Arial', fontFiles=[], height=0.05, italic=False, languageStyle='LTR', name='text_3', opacity=1.0, ori=0, pos=array([0., 0.]), rgb=array([255., 255., 255.]), text=str(...), units='height', win=Window(...), wrapWidth=1)
5.1644 	EXP 	Created trialselect = ImageStim(__class__=<class 'psychopy.visual.image.ImageStim'>, autoLog=True, color=array([1., 1., 1.]), colorSpace='rgb', contrast=1.0, depth=0.0, flipHoriz=False, flipVert=False, image='grid.png', interpolate=True, mask=None, maskParams=None, name='trialselect', opacity=1.0, ori=0.0, pos=array([0., 0.]), size=array([0.6, 0.6]), texRes=128, units='height', win=Window(...))
5.1645 	EXP 	window1: mouseVisible = True
5.1778 	EXP 	Created text_5 = TextStim(__class__=<class 'psychopy.visual.text.TextStim'>, alignHoriz=method-wrapper(...), alignText='center', alignVert=method-wrapper(...), anchorHoriz='center', anchorVert='center', antialias=True, autoLog=True, bold=False, color='white', colorSpace='named', contrast=1.0, depth=-2.0, flipHoriz=False, flipVert=False, font='Arial', fontFiles=[], height=0.03, italic=False, languageStyle='LTR', name='text_5', opacity=1.0, ori=0, pos=array([ 0. , -0.4]), rgb=array([255., 255., 255.]), text=str(...), units='height', win=Window(...), wrapWidth=1)
5.2204 	EXP 	Created text_2 = TextStim(__class__=<class 'psychopy.visual.text.TextStim'>, alignHoriz=method-wrapper(...), alignText='center', alignVert=method-wrapper(...), anchorHoriz='center', anchorVert='center', antialias=True, autoLog=True, bold=False, color='white', colorSpace='named', contrast=1.0, depth=-1.0, flipHoriz=False, flipVert=False, font='Arial', fontFiles=[], height=0.05, italic=False, languageStyle='LTR', name='text_2', opacity=1.0, ori=0, pos=array([0., 0.]), rgb=array([255., 255., 255.]), text=str(...), units='height', win=Window(...), wrapWidth=1)
5.2227 	EXP 	Created fixation_1 = TextStim(__class__=<class 'psychopy.visual.text.TextStim'>, alignHoriz=method-wrapper(...), alignText='center', alignVert=method-wrapper(...), anchorHoriz='center', anchorVert='center', antialias=True, autoLog=True, bold=False, color='white', colorSpace='named', contrast=1.0, depth=0.0, flipHoriz=False, flipVert=False, font='Arial', fontFiles=[], height=0.05, italic=False, languageStyle='LTR', name='fixation_1', opacity=1.0, ori=0, pos=array([0., 0.]), rgb=array([255., 255., 255.]), text='+', units='height', win=Window(...), wrapWidth=1)
5.2688 	EXP 	Created grid = ImageStim(__class__=<class 'psychopy.visual.image.ImageStim'>, autoLog=True, color=array([1., 1., 1.]), colorSpace='rgb', contrast=1.0, depth=-1.0, flipHoriz=False, flipVert=False, image='grid.png', interpolate=True, mask=None, maskParams=None, name='grid', opacity=1.0, ori=0.0, pos=array([0., 0.]), size=array([0.6, 0.6]), texRes=128, units='height', win=Window(...))
5.2701 	EXP 	Created square = Rect(__class__=<class 'psychopy.visual.rect.Rect'>, autoDraw=False, autoLog=True, closeShape=True, color=method-wrapper(...), colorSpace=None, contrast=1.0, depth=-2.0, fillColor=array([ 0.804, -1.   , -1.   ]), fillColorSpace='rgb', fillRGB=array([ 0.804, -1.   , -1.   ]), interpolate=True, lineColor=None, lineColorSpace=None, lineRGB=None, lineWidth=1, name='square', opacity=1.0, ori=array(0.), pos=array([0., 0.]), size=array([0.1, 0.1]), units='height', vertices=ndarray(...), win=Window(...))
5.2723 	EXP 	Created symmetry_grid = ImageStim(__class__=<class 'psychopy.visual.image.ImageStim'>, autoLog=True, color=array([1., 1., 1.]), colorSpace='rgb', contrast=1.0, depth=0.0, flipHoriz=False, flipVert=False, image='sin', interpolate=True, mask=None, maskParams=None, name='symmetry_grid', opacity=1.0, ori=0.0, pos=array([0., 0.]), size=array([0.5, 0.5]), texRes=128, units='height', win=Window(...))
5.2986 	EXP 	Created text = TextStim(__class__=<class 'psychopy.visual.text.TextStim'>, alignHoriz=method-wrapper(...), alignText='center', alignVert=method-wrapper(...), anchorHoriz='center', anchorVert='center', antialias=True, autoLog=True, bold=False, color='white', colorSpace='named', contrast=1.0, depth=-2.0, flipHoriz=False, flipVert=False, font='Arial', fontFiles=[], height=0.05, italic=False, languageStyle='LTR', name='text', opacity=1.0, ori=0, pos=array([ 0. , -0.4]), rgb=array([255., 255., 255.]), text='<-    symmetrical  |  non-symmetrical ->', units='height', win=Window(...), wrapWidth=1)
5.3060 	EXP 	Created recall_text = TextStim(__class__=<class 'psychopy.visual.text.TextStim'>, alignHoriz=method-wrapper(...), alignText='center', alignVert=method-wrapper(...), anchorHoriz='center', anchorVert='center', antialias=True, autoLog=True, bold=False, color='white', colorSpace='named', contrast=1.0, depth=0.0, flipHoriz=False, flipVert=False, font='Arial', fontFiles=[], height=0.05, italic=False, languageStyle='LTR', name='recall_text', opacity=1.0, ori=0, pos=array([0. , 0.4]), rgb=array([255., 255., 255.]), text='Recall', units='height', win=Window(...), wrapWidth=1)
5.3091 	EXP 	Created instructions_2 = TextStim(__class__=<class 'psychopy.visual.text.TextStim'>, alignHoriz=method-wrapper(...), alignText='center', alignVert=method-wrapper(...), anchorHoriz='center', anchorVert='center', antialias=True, autoLog=True, bold=False, color='white', colorSpace='named', contrast=1.0, depth=-1.0, flipHoriz=False, flipVert=False, font='Arial', fontFiles=[], height=0.03, italic=False, languageStyle='LTR', name='instructions_2', opacity=1.0, ori=0, pos=array([ 0. , -0.4]), rgb=array([255., 255., 255.]), text=str(...), units='height', win=Window(...), wrapWidth=1)
5.3105 	EXP 	Created fixation_2 = TextStim(__class__=<class 'psychopy.visual.text.TextStim'>, alignHoriz=method-wrapper(...), alignText='center', alignVert=method-wrapper(...), anchorHoriz='center', anchorVert='center', antialias=True, autoLog=True, bold=False, color='white', colorSpace='named', contrast=1.0, depth=-2.0, flipHoriz=False, flipVert=False, font='Arial', fontFiles=[], height=0.05, italic=False, languageStyle='LTR', name='fixation_2', opacity=1.0, ori=0, pos=array([0., 0.]), rgb=array([255., 255., 255.]), text='+', units='height', win=Window(...), wrapWidth=1)
5.3555 	EXP 	Created grid_2 = ImageStim(__class__=<class 'psychopy.visual.image.ImageStim'>, autoLog=True, color=array([1., 1., 1.]), colorSpace='rgb', contrast=1.0, depth=-3.0, flipHoriz=False, flipVert=False, image='grid.png', interpolate=True, mask=None, maskParams=None, name='grid_2', opacity=1.0, ori=0.0, pos=array([0., 0.]), size=array([0.6, 0.6]), texRes=128, units='height', win=Window(...))
5.3557 	EXP 	window1: mouseVisible = True
5.3569 	EXP 	Created square_1 = Rect(__class__=<class 'psychopy.visual.rect.Rect'>, autoDraw=False, autoLog=True, closeShape=True, color=method-wrapper(...), colorSpace=None, contrast=1.0, depth=-5.0, fillColor=array([1.   , 0.004, 0.004]), fillColorSpace='rgb', fillRGB=array([1.   , 0.004, 0.004]), interpolate=True, lineColor=None, lineColorSpace=None, lineRGB=None, lineWidth=1, name='square_1', opacity=1.0, ori=array(0.), pos=array([-0.225,  0.225]), size=array([0.1, 0.1]), units='height', vertices=ndarray(...), win=Window(...))
5.3579 	EXP 	Created square_2 = Rect(__class__=<class 'psychopy.visual.rect.Rect'>, autoDraw=False, autoLog=True, closeShape=True, color=method-wrapper(...), colorSpace=None, contrast=1.0, depth=-6.0, fillColor=array([1.   , 0.004, 0.004]), fillColorSpace='rgb', fillRGB=array([1.   , 0.004, 0.004]), interpolate=True, lineColor=None, lineColorSpace=None, lineRGB=None, lineWidth=1, name='square_2', opacity=1.0, ori=array(0.), pos=array([-0.075,  0.225]), size=array([0.1, 0.1]), units='height', vertices=ndarray(...), win=Window(...))
5.3590 	EXP 	Created square_3 = Rect(__class__=<class 'psychopy.visual.rect.Rect'>, autoDraw=False, autoLog=True, closeShape=True, color=method-wrapper(...), colorSpace=None, contrast=1.0, depth=-7.0, fillColor=array([1.   , 0.004, 0.004]), fillColorSpace='rgb', fillRGB=array([1.   , 0.004, 0.004]), interpolate=True, lineColor=None, lineColorSpace=None, lineRGB=None, lineWidth=1, name='square_3', opacity=1.0, ori=array(0.), pos=array([0.075, 0.225]), size=array([0.1, 0.1]), units='height', vertices=ndarray(...), win=Window(...))
5.3601 	EXP 	Created square_4 = Rect(__class__=<class 'psychopy.visual.rect.Rect'>, autoDraw=False, autoLog=True, closeShape=True, color=method-wrapper(...), colorSpace=None, contrast=1.0, depth=-8.0, fillColor=array([1.   , 0.004, 0.004]), fillColorSpace='rgb', fillRGB=array([1.   , 0.004, 0.004]), interpolate=True, lineColor=None, lineColorSpace=None, lineRGB=None, lineWidth=1, name='square_4', opacity=1.0, ori=array(0.), pos=array([0.225, 0.225]), size=array([0.1, 0.1]), units='height', vertices=ndarray(...), win=Window(...))
5.3611 	EXP 	Created square_5 = Rect(__class__=<class 'psychopy.visual.rect.Rect'>, autoDraw=False, autoLog=True, closeShape=True, color=method-wrapper(...), colorSpace=None, contrast=1.0, depth=-9.0, fillColor=array([1.   , 0.004, 0.004]), fillColorSpace='rgb', fillRGB=array([1.   , 0.004, 0.004]), interpolate=True, lineColor=None, lineColorSpace=None, lineRGB=None, lineWidth=1, name='square_5', opacity=1.0, ori=array(0.), pos=array([-0.225,  0.075]), size=array([0.1, 0.1]), units='height', vertices=ndarray(...), win=Window(...))
5.3622 	EXP 	Created square_6 = Rect(__class__=<class 'psychopy.visual.rect.Rect'>, autoDraw=False, autoLog=True, closeShape=True, color=method-wrapper(...), colorSpace=None, contrast=1.0, depth=-10.0, fillColor=array([1.   , 0.004, 0.004]), fillColorSpace='rgb', fillRGB=array([1.   , 0.004, 0.004]), interpolate=True, lineColor=None, lineColorSpace=None, lineRGB=None, lineWidth=1, name='square_6', opacity=1.0, ori=array(0.), pos=array([-0.075,  0.075]), size=array([0.1, 0.1]), units='height', vertices=ndarray(...), win=Window(...))
5.3632 	EXP 	Created square_7 = Rect(__class__=<class 'psychopy.visual.rect.Rect'>, autoDraw=False, autoLog=True, closeShape=True, color=method-wrapper(...), colorSpace=None, contrast=1.0, depth=-11.0, fillColor=array([1.   , 0.004, 0.004]), fillColorSpace='rgb', fillRGB=array([1.   , 0.004, 0.004]), interpolate=True, lineColor=None, lineColorSpace=None, lineRGB=None, lineWidth=1, name='square_7', opacity=1.0, ori=array(0.), pos=array([0.075, 0.075]), size=array([0.1, 0.1]), units='height', vertices=ndarray(...), win=Window(...))
5.3642 	EXP 	Created square_8 = Rect(__class__=<class 'psychopy.visual.rect.Rect'>, autoDraw=False, autoLog=True, closeShape=True, color=method-wrapper(...), colorSpace=None, contrast=1.0, depth=-12.0, fillColor=array([1.   , 0.004, 0.004]), fillColorSpace='rgb', fillRGB=array([1.   , 0.004, 0.004]), interpolate=True, lineColor=None, lineColorSpace=None, lineRGB=None, lineWidth=1, name='square_8', opacity=1.0, ori=array(0.), pos=array([0.225, 0.075]), size=array([0.1, 0.1]), units='height', vertices=ndarray(...), win=Window(...))
5.3652 	EXP 	Created square_9 = Rect(__class__=<class 'psychopy.visual.rect.Rect'>, autoDraw=False, autoLog=True, closeShape=True, color=method-wrapper(...), colorSpace=None, contrast=1.0, depth=-13.0, fillColor=array([1.   , 0.004, 0.004]), fillColorSpace='rgb', fillRGB=array([1.   , 0.004, 0.004]), interpolate=True, lineColor=None, lineColorSpace=None, lineRGB=None, lineWidth=1, name='square_9', opacity=1.0, ori=array(0.), pos=array([-0.225, -0.075]), size=array([0.1, 0.1]), units='height', vertices=ndarray(...), win=Window(...))
5.3661 	EXP 	Created square_10 = Rect(__class__=<class 'psychopy.visual.rect.Rect'>, autoDraw=False, autoLog=True, closeShape=True, color=method-wrapper(...), colorSpace=None, contrast=1.0, depth=-14.0, fillColor=array([1.   , 0.004, 0.004]), fillColorSpace='rgb', fillRGB=array([1.   , 0.004, 0.004]), interpolate=True, lineColor=None, lineColorSpace=None, lineRGB=None, lineWidth=1, name='square_10', opacity=1.0, ori=array(0.), pos=array([-0.075, -0.075]), size=array([0.1, 0.1]), units='height', vertices=ndarray(...), win=Window(...))
5.3673 	EXP 	Created square_11 = Rect(__class__=<class 'psychopy.visual.rect.Rect'>, autoDraw=False, autoLog=True, closeShape=True, color=method-wrapper(...), colorSpace=None, contrast=1.0, depth=-15.0, fillColor=array([1.   , 0.004, 0.004]), fillColorSpace='rgb', fillRGB=array([1.   , 0.004, 0.004]), interpolate=True, lineColor=None, lineColorSpace=None, lineRGB=None, lineWidth=1, name='square_11', opacity=1.0, ori=array(0.), pos=array([ 0.075, -0.075]), size=array([0.1, 0.1]), units='height', vertices=ndarray(...), win=Window(...))
5.3682 	EXP 	Created square_12 = Rect(__class__=<class 'psychopy.visual.rect.Rect'>, autoDraw=False, autoLog=True, closeShape=True, color=method-wrapper(...), colorSpace=None, contrast=1.0, depth=-16.0, fillColor=array([1.   , 0.004, 0.004]), fillColorSpace='rgb', fillRGB=array([1.   , 0.004, 0.004]), interpolate=True, lineColor=None, lineColorSpace=None, lineRGB=None, lineWidth=1, name='square_12', opacity=1.0, ori=array(0.), pos=array([ 0.225, -0.075]), size=array([0.1, 0.1]), units='height', vertices=ndarray(...), win=Window(...))
5.3691 	EXP 	Created square_13 = Rect(__class__=<class 'psychopy.visual.rect.Rect'>, autoDraw=False, autoLog=True, closeShape=True, color=method-wrapper(...), colorSpace=None, contrast=1.0, depth=-17.0, fillColor=array([1.   , 0.004, 0.004]), fillColorSpace='rgb', fillRGB=array([1.   , 0.004, 0.004]), interpolate=True, lineColor=None, lineColorSpace=None, lineRGB=None, lineWidth=1, name='square_13', opacity=1.0, ori=array(0.), pos=array([-0.225, -0.225]), size=array([0.1, 0.1]), units='height', vertices=ndarray(...), win=Window(...))
5.3702 	EXP 	Created square_14 = Rect(__class__=<class 'psychopy.visual.rect.Rect'>, autoDraw=False, autoLog=True, closeShape=True, color=method-wrapper(...), colorSpace=None, contrast=1.0, depth=-18.0, fillColor=array([1.   , 0.004, 0.004]), fillColorSpace='rgb', fillRGB=array([1.   , 0.004, 0.004]), interpolate=True, lineColor=None, lineColorSpace=None, lineRGB=None, lineWidth=1, name='square_14', opacity=1.0, ori=array(0.), pos=array([-0.075, -0.225]), size=array([0.1, 0.1]), units='height', vertices=ndarray(...), win=Window(...))
5.3711 	EXP 	Created square_15 = Rect(__class__=<class 'psychopy.visual.rect.Rect'>, autoDraw=False, autoLog=True, closeShape=True, color=method-wrapper(...), colorSpace=None, contrast=1.0, depth=-19.0, fillColor=array([1.   , 0.004, 0.004]), fillColorSpace='rgb', fillRGB=array([1.   , 0.004, 0.004]), interpolate=True, lineColor=None, lineColorSpace=None, lineRGB=None, lineWidth=1, name='square_15', opacity=1.0, ori=array(0.), pos=array([ 0.075, -0.225]), size=array([0.1, 0.1]), units='height', vertices=ndarray(...), win=Window(...))
5.3720 	EXP 	Created square_16 = Rect(__class__=<class 'psychopy.visual.rect.Rect'>, autoDraw=False, autoLog=True, closeShape=True, color=method-wrapper(...), colorSpace=None, contrast=1.0, depth=-20.0, fillColor=array([1.   , 0.004, 0.004]), fillColorSpace='rgb', fillRGB=array([1.   , 0.004, 0.004]), interpolate=True, lineColor=None, lineColorSpace=None, lineRGB=None, lineWidth=1, name='square_16', opacity=1.0, ori=array(0.), pos=array([ 0.225, -0.225]), size=array([0.1, 0.1]), units='height', vertices=ndarray(...), win=Window(...))
6.3664 	EXP 	instuctions_1: autoDraw = True
6.7298 	DATA 	Keypress: space
6.7500 	EXP 	instuctions_1: autoDraw = False
7.7002 	EXP 	instuctions: autoDraw = True
8.0036 	DATA 	Keypress: space
8.0168 	EXP 	instuctions: autoDraw = False
8.0168 	EXP 	image_2: autoDraw = True
8.0168 	EXP 	polygon: autoDraw = True
10.0163 	EXP 	image_2: autoDraw = False
10.0163 	EXP 	polygon: autoDraw = False
10.9833 	EXP 	image: autoDraw = True
10.9833 	EXP 	text_4: autoDraw = True
11.9837 	EXP 	text_4: autoDraw = False
12.4881 	DATA 	Keypress: left
12.4993 	EXP 	image: autoDraw = False
12.4993 	EXP 	text_4: autoDraw = False
13.4832 	EXP 	text_3: autoDraw = True
14.3363 	DATA 	Keypress: space
14.3501 	EXP 	text_3: autoDraw = False
14.3501 	EXP 	trialselect: autoDraw = True
14.3501 	EXP 	text_5: autoDraw = True
16.2183 	DATA 	Mouse: Left button down, pos=(604,532)
16.2330 	EXP 	trialselect: autoDraw = False
16.2330 	EXP 	text_5: autoDraw = False
16.3024 	DATA 	Mouse:  Left button up, pos=(604,532)
17.2166 	EXP 	text_2: autoDraw = True
17.9945 	EXP 	Imported choose_cond.xlsx as conditions, 6 conditions, 1 params
17.9949 	EXP 	Created sequence: random, trialTypes=6, nReps=1, seed=None
17.9951 	EXP 	New trial (rep=0, index=0): OrderedDict([('condition_file', 'cond6.xlsx')])
18.0037 	EXP 	Imported cond6.xlsx as conditions, 5 conditions, 6 params
18.0040 	EXP 	Created sequence: random, trialTypes=5, nReps=1, seed=None
18.0044 	EXP 	New trial (rep=0, index=0): OrderedDict([('trial', 5), ('square_num', 8), ('square_pos', [0.225, 0.075]), ('square_corr', 'square_8'), ('picture', 'images/sym15.jpg'), ('sym_corr', 'left')])
18.0075 	DATA 	Keypress: space
18.0161 	EXP 	text_2: autoDraw = False
18.0161 	EXP 	square: pos = array([-0.075,  0.075])
18.0161 	EXP 	fixation_1: autoDraw = True
18.4999 	EXP 	grid: autoDraw = True
18.4999 	EXP 	square: autoDraw = True
18.5165 	EXP 	fixation_1: autoDraw = False
19.9841 	ERROR 	Couldn't find image images/sym15.jpg; check path? (tried: /Users/sabrinado/Desktop/symmetryspanwtrial-main/images/sym15.jpg)
20.3040 	EXP 	window1: mouseVisible = True
