0.3098 	WARNING 	We strongly recommend you activate the PTB sound engine in PsychoPy prefs as the preferred audio engine. Its timing is vastly superior. Your prefs are currently set to use ['sounddevice', 'PTB', 'pyo', 'pygame'] (in that order).
3.6636 	WARNING 	User requested fullscreen with size [1024  768], but screen is actually [1440, 900]. Using actual size
4.4440 	EXP 	Created window1 = Window(allowGUI=False, allowStencil=False, args=UNKNOWN, autoLog=True, bitsMode=UNKNOWN, blendMode='avg', bpc=(8, 8, 8), color=array([0., 0., 0.]), colorSpace='rgb', depthBits=8, fullscr=<method-wrapper '__getattribute__' of attributeSetter object at 0x1424a0cc0>, gamma=None, gammaErrorPolicy='raise', kwargs=UNKNOWN, lms=UNKNOWN, monitor=<psychopy.monitors.calibTools.Monitor object at 0x142568fd0>, multiSample=False, name='window1', numSamples=2, pos=[360.0, 225.0], screen=0, size=array([2880, 1800]), stencilBits=0, stereo=False, units='height', useFBO=True, useRetina=True, viewOri=0.0, viewPos=None, viewScale=None, waitBlanking=True, winType='pyglet')
4.4444 	EXP 	window1: mouseVisible = True
4.4444 	EXP 	window1: recordFrameIntervals = False
4.6101 	EXP 	window1: recordFrameIntervals = True
4.7931 	EXP 	window1: recordFrameIntervals = False
4.8898 	EXP 	Created instuctions_1 = TextStim(__class__=<class 'psychopy.visual.text.TextStim'>, alignHoriz=method-wrapper(...), alignText='center', alignVert=method-wrapper(...), anchorHoriz='center', anchorVert='center', antialias=True, autoLog=True, bold=False, color='white', colorSpace='named', contrast=1.0, depth=0.0, flipHoriz=False, flipVert=False, font='Arial', fontFiles=[], height=0.05, italic=False, languageStyle='LTR', name='instuctions_1', opacity=1.0, ori=0, pos=array([0., 0.]), rgb=array([255., 255., 255.]), text=str(...), units='height', win=Window(...), wrapWidth=1)
4.9298 	EXP 	Created instuctions = TextStim(__class__=<class 'psychopy.visual.text.TextStim'>, alignHoriz=method-wrapper(...), alignText='center', alignVert=method-wrapper(...), anchorHoriz='center', anchorVert='center', antialias=True, autoLog=True, bold=False, color='white', colorSpace='named', contrast=1.0, depth=0.0, flipHoriz=False, flipVert=False, font='Arial', fontFiles=[], height=0.05, italic=False, languageStyle='LTR', name='instuctions', opacity=1.0, ori=0, pos=array([0., 0.]), rgb=array([255., 255., 255.]), text=str(...), units='height', win=Window(...), wrapWidth=1)
5.0245 	EXP 	Created image_2 = ImageStim(__class__=<class 'psychopy.visual.image.ImageStim'>, autoLog=True, color=array([1., 1., 1.]), colorSpace='rgb', contrast=1.0, depth=0.0, flipHoriz=False, flipVert=False, image='grid.png', interpolate=True, mask=None, maskParams=None, name='image_2', opacity=1.0, ori=0.0, pos=array([0., 0.]), size=array([0.6, 0.6]), texRes=128, units='height', win=Window(...))
5.0259 	EXP 	Created polygon = Rect(__class__=<class 'psychopy.visual.rect.Rect'>, autoDraw=False, autoLog=True, closeShape=True, color=method-wrapper(...), colorSpace=None, contrast=1.0, depth=-1.0, fillColor=array([ 0.804, -1.   , -1.   ]), fillColorSpace='rgb', fillRGB=array([ 0.804, -1.   , -1.   ]), interpolate=True, lineColor=array([1., 1., 1.]), lineColorSpace='rgb', lineRGB=array([1., 1., 1.]), lineWidth=1, name='polygon', opacity=1.0, ori=array(0.), pos=array([-0.075,  0.075]), size=array([0.1, 0.1]), units='height', vertices=ndarray(...), win=Window(...))
5.0607 	EXP 	Created image = ImageStim(__class__=<class 'psychopy.visual.image.ImageStim'>, autoLog=True, color=array([1., 1., 1.]), colorSpace='rgb', contrast=1.0, depth=0.0, flipHoriz=False, flipVert=False, image='sym1.jpg', interpolate=True, mask=None, maskParams=None, name='image', opacity=1.0, ori=0.0, pos=array([0., 0.]), size=array([0.5, 0.5]), texRes=128, units='height', win=Window(...))
5.0965 	EXP 	Created text_4 = TextStim(__class__=<class 'psychopy.visual.text.TextStim'>, alignHoriz=method-wrapper(...), alignText='center', alignVert=method-wrapper(...), anchorHoriz='center', anchorVert='center', antialias=True, autoLog=True, bold=False, color='white', colorSpace='named', contrast=1.0, depth=-2.0, flipHoriz=False, flipVert=False, font='Arial', fontFiles=[], height=0.05, italic=False, languageStyle='LTR', name='text_4', opacity=1.0, ori=0, pos=array([ 0. , -0.4]), rgb=array([255., 255., 255.]), text='<-    symmetrical  |  non-symmetrical ->', units='height', win=Window(...), wrapWidth=1)
5.1072 	EXP 	Created text_3 = TextStim(__class__=<class 'psychopy.visual.text.TextStim'>, alignHoriz=method-wrapper(...), alignText='center', alignVert=method-wrapper(...), anchorHoriz='center', anchorVert='center', antialias=True, autoLog=True, bold=False, color='white', colorSpace='named', contrast=1.0, depth=0.0, flipHoriz=False, flipVert=False, font='Arial', fontFiles=[], height=0.05, italic=False, languageStyle='LTR', name='text_3', opacity=1.0, ori=0, pos=array([0., 0.]), rgb=array([255., 255., 255.]), text=str(...), units='height', win=Window(...), wrapWidth=1)
5.1790 	EXP 	Created trialselect = ImageStim(__class__=<class 'psychopy.visual.image.ImageStim'>, autoLog=True, color=array([1., 1., 1.]), colorSpace='rgb', contrast=1.0, depth=0.0, flipHoriz=False, flipVert=False, image='grid.png', interpolate=True, mask=None, maskParams=None, name='trialselect', opacity=1.0, ori=0.0, pos=array([0., 0.]), size=array([0.6, 0.6]), texRes=128, units='height', win=Window(...))
5.1791 	EXP 	window1: mouseVisible = True
5.1911 	EXP 	Created text_5 = TextStim(__class__=<class 'psychopy.visual.text.TextStim'>, alignHoriz=method-wrapper(...), alignText='center', alignVert=method-wrapper(...), anchorHoriz='center', anchorVert='center', antialias=True, autoLog=True, bold=False, color='white', colorSpace='named', contrast=1.0, depth=-2.0, flipHoriz=False, flipVert=False, font='Arial', fontFiles=[], height=0.03, italic=False, languageStyle='LTR', name='text_5', opacity=1.0, ori=0, pos=array([ 0. , -0.4]), rgb=array([255., 255., 255.]), text=str(...), units='height', win=Window(...), wrapWidth=1)
5.2323 	EXP 	Created text_2 = TextStim(__class__=<class 'psychopy.visual.text.TextStim'>, alignHoriz=method-wrapper(...), alignText='center', alignVert=method-wrapper(...), anchorHoriz='center', anchorVert='center', antialias=True, autoLog=True, bold=False, color='white', colorSpace='named', contrast=1.0, depth=-1.0, flipHoriz=False, flipVert=False, font='Arial', fontFiles=[], height=0.05, italic=False, languageStyle='LTR', name='text_2', opacity=1.0, ori=0, pos=array([0., 0.]), rgb=array([255., 255., 255.]), text=str(...), units='height', win=Window(...), wrapWidth=1)
5.2344 	EXP 	Created fixation_1 = TextStim(__class__=<class 'psychopy.visual.text.TextStim'>, alignHoriz=method-wrapper(...), alignText='center', alignVert=method-wrapper(...), anchorHoriz='center', anchorVert='center', antialias=True, autoLog=True, bold=False, color='white', colorSpace='named', contrast=1.0, depth=0.0, flipHoriz=False, flipVert=False, font='Arial', fontFiles=[], height=0.05, italic=False, languageStyle='LTR', name='fixation_1', opacity=1.0, ori=0, pos=array([0., 0.]), rgb=array([255., 255., 255.]), text='+', units='height', win=Window(...), wrapWidth=1)
5.2817 	EXP 	Created grid = ImageStim(__class__=<class 'psychopy.visual.image.ImageStim'>, autoLog=True, color=array([1., 1., 1.]), colorSpace='rgb', contrast=1.0, depth=-1.0, flipHoriz=False, flipVert=False, image='grid.png', interpolate=True, mask=None, maskParams=None, name='grid', opacity=1.0, ori=0.0, pos=array([0., 0.]), size=array([0.6, 0.6]), texRes=128, units='height', win=Window(...))
5.2828 	EXP 	Created square = Rect(__class__=<class 'psychopy.visual.rect.Rect'>, autoDraw=False, autoLog=True, closeShape=True, color=method-wrapper(...), colorSpace=None, contrast=1.0, depth=-2.0, fillColor=array([ 0.804, -1.   , -1.   ]), fillColorSpace='rgb', fillRGB=array([ 0.804, -1.   , -1.   ]), interpolate=True, lineColor=None, lineColorSpace=None, lineRGB=None, lineWidth=1, name='square', opacity=1.0, ori=array(0.), pos=array([0., 0.]), size=array([0.1, 0.1]), units='height', vertices=ndarray(...), win=Window(...))
5.2846 	EXP 	Created symmetry_grid = ImageStim(__class__=<class 'psychopy.visual.image.ImageStim'>, autoLog=True, color=array([1., 1., 1.]), colorSpace='rgb', contrast=1.0, depth=0.0, flipHoriz=False, flipVert=False, image='sin', interpolate=True, mask=None, maskParams=None, name='symmetry_grid', opacity=1.0, ori=0.0, pos=array([0., 0.]), size=array([0.5, 0.5]), texRes=128, units='height', win=Window(...))
5.3114 	EXP 	Created text = TextStim(__class__=<class 'psychopy.visual.text.TextStim'>, alignHoriz=method-wrapper(...), alignText='center', alignVert=method-wrapper(...), anchorHoriz='center', anchorVert='center', antialias=True, autoLog=True, bold=False, color='white', colorSpace='named', contrast=1.0, depth=-2.0, flipHoriz=False, flipVert=False, font='Arial', fontFiles=[], height=0.05, italic=False, languageStyle='LTR', name='text', opacity=1.0, ori=0, pos=array([ 0. , -0.4]), rgb=array([255., 255., 255.]), text='<-    symmetrical  |  non-symmetrical ->', units='height', win=Window(...), wrapWidth=1)
5.3182 	EXP 	Created recall_text = TextStim(__class__=<class 'psychopy.visual.text.TextStim'>, alignHoriz=method-wrapper(...), alignText='center', alignVert=method-wrapper(...), anchorHoriz='center', anchorVert='center', antialias=True, autoLog=True, bold=False, color='white', colorSpace='named', contrast=1.0, depth=0.0, flipHoriz=False, flipVert=False, font='Arial', fontFiles=[], height=0.05, italic=False, languageStyle='LTR', name='recall_text', opacity=1.0, ori=0, pos=array([0. , 0.4]), rgb=array([255., 255., 255.]), text='Recall', units='height', win=Window(...), wrapWidth=1)
5.3215 	EXP 	Created instructions_2 = TextStim(__class__=<class 'psychopy.visual.text.TextStim'>, alignHoriz=method-wrapper(...), alignText='center', alignVert=method-wrapper(...), anchorHoriz='center', anchorVert='center', antialias=True, autoLog=True, bold=False, color='white', colorSpace='named', contrast=1.0, depth=-1.0, flipHoriz=False, flipVert=False, font='Arial', fontFiles=[], height=0.03, italic=False, languageStyle='LTR', name='instructions_2', opacity=1.0, ori=0, pos=array([ 0. , -0.4]), rgb=array([255., 255., 255.]), text=str(...), units='height', win=Window(...), wrapWidth=1)
5.3228 	EXP 	Created fixation_2 = TextStim(__class__=<class 'psychopy.visual.text.TextStim'>, alignHoriz=method-wrapper(...), alignText='center', alignVert=method-wrapper(...), anchorHoriz='center', anchorVert='center', antialias=True, autoLog=True, bold=False, color='white', colorSpace='named', contrast=1.0, depth=-2.0, flipHoriz=False, flipVert=False, font='Arial', fontFiles=[], height=0.05, italic=False, languageStyle='LTR', name='fixation_2', opacity=1.0, ori=0, pos=array([0., 0.]), rgb=array([255., 255., 255.]), text='+', units='height', win=Window(...), wrapWidth=1)
5.3676 	EXP 	Created grid_2 = ImageStim(__class__=<class 'psychopy.visual.image.ImageStim'>, autoLog=True, color=array([1., 1., 1.]), colorSpace='rgb', contrast=1.0, depth=-3.0, flipHoriz=False, flipVert=False, image='grid.png', interpolate=True, mask=None, maskParams=None, name='grid_2', opacity=1.0, ori=0.0, pos=array([0., 0.]), size=array([0.6, 0.6]), texRes=128, units='height', win=Window(...))
5.3677 	EXP 	window1: mouseVisible = True
5.3689 	EXP 	Created square_1 = Rect(__class__=<class 'psychopy.visual.rect.Rect'>, autoDraw=False, autoLog=True, closeShape=True, color=method-wrapper(...), colorSpace=None, contrast=1.0, depth=-5.0, fillColor=array([1.   , 0.004, 0.004]), fillColorSpace='rgb', fillRGB=array([1.   , 0.004, 0.004]), interpolate=True, lineColor=None, lineColorSpace=None, lineRGB=None, lineWidth=1, name='square_1', opacity=1.0, ori=array(0.), pos=array([-0.225,  0.225]), size=array([0.1, 0.1]), units='height', vertices=ndarray(...), win=Window(...))
5.3700 	EXP 	Created square_2 = Rect(__class__=<class 'psychopy.visual.rect.Rect'>, autoDraw=False, autoLog=True, closeShape=True, color=method-wrapper(...), colorSpace=None, contrast=1.0, depth=-6.0, fillColor=array([1.   , 0.004, 0.004]), fillColorSpace='rgb', fillRGB=array([1.   , 0.004, 0.004]), interpolate=True, lineColor=None, lineColorSpace=None, lineRGB=None, lineWidth=1, name='square_2', opacity=1.0, ori=array(0.), pos=array([-0.075,  0.225]), size=array([0.1, 0.1]), units='height', vertices=ndarray(...), win=Window(...))
5.3710 	EXP 	Created square_3 = Rect(__class__=<class 'psychopy.visual.rect.Rect'>, autoDraw=False, autoLog=True, closeShape=True, color=method-wrapper(...), colorSpace=None, contrast=1.0, depth=-7.0, fillColor=array([1.   , 0.004, 0.004]), fillColorSpace='rgb', fillRGB=array([1.   , 0.004, 0.004]), interpolate=True, lineColor=None, lineColorSpace=None, lineRGB=None, lineWidth=1, name='square_3', opacity=1.0, ori=array(0.), pos=array([0.075, 0.225]), size=array([0.1, 0.1]), units='height', vertices=ndarray(...), win=Window(...))
5.3720 	EXP 	Created square_4 = Rect(__class__=<class 'psychopy.visual.rect.Rect'>, autoDraw=False, autoLog=True, closeShape=True, color=method-wrapper(...), colorSpace=None, contrast=1.0, depth=-8.0, fillColor=array([1.   , 0.004, 0.004]), fillColorSpace='rgb', fillRGB=array([1.   , 0.004, 0.004]), interpolate=True, lineColor=None, lineColorSpace=None, lineRGB=None, lineWidth=1, name='square_4', opacity=1.0, ori=array(0.), pos=array([0.225, 0.225]), size=array([0.1, 0.1]), units='height', vertices=ndarray(...), win=Window(...))
5.3730 	EXP 	Created square_5 = Rect(__class__=<class 'psychopy.visual.rect.Rect'>, autoDraw=False, autoLog=True, closeShape=True, color=method-wrapper(...), colorSpace=None, contrast=1.0, depth=-9.0, fillColor=array([1.   , 0.004, 0.004]), fillColorSpace='rgb', fillRGB=array([1.   , 0.004, 0.004]), interpolate=True, lineColor=None, lineColorSpace=None, lineRGB=None, lineWidth=1, name='square_5', opacity=1.0, ori=array(0.), pos=array([-0.225,  0.075]), size=array([0.1, 0.1]), units='height', vertices=ndarray(...), win=Window(...))
5.3740 	EXP 	Created square_6 = Rect(__class__=<class 'psychopy.visual.rect.Rect'>, autoDraw=False, autoLog=True, closeShape=True, color=method-wrapper(...), colorSpace=None, contrast=1.0, depth=-10.0, fillColor=array([1.   , 0.004, 0.004]), fillColorSpace='rgb', fillRGB=array([1.   , 0.004, 0.004]), interpolate=True, lineColor=None, lineColorSpace=None, lineRGB=None, lineWidth=1, name='square_6', opacity=1.0, ori=array(0.), pos=array([-0.075,  0.075]), size=array([0.1, 0.1]), units='height', vertices=ndarray(...), win=Window(...))
5.3750 	EXP 	Created square_7 = Rect(__class__=<class 'psychopy.visual.rect.Rect'>, autoDraw=False, autoLog=True, closeShape=True, color=method-wrapper(...), colorSpace=None, contrast=1.0, depth=-11.0, fillColor=array([1.   , 0.004, 0.004]), fillColorSpace='rgb', fillRGB=array([1.   , 0.004, 0.004]), interpolate=True, lineColor=None, lineColorSpace=None, lineRGB=None, lineWidth=1, name='square_7', opacity=1.0, ori=array(0.), pos=array([0.075, 0.075]), size=array([0.1, 0.1]), units='height', vertices=ndarray(...), win=Window(...))
5.3759 	EXP 	Created square_8 = Rect(__class__=<class 'psychopy.visual.rect.Rect'>, autoDraw=False, autoLog=True, closeShape=True, color=method-wrapper(...), colorSpace=None, contrast=1.0, depth=-12.0, fillColor=array([1.   , 0.004, 0.004]), fillColorSpace='rgb', fillRGB=array([1.   , 0.004, 0.004]), interpolate=True, lineColor=None, lineColorSpace=None, lineRGB=None, lineWidth=1, name='square_8', opacity=1.0, ori=array(0.), pos=array([0.225, 0.075]), size=array([0.1, 0.1]), units='height', vertices=ndarray(...), win=Window(...))
5.3769 	EXP 	Created square_9 = Rect(__class__=<class 'psychopy.visual.rect.Rect'>, autoDraw=False, autoLog=True, closeShape=True, color=method-wrapper(...), colorSpace=None, contrast=1.0, depth=-13.0, fillColor=array([1.   , 0.004, 0.004]), fillColorSpace='rgb', fillRGB=array([1.   , 0.004, 0.004]), interpolate=True, lineColor=None, lineColorSpace=None, lineRGB=None, lineWidth=1, name='square_9', opacity=1.0, ori=array(0.), pos=array([-0.225, -0.075]), size=array([0.1, 0.1]), units='height', vertices=ndarray(...), win=Window(...))
5.3779 	EXP 	Created square_10 = Rect(__class__=<class 'psychopy.visual.rect.Rect'>, autoDraw=False, autoLog=True, closeShape=True, color=method-wrapper(...), colorSpace=None, contrast=1.0, depth=-14.0, fillColor=array([1.   , 0.004, 0.004]), fillColorSpace='rgb', fillRGB=array([1.   , 0.004, 0.004]), interpolate=True, lineColor=None, lineColorSpace=None, lineRGB=None, lineWidth=1, name='square_10', opacity=1.0, ori=array(0.), pos=array([-0.075, -0.075]), size=array([0.1, 0.1]), units='height', vertices=ndarray(...), win=Window(...))
5.3788 	EXP 	Created square_11 = Rect(__class__=<class 'psychopy.visual.rect.Rect'>, autoDraw=False, autoLog=True, closeShape=True, color=method-wrapper(...), colorSpace=None, contrast=1.0, depth=-15.0, fillColor=array([1.   , 0.004, 0.004]), fillColorSpace='rgb', fillRGB=array([1.   , 0.004, 0.004]), interpolate=True, lineColor=None, lineColorSpace=None, lineRGB=None, lineWidth=1, name='square_11', opacity=1.0, ori=array(0.), pos=array([ 0.075, -0.075]), size=array([0.1, 0.1]), units='height', vertices=ndarray(...), win=Window(...))
5.3797 	EXP 	Created square_12 = Rect(__class__=<class 'psychopy.visual.rect.Rect'>, autoDraw=False, autoLog=True, closeShape=True, color=method-wrapper(...), colorSpace=None, contrast=1.0, depth=-16.0, fillColor=array([1.   , 0.004, 0.004]), fillColorSpace='rgb', fillRGB=array([1.   , 0.004, 0.004]), interpolate=True, lineColor=None, lineColorSpace=None, lineRGB=None, lineWidth=1, name='square_12', opacity=1.0, ori=array(0.), pos=array([ 0.225, -0.075]), size=array([0.1, 0.1]), units='height', vertices=ndarray(...), win=Window(...))
5.3806 	EXP 	Created square_13 = Rect(__class__=<class 'psychopy.visual.rect.Rect'>, autoDraw=False, autoLog=True, closeShape=True, color=method-wrapper(...), colorSpace=None, contrast=1.0, depth=-17.0, fillColor=array([1.   , 0.004, 0.004]), fillColorSpace='rgb', fillRGB=array([1.   , 0.004, 0.004]), interpolate=True, lineColor=None, lineColorSpace=None, lineRGB=None, lineWidth=1, name='square_13', opacity=1.0, ori=array(0.), pos=array([-0.225, -0.225]), size=array([0.1, 0.1]), units='height', vertices=ndarray(...), win=Window(...))
5.3815 	EXP 	Created square_14 = Rect(__class__=<class 'psychopy.visual.rect.Rect'>, autoDraw=False, autoLog=True, closeShape=True, color=method-wrapper(...), colorSpace=None, contrast=1.0, depth=-18.0, fillColor=array([1.   , 0.004, 0.004]), fillColorSpace='rgb', fillRGB=array([1.   , 0.004, 0.004]), interpolate=True, lineColor=None, lineColorSpace=None, lineRGB=None, lineWidth=1, name='square_14', opacity=1.0, ori=array(0.), pos=array([-0.075, -0.225]), size=array([0.1, 0.1]), units='height', vertices=ndarray(...), win=Window(...))
5.3824 	EXP 	Created square_15 = Rect(__class__=<class 'psychopy.visual.rect.Rect'>, autoDraw=False, autoLog=True, closeShape=True, color=method-wrapper(...), colorSpace=None, contrast=1.0, depth=-19.0, fillColor=array([1.   , 0.004, 0.004]), fillColorSpace='rgb', fillRGB=array([1.   , 0.004, 0.004]), interpolate=True, lineColor=None, lineColorSpace=None, lineRGB=None, lineWidth=1, name='square_15', opacity=1.0, ori=array(0.), pos=array([ 0.075, -0.225]), size=array([0.1, 0.1]), units='height', vertices=ndarray(...), win=Window(...))
5.3835 	EXP 	Created square_16 = Rect(__class__=<class 'psychopy.visual.rect.Rect'>, autoDraw=False, autoLog=True, closeShape=True, color=method-wrapper(...), colorSpace=None, contrast=1.0, depth=-20.0, fillColor=array([1.   , 0.004, 0.004]), fillColorSpace='rgb', fillRGB=array([1.   , 0.004, 0.004]), interpolate=True, lineColor=None, lineColorSpace=None, lineRGB=None, lineWidth=1, name='square_16', opacity=1.0, ori=array(0.), pos=array([ 0.225, -0.225]), size=array([0.1, 0.1]), units='height', vertices=ndarray(...), win=Window(...))
6.3925 	EXP 	instuctions_1: autoDraw = True
6.8259 	DATA 	Keypress: space
6.8463 	EXP 	instuctions_1: autoDraw = False
7.8119 	EXP 	instuctions: autoDraw = True
8.1465 	DATA 	Keypress: space
8.1628 	EXP 	instuctions: autoDraw = False
8.1628 	EXP 	image_2: autoDraw = True
8.1628 	EXP 	polygon: autoDraw = True
10.1459 	EXP 	image_2: autoDraw = False
10.1459 	EXP 	polygon: autoDraw = False
11.1130 	EXP 	image: autoDraw = True
11.1130 	EXP 	text_4: autoDraw = True
12.1128 	EXP 	text_4: autoDraw = False
12.3819 	DATA 	Keypress: left
12.3960 	EXP 	image: autoDraw = False
12.3960 	EXP 	text_4: autoDraw = False
13.3630 	EXP 	text_3: autoDraw = True
14.0647 	DATA 	Keypress: space
14.0798 	EXP 	text_3: autoDraw = False
14.0798 	EXP 	trialselect: autoDraw = True
14.0798 	EXP 	text_5: autoDraw = True
15.4961 	DATA 	Mouse: Left button down, pos=(640,527)
15.5133 	EXP 	trialselect: autoDraw = False
15.5133 	EXP 	text_5: autoDraw = False
15.5954 	DATA 	Mouse:  Left button up, pos=(640,527)
16.4953 	EXP 	text_2: autoDraw = True
17.1059 	EXP 	Imported choose_cond.xlsx as conditions, 6 conditions, 1 params
17.1065 	EXP 	Created sequence: random, trialTypes=6, nReps=1, seed=None
17.1067 	EXP 	New trial (rep=0, index=0): OrderedDict([('condition_file', 'cond2.xlsx')])
17.1142 	EXP 	Imported cond2.xlsx as conditions, 5 conditions, 6 params
17.1144 	EXP 	Created sequence: random, trialTypes=5, nReps=1, seed=None
17.1147 	EXP 	New trial (rep=0, index=0): OrderedDict([('trial', 4), ('square_num', 11), ('square_pos', [0.075, -0.075]), ('square_corr', 'square_11'), ('picture', 'images/nsym5.jpg'), ('sym_corr', 'right')])
17.1174 	DATA 	Keypress: space
17.1281 	EXP 	text_2: autoDraw = False
17.1281 	EXP 	square: pos = array([-0.075,  0.075])
17.1281 	EXP 	fixation_1: autoDraw = True
17.6120 	EXP 	grid: autoDraw = True
17.6120 	EXP 	square: autoDraw = True
17.6294 	EXP 	fixation_1: autoDraw = False
19.1461 	EXP 	grid: autoDraw = False
19.1461 	EXP 	square: autoDraw = False
19.1461 	EXP 	fixation_1: autoDraw = False
19.1461 	EXP 	grid: autoDraw = False
19.1461 	EXP 	square: autoDraw = False
19.1461 	EXP 	symmetry_grid: image = 'images/nsym5.jpg'
19.1461 	EXP 	symmetry_grid: autoDraw = True
19.1461 	EXP 	text: autoDraw = True
20.9803 	EXP 	New trial (rep=0, index=1): OrderedDict([('trial', 1), ('square_num', 11), ('square_pos', [0.075, -0.075]), ('square_corr', 'square_11'), ('picture', 'images/nsym3.jpg'), ('sym_corr', 'right')])
20.9827 	DATA 	Keypress: left
20.9956 	EXP 	symmetry_grid: autoDraw = False
20.9956 	EXP 	text: autoDraw = False
20.9956 	EXP 	square: pos = array([-0.075,  0.075])
20.9956 	EXP 	fixation_1: autoDraw = True
21.4794 	EXP 	grid: autoDraw = True
21.4794 	EXP 	square: autoDraw = True
21.4961 	EXP 	fixation_1: autoDraw = False
22.3488 	DATA 	Mouse: Left button down, pos=(640,527)
22.4476 	DATA 	Mouse:  Left button up, pos=(640,527)
22.7651 	DATA 	Mouse: Left button down, pos=(826,514)
22.8486 	DATA 	Mouse:  Left button up, pos=(827,514)
23.0122 	EXP 	grid: autoDraw = False
23.0122 	EXP 	square: autoDraw = False
23.0122 	EXP 	fixation_1: autoDraw = False
23.0122 	EXP 	grid: autoDraw = False
23.0122 	EXP 	square: autoDraw = False
23.0122 	EXP 	symmetry_grid: image = 'images/nsym3.jpg'
23.0122 	EXP 	symmetry_grid: autoDraw = True
23.0122 	EXP 	text: autoDraw = True
23.5494 	DATA 	Keypress: escape
23.9040 	EXP 	window1: mouseVisible = True
