0.3042 	WARNING 	We strongly recommend you activate the PTB sound engine in PsychoPy prefs as the preferred audio engine. Its timing is vastly superior. Your prefs are currently set to use ['sounddevice', 'PTB', 'pyo', 'pygame'] (in that order).
4.0562 	WARNING 	User requested fullscreen with size [1024  768], but screen is actually [1440, 900]. Using actual size
4.8328 	EXP 	Created window1 = Window(allowGUI=False, allowStencil=False, args=UNKNOWN, autoLog=True, bitsMode=UNKNOWN, blendMode='avg', bpc=(8, 8, 8), color=array([0., 0., 0.]), colorSpace='rgb', depthBits=8, fullscr=<method-wrapper '__getattribute__' of attributeSetter object at 0x1422679e8>, gamma=None, gammaErrorPolicy='raise', kwargs=UNKNOWN, lms=UNKNOWN, monitor=<psychopy.monitors.calibTools.Monitor object at 0x141fd6470>, multiSample=False, name='window1', numSamples=2, pos=[360.0, 225.0], screen=0, size=array([2880, 1800]), stencilBits=0, stereo=False, units='height', useFBO=True, useRetina=True, viewOri=0.0, viewPos=None, viewScale=None, waitBlanking=True, winType='pyglet')
4.8331 	EXP 	window1: mouseVisible = True
4.8332 	EXP 	window1: recordFrameIntervals = False
4.9985 	EXP 	window1: recordFrameIntervals = True
5.1811 	EXP 	window1: recordFrameIntervals = False
5.2812 	EXP 	Created instuctions_1 = TextStim(__class__=<class 'psychopy.visual.text.TextStim'>, alignHoriz=method-wrapper(...), alignText='center', alignVert=method-wrapper(...), anchorHoriz='center', anchorVert='center', antialias=True, autoLog=True, bold=False, color='white', colorSpace='named', contrast=1.0, depth=0.0, flipHoriz=False, flipVert=False, font='Arial', fontFiles=[], height=0.05, italic=False, languageStyle='LTR', name='instuctions_1', opacity=1.0, ori=0, pos=array([0., 0.]), rgb=array([255., 255., 255.]), text=str(...), units='height', win=Window(...), wrapWidth=1)
5.3250 	EXP 	Created instuctions = TextStim(__class__=<class 'psychopy.visual.text.TextStim'>, alignHoriz=method-wrapper(...), alignText='center', alignVert=method-wrapper(...), anchorHoriz='center', anchorVert='center', antialias=True, autoLog=True, bold=False, color='white', colorSpace='named', contrast=1.0, depth=0.0, flipHoriz=False, flipVert=False, font='Arial', fontFiles=[], height=0.05, italic=False, languageStyle='LTR', name='instuctions', opacity=1.0, ori=0, pos=array([0., 0.]), rgb=array([255., 255., 255.]), text=str(...), units='height', win=Window(...), wrapWidth=1)
5.4229 	EXP 	Created image_2 = ImageStim(__class__=<class 'psychopy.visual.image.ImageStim'>, autoLog=True, color=array([1., 1., 1.]), colorSpace='rgb', contrast=1.0, depth=0.0, flipHoriz=False, flipVert=False, image='grid.png', interpolate=True, mask=None, maskParams=None, name='image_2', opacity=1.0, ori=0.0, pos=array([0., 0.]), size=array([0.6, 0.6]), texRes=128, units='height', win=Window(...))
5.4243 	EXP 	Created polygon = Rect(__class__=<class 'psychopy.visual.rect.Rect'>, autoDraw=False, autoLog=True, closeShape=True, color=method-wrapper(...), colorSpace=None, contrast=1.0, depth=-1.0, fillColor=array([ 0.804, -1.   , -1.   ]), fillColorSpace='rgb', fillRGB=array([ 0.804, -1.   , -1.   ]), interpolate=True, lineColor=array([1., 1., 1.]), lineColorSpace='rgb', lineRGB=array([1., 1., 1.]), lineWidth=1, name='polygon', opacity=1.0, ori=array(0.), pos=array([-0.075,  0.075]), size=array([0.1, 0.1]), units='height', vertices=ndarray(...), win=Window(...))
5.4793 	EXP 	Created text_2 = TextStim(__class__=<class 'psychopy.visual.text.TextStim'>, alignHoriz=method-wrapper(...), alignText='center', alignVert=method-wrapper(...), anchorHoriz='center', anchorVert='center', antialias=True, autoLog=True, bold=False, color='white', colorSpace='named', contrast=1.0, depth=-1.0, flipHoriz=False, flipVert=False, font='Arial', fontFiles=[], height=0.05, italic=False, languageStyle='LTR', name='text_2', opacity=1.0, ori=0, pos=array([0., 0.]), rgb=array([255., 255., 255.]), text=str(...), units='height', win=Window(...), wrapWidth=1)
5.5112 	EXP 	Created text_6 = TextStim(__class__=<class 'psychopy.visual.text.TextStim'>, alignHoriz=method-wrapper(...), alignText='center', alignVert=method-wrapper(...), anchorHoriz='center', anchorVert='center', antialias=True, autoLog=True, bold=False, color='white', colorSpace='named', contrast=1.0, depth=-1.0, flipHoriz=False, flipVert=False, font='Arial', fontFiles=[], height=0.05, italic=False, languageStyle='LTR', name='text_6', opacity=1.0, ori=0, pos=array([0., 0.]), rgb=array([255., 255., 255.]), text=str(...), units='height', win=Window(...), wrapWidth=1)
5.5468 	EXP 	Created image = ImageStim(__class__=<class 'psychopy.visual.image.ImageStim'>, autoLog=True, color=array([1., 1., 1.]), colorSpace='rgb', contrast=1.0, depth=0.0, flipHoriz=False, flipVert=False, image='sym1.jpg', interpolate=True, mask=None, maskParams=None, name='image', opacity=1.0, ori=0.0, pos=array([0., 0.]), size=array([0.5, 0.5]), texRes=128, units='height', win=Window(...))
5.5765 	EXP 	Created text_4 = TextStim(__class__=<class 'psychopy.visual.text.TextStim'>, alignHoriz=method-wrapper(...), alignText='center', alignVert=method-wrapper(...), anchorHoriz='center', anchorVert='center', antialias=True, autoLog=True, bold=False, color='white', colorSpace='named', contrast=1.0, depth=-2.0, flipHoriz=False, flipVert=False, font='Arial', fontFiles=[], height=0.05, italic=False, languageStyle='LTR', name='text_4', opacity=1.0, ori=0, pos=array([ 0. , -0.4]), rgb=array([255., 255., 255.]), text='<-    symmetrical  |  non-symmetrical ->', units='height', win=Window(...), wrapWidth=1)
5.5878 	EXP 	Created text_3 = TextStim(__class__=<class 'psychopy.visual.text.TextStim'>, alignHoriz=method-wrapper(...), alignText='center', alignVert=method-wrapper(...), anchorHoriz='center', anchorVert='center', antialias=True, autoLog=True, bold=False, color='white', colorSpace='named', contrast=1.0, depth=0.0, flipHoriz=False, flipVert=False, font='Arial', fontFiles=[], height=0.05, italic=False, languageStyle='LTR', name='text_3', opacity=1.0, ori=0, pos=array([0., 0.]), rgb=array([255., 255., 255.]), text=str(...), units='height', win=Window(...), wrapWidth=1)
5.6596 	EXP 	Created trialselect = ImageStim(__class__=<class 'psychopy.visual.image.ImageStim'>, autoLog=True, color=array([1., 1., 1.]), colorSpace='rgb', contrast=1.0, depth=0.0, flipHoriz=False, flipVert=False, image='grid.png', interpolate=True, mask=None, maskParams=None, name='trialselect', opacity=1.0, ori=0.0, pos=array([0., 0.]), size=array([0.6, 0.6]), texRes=128, units='height', win=Window(...))
5.6598 	EXP 	window1: mouseVisible = True
5.6719 	EXP 	Created text_5 = TextStim(__class__=<class 'psychopy.visual.text.TextStim'>, alignHoriz=method-wrapper(...), alignText='center', alignVert=method-wrapper(...), anchorHoriz='center', anchorVert='center', antialias=True, autoLog=True, bold=False, color='white', colorSpace='named', contrast=1.0, depth=-2.0, flipHoriz=False, flipVert=False, font='Arial', fontFiles=[], height=0.03, italic=False, languageStyle='LTR', name='text_5', opacity=1.0, ori=0, pos=array([ 0. , -0.4]), rgb=array([255., 255., 255.]), text=str(...), units='height', win=Window(...), wrapWidth=1)
5.7007 	EXP 	Created text_7 = TextStim(__class__=<class 'psychopy.visual.text.TextStim'>, alignHoriz=method-wrapper(...), alignText='center', alignVert=method-wrapper(...), anchorHoriz='center', anchorVert='center', antialias=True, autoLog=True, bold=False, color='white', colorSpace='named', contrast=1.0, depth=-1.0, flipHoriz=False, flipVert=False, font='Arial', fontFiles=[], height=0.05, italic=False, languageStyle='LTR', name='text_7', opacity=1.0, ori=0, pos=array([0., 0.]), rgb=array([255., 255., 255.]), text=str(...), units='height', win=Window(...), wrapWidth=1)
5.7028 	EXP 	Created fixation_1 = TextStim(__class__=<class 'psychopy.visual.text.TextStim'>, alignHoriz=method-wrapper(...), alignText='center', alignVert=method-wrapper(...), anchorHoriz='center', anchorVert='center', antialias=True, autoLog=True, bold=False, color='white', colorSpace='named', contrast=1.0, depth=0.0, flipHoriz=False, flipVert=False, font='Arial', fontFiles=[], height=0.05, italic=False, languageStyle='LTR', name='fixation_1', opacity=1.0, ori=0, pos=array([0., 0.]), rgb=array([255., 255., 255.]), text='+', units='height', win=Window(...), wrapWidth=1)
5.7501 	EXP 	Created grid = ImageStim(__class__=<class 'psychopy.visual.image.ImageStim'>, autoLog=True, color=array([1., 1., 1.]), colorSpace='rgb', contrast=1.0, depth=-1.0, flipHoriz=False, flipVert=False, image='grid.png', interpolate=True, mask=None, maskParams=None, name='grid', opacity=1.0, ori=0.0, pos=array([0., 0.]), size=array([0.6, 0.6]), texRes=512, units='height', win=Window(...))
5.7512 	EXP 	Created square = Rect(__class__=<class 'psychopy.visual.rect.Rect'>, autoDraw=False, autoLog=True, closeShape=True, color=method-wrapper(...), colorSpace=None, contrast=1.0, depth=-2.0, fillColor=array([ 0.804, -1.   , -1.   ]), fillColorSpace='rgb', fillRGB=array([ 0.804, -1.   , -1.   ]), interpolate=True, lineColor=None, lineColorSpace=None, lineRGB=None, lineWidth=1, name='square', opacity=1.0, ori=array(0.), pos=array([0., 0.]), size=array([0.1, 0.1]), units='height', vertices=ndarray(...), win=Window(...))
5.7529 	EXP 	Created symmetry_grid = ImageStim(__class__=<class 'psychopy.visual.image.ImageStim'>, autoLog=True, color=array([1., 1., 1.]), colorSpace='rgb', contrast=1.0, depth=0.0, flipHoriz=False, flipVert=False, image='sin', interpolate=True, mask=None, maskParams=None, name='symmetry_grid', opacity=1.0, ori=0.0, pos=array([0., 0.]), size=array([0.5, 0.5]), texRes=128, units='height', win=Window(...))
5.7805 	EXP 	Created text = TextStim(__class__=<class 'psychopy.visual.text.TextStim'>, alignHoriz=method-wrapper(...), alignText='center', alignVert=method-wrapper(...), anchorHoriz='center', anchorVert='center', antialias=True, autoLog=True, bold=False, color='white', colorSpace='named', contrast=1.0, depth=-2.0, flipHoriz=False, flipVert=False, font='Arial', fontFiles=[], height=0.05, italic=False, languageStyle='LTR', name='text', opacity=1.0, ori=0, pos=array([ 0. , -0.4]), rgb=array([255., 255., 255.]), text='<-    symmetrical  |  non-symmetrical ->', units='height', win=Window(...), wrapWidth=1)
5.7892 	EXP 	Created recall_text = TextStim(__class__=<class 'psychopy.visual.text.TextStim'>, alignHoriz=method-wrapper(...), alignText='center', alignVert=method-wrapper(...), anchorHoriz='center', anchorVert='center', antialias=True, autoLog=True, bold=False, color='white', colorSpace='named', contrast=1.0, depth=0.0, flipHoriz=False, flipVert=False, font='Arial', fontFiles=[], height=0.05, italic=False, languageStyle='LTR', name='recall_text', opacity=1.0, ori=0, pos=array([0. , 0.4]), rgb=array([255., 255., 255.]), text='Recall', units='height', win=Window(...), wrapWidth=1)
5.7931 	EXP 	Created instructions_2 = TextStim(__class__=<class 'psychopy.visual.text.TextStim'>, alignHoriz=method-wrapper(...), alignText='center', alignVert=method-wrapper(...), anchorHoriz='center', anchorVert='center', antialias=True, autoLog=True, bold=False, color='white', colorSpace='named', contrast=1.0, depth=-1.0, flipHoriz=False, flipVert=False, font='Arial', fontFiles=[], height=0.03, italic=False, languageStyle='LTR', name='instructions_2', opacity=1.0, ori=0, pos=array([ 0. , -0.4]), rgb=array([255., 255., 255.]), text=str(...), units='height', win=Window(...), wrapWidth=1)
5.7943 	EXP 	Created fixation_2 = TextStim(__class__=<class 'psychopy.visual.text.TextStim'>, alignHoriz=method-wrapper(...), alignText='center', alignVert=method-wrapper(...), anchorHoriz='center', anchorVert='center', antialias=True, autoLog=True, bold=False, color='white', colorSpace='named', contrast=1.0, depth=-2.0, flipHoriz=False, flipVert=False, font='Arial', fontFiles=[], height=0.05, italic=False, languageStyle='LTR', name='fixation_2', opacity=1.0, ori=0, pos=array([0., 0.]), rgb=array([255., 255., 255.]), text='+', units='height', win=Window(...), wrapWidth=1)
5.8403 	EXP 	Created grid_2 = ImageStim(__class__=<class 'psychopy.visual.image.ImageStim'>, autoLog=True, color=array([1., 1., 1.]), colorSpace='rgb', contrast=1.0, depth=-3.0, flipHoriz=False, flipVert=False, image='grid.png', interpolate=True, mask=None, maskParams=None, name='grid_2', opacity=1.0, ori=0.0, pos=array([0., 0.]), size=array([0.6, 0.6]), texRes=128, units='height', win=Window(...))
5.8405 	EXP 	window1: mouseVisible = True
5.8417 	EXP 	Created square_1 = Rect(__class__=<class 'psychopy.visual.rect.Rect'>, autoDraw=False, autoLog=True, closeShape=True, color=method-wrapper(...), colorSpace=None, contrast=1.0, depth=-5.0, fillColor=array([1.   , 0.004, 0.004]), fillColorSpace='rgb', fillRGB=array([1.   , 0.004, 0.004]), interpolate=True, lineColor=None, lineColorSpace=None, lineRGB=None, lineWidth=1, name='square_1', opacity=1.0, ori=array(0.), pos=array([-0.225,  0.225]), size=array([0.1, 0.1]), units='height', vertices=ndarray(...), win=Window(...))
5.8428 	EXP 	Created square_2 = Rect(__class__=<class 'psychopy.visual.rect.Rect'>, autoDraw=False, autoLog=True, closeShape=True, color=method-wrapper(...), colorSpace=None, contrast=1.0, depth=-6.0, fillColor=array([1.   , 0.004, 0.004]), fillColorSpace='rgb', fillRGB=array([1.   , 0.004, 0.004]), interpolate=True, lineColor=None, lineColorSpace=None, lineRGB=None, lineWidth=1, name='square_2', opacity=1.0, ori=array(0.), pos=array([-0.075,  0.225]), size=array([0.1, 0.1]), units='height', vertices=ndarray(...), win=Window(...))
5.8438 	EXP 	Created square_3 = Rect(__class__=<class 'psychopy.visual.rect.Rect'>, autoDraw=False, autoLog=True, closeShape=True, color=method-wrapper(...), colorSpace=None, contrast=1.0, depth=-7.0, fillColor=array([1.   , 0.004, 0.004]), fillColorSpace='rgb', fillRGB=array([1.   , 0.004, 0.004]), interpolate=True, lineColor=None, lineColorSpace=None, lineRGB=None, lineWidth=1, name='square_3', opacity=1.0, ori=array(0.), pos=array([0.075, 0.225]), size=array([0.1, 0.1]), units='height', vertices=ndarray(...), win=Window(...))
5.8448 	EXP 	Created square_4 = Rect(__class__=<class 'psychopy.visual.rect.Rect'>, autoDraw=False, autoLog=True, closeShape=True, color=method-wrapper(...), colorSpace=None, contrast=1.0, depth=-8.0, fillColor=array([1.   , 0.004, 0.004]), fillColorSpace='rgb', fillRGB=array([1.   , 0.004, 0.004]), interpolate=True, lineColor=None, lineColorSpace=None, lineRGB=None, lineWidth=1, name='square_4', opacity=1.0, ori=array(0.), pos=array([0.225, 0.225]), size=array([0.1, 0.1]), units='height', vertices=ndarray(...), win=Window(...))
5.8458 	EXP 	Created square_5 = Rect(__class__=<class 'psychopy.visual.rect.Rect'>, autoDraw=False, autoLog=True, closeShape=True, color=method-wrapper(...), colorSpace=None, contrast=1.0, depth=-9.0, fillColor=array([1.   , 0.004, 0.004]), fillColorSpace='rgb', fillRGB=array([1.   , 0.004, 0.004]), interpolate=True, lineColor=None, lineColorSpace=None, lineRGB=None, lineWidth=1, name='square_5', opacity=1.0, ori=array(0.), pos=array([-0.225,  0.075]), size=array([0.1, 0.1]), units='height', vertices=ndarray(...), win=Window(...))
5.8467 	EXP 	Created square_6 = Rect(__class__=<class 'psychopy.visual.rect.Rect'>, autoDraw=False, autoLog=True, closeShape=True, color=method-wrapper(...), colorSpace=None, contrast=1.0, depth=-10.0, fillColor=array([1.   , 0.004, 0.004]), fillColorSpace='rgb', fillRGB=array([1.   , 0.004, 0.004]), interpolate=True, lineColor=None, lineColorSpace=None, lineRGB=None, lineWidth=1, name='square_6', opacity=1.0, ori=array(0.), pos=array([-0.075,  0.075]), size=array([0.1, 0.1]), units='height', vertices=ndarray(...), win=Window(...))
5.8477 	EXP 	Created square_7 = Rect(__class__=<class 'psychopy.visual.rect.Rect'>, autoDraw=False, autoLog=True, closeShape=True, color=method-wrapper(...), colorSpace=None, contrast=1.0, depth=-11.0, fillColor=array([1.   , 0.004, 0.004]), fillColorSpace='rgb', fillRGB=array([1.   , 0.004, 0.004]), interpolate=True, lineColor=None, lineColorSpace=None, lineRGB=None, lineWidth=1, name='square_7', opacity=1.0, ori=array(0.), pos=array([0.075, 0.075]), size=array([0.1, 0.1]), units='height', vertices=ndarray(...), win=Window(...))
5.8486 	EXP 	Created square_8 = Rect(__class__=<class 'psychopy.visual.rect.Rect'>, autoDraw=False, autoLog=True, closeShape=True, color=method-wrapper(...), colorSpace=None, contrast=1.0, depth=-12.0, fillColor=array([1.   , 0.004, 0.004]), fillColorSpace='rgb', fillRGB=array([1.   , 0.004, 0.004]), interpolate=True, lineColor=None, lineColorSpace=None, lineRGB=None, lineWidth=1, name='square_8', opacity=1.0, ori=array(0.), pos=array([0.225, 0.075]), size=array([0.1, 0.1]), units='height', vertices=ndarray(...), win=Window(...))
5.8497 	EXP 	Created square_9 = Rect(__class__=<class 'psychopy.visual.rect.Rect'>, autoDraw=False, autoLog=True, closeShape=True, color=method-wrapper(...), colorSpace=None, contrast=1.0, depth=-13.0, fillColor=array([1.   , 0.004, 0.004]), fillColorSpace='rgb', fillRGB=array([1.   , 0.004, 0.004]), interpolate=True, lineColor=None, lineColorSpace=None, lineRGB=None, lineWidth=1, name='square_9', opacity=1.0, ori=array(0.), pos=array([-0.225, -0.075]), size=array([0.1, 0.1]), units='height', vertices=ndarray(...), win=Window(...))
5.8506 	EXP 	Created square_10 = Rect(__class__=<class 'psychopy.visual.rect.Rect'>, autoDraw=False, autoLog=True, closeShape=True, color=method-wrapper(...), colorSpace=None, contrast=1.0, depth=-14.0, fillColor=array([1.   , 0.004, 0.004]), fillColorSpace='rgb', fillRGB=array([1.   , 0.004, 0.004]), interpolate=True, lineColor=None, lineColorSpace=None, lineRGB=None, lineWidth=1, name='square_10', opacity=1.0, ori=array(0.), pos=array([-0.075, -0.075]), size=array([0.1, 0.1]), units='height', vertices=ndarray(...), win=Window(...))
5.8515 	EXP 	Created square_11 = Rect(__class__=<class 'psychopy.visual.rect.Rect'>, autoDraw=False, autoLog=True, closeShape=True, color=method-wrapper(...), colorSpace=None, contrast=1.0, depth=-15.0, fillColor=array([1.   , 0.004, 0.004]), fillColorSpace='rgb', fillRGB=array([1.   , 0.004, 0.004]), interpolate=True, lineColor=None, lineColorSpace=None, lineRGB=None, lineWidth=1, name='square_11', opacity=1.0, ori=array(0.), pos=array([ 0.075, -0.075]), size=array([0.1, 0.1]), units='height', vertices=ndarray(...), win=Window(...))
5.8524 	EXP 	Created square_12 = Rect(__class__=<class 'psychopy.visual.rect.Rect'>, autoDraw=False, autoLog=True, closeShape=True, color=method-wrapper(...), colorSpace=None, contrast=1.0, depth=-16.0, fillColor=array([1.   , 0.004, 0.004]), fillColorSpace='rgb', fillRGB=array([1.   , 0.004, 0.004]), interpolate=True, lineColor=None, lineColorSpace=None, lineRGB=None, lineWidth=1, name='square_12', opacity=1.0, ori=array(0.), pos=array([ 0.225, -0.075]), size=array([0.1, 0.1]), units='height', vertices=ndarray(...), win=Window(...))
5.8533 	EXP 	Created square_13 = Rect(__class__=<class 'psychopy.visual.rect.Rect'>, autoDraw=False, autoLog=True, closeShape=True, color=method-wrapper(...), colorSpace=None, contrast=1.0, depth=-17.0, fillColor=array([1.   , 0.004, 0.004]), fillColorSpace='rgb', fillRGB=array([1.   , 0.004, 0.004]), interpolate=True, lineColor=None, lineColorSpace=None, lineRGB=None, lineWidth=1, name='square_13', opacity=1.0, ori=array(0.), pos=array([-0.225, -0.225]), size=array([0.1, 0.1]), units='height', vertices=ndarray(...), win=Window(...))
5.8542 	EXP 	Created square_14 = Rect(__class__=<class 'psychopy.visual.rect.Rect'>, autoDraw=False, autoLog=True, closeShape=True, color=method-wrapper(...), colorSpace=None, contrast=1.0, depth=-18.0, fillColor=array([1.   , 0.004, 0.004]), fillColorSpace='rgb', fillRGB=array([1.   , 0.004, 0.004]), interpolate=True, lineColor=None, lineColorSpace=None, lineRGB=None, lineWidth=1, name='square_14', opacity=1.0, ori=array(0.), pos=array([-0.075, -0.225]), size=array([0.1, 0.1]), units='height', vertices=ndarray(...), win=Window(...))
5.8551 	EXP 	Created square_15 = Rect(__class__=<class 'psychopy.visual.rect.Rect'>, autoDraw=False, autoLog=True, closeShape=True, color=method-wrapper(...), colorSpace=None, contrast=1.0, depth=-19.0, fillColor=array([1.   , 0.004, 0.004]), fillColorSpace='rgb', fillRGB=array([1.   , 0.004, 0.004]), interpolate=True, lineColor=None, lineColorSpace=None, lineRGB=None, lineWidth=1, name='square_15', opacity=1.0, ori=array(0.), pos=array([ 0.075, -0.225]), size=array([0.1, 0.1]), units='height', vertices=ndarray(...), win=Window(...))
5.8560 	EXP 	Created square_16 = Rect(__class__=<class 'psychopy.visual.rect.Rect'>, autoDraw=False, autoLog=True, closeShape=True, color=method-wrapper(...), colorSpace=None, contrast=1.0, depth=-20.0, fillColor=array([1.   , 0.004, 0.004]), fillColorSpace='rgb', fillRGB=array([1.   , 0.004, 0.004]), interpolate=True, lineColor=None, lineColorSpace=None, lineRGB=None, lineWidth=1, name='square_16', opacity=1.0, ori=array(0.), pos=array([ 0.225, -0.225]), size=array([0.1, 0.1]), units='height', vertices=ndarray(...), win=Window(...))
5.8643 	EXP 	Created text_8 = TextStim(__class__=<class 'psychopy.visual.text.TextStim'>, alignHoriz=method-wrapper(...), alignText='center', alignVert=method-wrapper(...), anchorHoriz='center', anchorVert='center', antialias=True, autoLog=True, bold=False, color='white', colorSpace='named', contrast=1.0, depth=0.0, flipHoriz=False, flipVert=False, font='Arial', fontFiles=[], height=0.1, italic=False, languageStyle='LTR', name='text_8', opacity=1.0, ori=0, pos=array([0., 0.]), rgb=array([255., 255., 255.]), text='+', units='height', win=Window(...), wrapWidth=1)
5.8645 	EXP 	window1: mouseVisible = False
6.8816 	EXP 	instuctions_1: autoDraw = True
7.4314 	DATA 	Keypress: space
7.4477 	EXP 	instuctions_1: autoDraw = False
8.4149 	EXP 	instuctions: autoDraw = True
8.6656 	EXP 	window1: mouseVisible = True
8.6657 	EXP 	window1: mouseVisible = True
8.6827 	DATA 	Keypress: space
8.6987 	EXP 	instuctions: autoDraw = False
8.6987 	EXP 	image_2: autoDraw = True
8.6987 	EXP 	polygon: autoDraw = True
10.6814 	EXP 	window1: mouseVisible = False
10.6977 	EXP 	image_2: autoDraw = False
10.6977 	EXP 	polygon: autoDraw = False
11.6648 	EXP 	text_2: autoDraw = True
12.2980 	EXP 	window1: mouseVisible = True
12.2983 	EXP 	window1: mouseVisible = False
12.3021 	DATA 	Keypress: space
12.3146 	EXP 	text_2: autoDraw = False
13.2984 	EXP 	text_6: autoDraw = True
14.9821 	EXP 	window1: mouseVisible = True
14.9852 	DATA 	Keypress: space
14.9977 	EXP 	text_6: autoDraw = False
15.9816 	EXP 	image: autoDraw = True
15.9816 	EXP 	text_4: autoDraw = True
17.0652 	EXP 	window1: mouseVisible = False
17.0684 	DATA 	Keypress: left
17.0815 	EXP 	image: autoDraw = False
17.0815 	EXP 	text_4: autoDraw = False
18.0648 	EXP 	text_3: autoDraw = True
18.8818 	EXP 	window1: mouseVisible = True
18.8849 	DATA 	Keypress: space
18.9143 	EXP 	text_3: autoDraw = False
18.9143 	EXP 	trialselect: autoDraw = True
18.9143 	EXP 	text_5: autoDraw = True
19.8161 	DATA 	Mouse: Left button down, pos=(645,522)
19.8178 	EXP 	window1: mouseVisible = False
19.8305 	EXP 	trialselect: autoDraw = False
19.8305 	EXP 	text_5: autoDraw = False
19.9150 	DATA 	Mouse:  Left button up, pos=(645,522)
20.8138 	EXP 	text_7: autoDraw = True
21.5320 	EXP 	window1: mouseVisible = True
21.5444 	EXP 	Imported choose_cond.xlsx as conditions, 6 conditions, 1 params
21.5448 	EXP 	Created sequence: random, trialTypes=6, nReps=1, seed=None
21.5451 	EXP 	New trial (rep=0, index=0): OrderedDict([('condition_file', 'cond6.xlsx')])
21.5546 	EXP 	Imported cond6.xlsx as conditions, 5 conditions, 6 params
21.5549 	EXP 	Created sequence: random, trialTypes=5, nReps=1, seed=None
21.5552 	EXP 	New trial (rep=0, index=0): OrderedDict([('trial', 5), ('square_num', 8), ('square_pos', [0.225, 0.075]), ('square_corr', 'square_8'), ('picture', 'images/sym15.jpg'), ('sym_corr', 'left')])
21.5585 	DATA 	Keypress: space
21.5815 	EXP 	text_7: autoDraw = False
21.5815 	EXP 	square: pos = array([0.225, 0.075])
21.5815 	EXP 	fixation_1: autoDraw = True
22.0477 	EXP 	grid: autoDraw = True
22.0477 	EXP 	square: autoDraw = True
22.0810 	EXP 	fixation_1: autoDraw = False
23.5979 	EXP 	grid: autoDraw = False
23.5979 	EXP 	square: autoDraw = False
23.5979 	EXP 	fixation_1: autoDraw = False
23.5979 	EXP 	grid: autoDraw = False
23.5979 	EXP 	square: autoDraw = False
23.5979 	EXP 	symmetry_grid: image = 'images/sym15.jpg'
23.5979 	EXP 	symmetry_grid: autoDraw = True
23.5979 	EXP 	text: autoDraw = True
25.3996 	EXP 	New trial (rep=0, index=1): OrderedDict([('trial', 3), ('square_num', 14), ('square_pos', [-0.075, -0.225]), ('square_corr', 'square_14'), ('picture', 'images/nsym15.jpg'), ('sym_corr', 'right')])
25.4025 	DATA 	Keypress: left
25.4147 	EXP 	symmetry_grid: autoDraw = False
25.4147 	EXP 	text: autoDraw = False
25.4147 	EXP 	square: pos = array([-0.075, -0.225])
25.4147 	EXP 	fixation_1: autoDraw = True
25.8979 	EXP 	grid: autoDraw = True
25.8979 	EXP 	square: autoDraw = True
25.9145 	EXP 	fixation_1: autoDraw = False
27.4306 	EXP 	grid: autoDraw = False
27.4306 	EXP 	square: autoDraw = False
27.4306 	EXP 	fixation_1: autoDraw = False
27.4306 	EXP 	grid: autoDraw = False
27.4306 	EXP 	square: autoDraw = False
27.4306 	EXP 	symmetry_grid: image = 'images/nsym15.jpg'
27.4306 	EXP 	symmetry_grid: autoDraw = True
27.4306 	EXP 	text: autoDraw = True
28.3333 	DATA 	Mouse: Left button down, pos=(855,498)
28.4342 	DATA 	Mouse:  Left button up, pos=(855,498)
28.7503 	EXP 	New trial (rep=0, index=2): OrderedDict([('trial', 1), ('square_num', 4), ('square_pos', [0.225, 0.075]), ('square_corr', 'square_4'), ('picture', 'images/nsym13.jpg'), ('sym_corr', 'right')])
28.7544 	DATA 	Keypress: left
28.7650 	EXP 	symmetry_grid: autoDraw = False
28.7650 	EXP 	text: autoDraw = False
28.7650 	EXP 	square: pos = array([0.225, 0.075])
28.7650 	EXP 	fixation_1: autoDraw = True
29.2477 	EXP 	grid: autoDraw = True
29.2477 	EXP 	square: autoDraw = True
29.2645 	EXP 	fixation_1: autoDraw = False
30.7814 	EXP 	grid: autoDraw = False
30.7814 	EXP 	square: autoDraw = False
30.7814 	EXP 	fixation_1: autoDraw = False
30.7814 	EXP 	grid: autoDraw = False
30.7814 	EXP 	square: autoDraw = False
30.7814 	EXP 	symmetry_grid: image = 'images/nsym13.jpg'
30.7814 	EXP 	symmetry_grid: autoDraw = True
30.7814 	EXP 	text: autoDraw = True
31.8994 	EXP 	New trial (rep=0, index=3): OrderedDict([('trial', 2), ('square_num', 2), ('square_pos', [-0.075, 0.225]), ('square_corr', 'square_2'), ('picture', 'images/nsym14.jpg'), ('sym_corr', 'right')])
31.9032 	DATA 	Keypress: left
31.9143 	EXP 	symmetry_grid: autoDraw = False
31.9143 	EXP 	text: autoDraw = False
31.9143 	EXP 	square: pos = array([-0.075,  0.225])
31.9143 	EXP 	fixation_1: autoDraw = True
32.3980 	EXP 	grid: autoDraw = True
32.3980 	EXP 	square: autoDraw = True
32.4144 	EXP 	fixation_1: autoDraw = False
33.9306 	EXP 	grid: autoDraw = False
33.9306 	EXP 	square: autoDraw = False
33.9306 	EXP 	fixation_1: autoDraw = False
33.9306 	EXP 	grid: autoDraw = False
33.9306 	EXP 	square: autoDraw = False
33.9306 	EXP 	symmetry_grid: image = 'images/nsym14.jpg'
33.9306 	EXP 	symmetry_grid: autoDraw = True
33.9306 	EXP 	text: autoDraw = True
35.7173 	DATA 	Keypress: left
35.7335 	EXP 	New trial (rep=0, index=4): OrderedDict([('trial', 4), ('square_num', 7), ('square_pos', [0.075, 0.075]), ('square_corr', 'square_7'), ('picture', 'images/sym14.jpg'), ('sym_corr', 'left')])
35.7476 	EXP 	symmetry_grid: autoDraw = False
35.7476 	EXP 	text: autoDraw = False
35.7476 	EXP 	square: pos = array([0.075, 0.075])
35.7476 	EXP 	fixation_1: autoDraw = True
36.2312 	EXP 	grid: autoDraw = True
36.2312 	EXP 	square: autoDraw = True
36.2478 	EXP 	fixation_1: autoDraw = False
37.7640 	EXP 	grid: autoDraw = False
37.7640 	EXP 	square: autoDraw = False
37.7640 	EXP 	fixation_1: autoDraw = False
37.7640 	EXP 	grid: autoDraw = False
37.7640 	EXP 	square: autoDraw = False
37.7640 	EXP 	symmetry_grid: image = 'images/sym14.jpg'
37.7640 	EXP 	symmetry_grid: autoDraw = True
37.7640 	EXP 	text: autoDraw = True
39.6688 	DATA 	Keypress: space
40.1314 	EXP 	Created sequence: sequential, trialTypes=1, nReps=5, seed=None
40.1318 	EXP 	New trial (rep=0, index=0): None
40.1354 	DATA 	Keypress: left
40.1478 	EXP 	symmetry_grid: autoDraw = False
40.1478 	EXP 	text: autoDraw = False
40.1478 	EXP 	recall_text: autoDraw = True
40.1478 	EXP 	instructions_2: autoDraw = True
40.1478 	EXP 	fixation_2: autoDraw = True
40.6343 	EXP 	grid_2: autoDraw = True
40.6343 	EXP 	square_1: autoDraw = True
40.6343 	EXP 	square_2: autoDraw = True
40.6343 	EXP 	square_3: autoDraw = True
40.6343 	EXP 	square_4: autoDraw = True
40.6343 	EXP 	square_5: autoDraw = True
40.6343 	EXP 	square_6: autoDraw = True
40.6343 	EXP 	square_7: autoDraw = True
40.6343 	EXP 	square_8: autoDraw = True
40.6343 	EXP 	square_9: autoDraw = True
40.6343 	EXP 	square_10: autoDraw = True
40.6343 	EXP 	square_11: autoDraw = True
40.6343 	EXP 	square_12: autoDraw = True
40.6343 	EXP 	square_13: autoDraw = True
40.6343 	EXP 	square_14: autoDraw = True
40.6343 	EXP 	square_15: autoDraw = True
40.6343 	EXP 	square_16: autoDraw = True
40.6512 	EXP 	fixation_2: autoDraw = False
42.6666 	DATA 	Mouse: Left button down, pos=(797,502)
42.6771 	EXP 	New trial (rep=1, index=0): None
42.6976 	EXP 	recall_text: autoDraw = False
42.6976 	EXP 	instructions_2: autoDraw = False
42.6976 	EXP 	fixation_2: autoDraw = False
42.6976 	EXP 	grid_2: autoDraw = False
42.6976 	EXP 	square_1: autoDraw = False
42.6976 	EXP 	square_2: autoDraw = False
42.6976 	EXP 	square_3: autoDraw = False
42.6976 	EXP 	square_4: autoDraw = False
42.6976 	EXP 	square_5: autoDraw = False
42.6976 	EXP 	square_6: autoDraw = False
42.6976 	EXP 	square_7: autoDraw = False
42.6976 	EXP 	square_8: autoDraw = False
42.6976 	EXP 	square_9: autoDraw = False
42.6976 	EXP 	square_10: autoDraw = False
42.6976 	EXP 	square_11: autoDraw = False
42.6976 	EXP 	square_12: autoDraw = False
42.6976 	EXP 	square_13: autoDraw = False
42.6976 	EXP 	square_14: autoDraw = False
42.6976 	EXP 	square_15: autoDraw = False
42.6976 	EXP 	square_16: autoDraw = False
42.6976 	EXP 	recall_text: autoDraw = True
42.6976 	EXP 	instructions_2: autoDraw = True
42.6976 	EXP 	fixation_2: autoDraw = True
42.7675 	DATA 	Mouse:  Left button up, pos=(797,502)
43.1811 	EXP 	grid_2: autoDraw = True
43.1811 	EXP 	square_1: autoDraw = True
43.1811 	EXP 	square_2: autoDraw = True
43.1811 	EXP 	square_3: autoDraw = True
43.1811 	EXP 	square_4: autoDraw = True
43.1811 	EXP 	square_5: autoDraw = True
43.1811 	EXP 	square_6: autoDraw = True
43.1811 	EXP 	square_7: autoDraw = True
43.1811 	EXP 	square_8: autoDraw = True
43.1811 	EXP 	square_9: autoDraw = True
43.1811 	EXP 	square_10: autoDraw = True
43.1811 	EXP 	square_11: autoDraw = True
43.1811 	EXP 	square_12: autoDraw = True
43.1811 	EXP 	square_13: autoDraw = True
43.1811 	EXP 	square_14: autoDraw = True
43.1811 	EXP 	square_15: autoDraw = True
43.1811 	EXP 	square_16: autoDraw = True
43.1981 	EXP 	fixation_2: autoDraw = False
43.6888 	DATA 	Mouse: Left button down, pos=(666,385)
43.7109 	EXP 	New trial (rep=2, index=0): None
43.7301 	EXP 	recall_text: autoDraw = False
43.7301 	EXP 	instructions_2: autoDraw = False
43.7301 	EXP 	fixation_2: autoDraw = False
43.7301 	EXP 	grid_2: autoDraw = False
43.7301 	EXP 	square_1: autoDraw = False
43.7301 	EXP 	square_2: autoDraw = False
43.7301 	EXP 	square_3: autoDraw = False
43.7301 	EXP 	square_4: autoDraw = False
43.7301 	EXP 	square_5: autoDraw = False
43.7301 	EXP 	square_6: autoDraw = False
43.7301 	EXP 	square_7: autoDraw = False
43.7301 	EXP 	square_8: autoDraw = False
43.7301 	EXP 	square_9: autoDraw = False
43.7301 	EXP 	square_10: autoDraw = False
43.7301 	EXP 	square_11: autoDraw = False
43.7301 	EXP 	square_12: autoDraw = False
43.7301 	EXP 	square_13: autoDraw = False
43.7301 	EXP 	square_14: autoDraw = False
43.7301 	EXP 	square_15: autoDraw = False
43.7301 	EXP 	square_16: autoDraw = False
43.7301 	EXP 	recall_text: autoDraw = True
43.7301 	EXP 	instructions_2: autoDraw = True
43.7301 	EXP 	fixation_2: autoDraw = True
43.7666 	DATA 	Mouse:  Left button up, pos=(666,385)
44.2144 	EXP 	grid_2: autoDraw = True
44.2144 	EXP 	square_1: autoDraw = True
44.2144 	EXP 	square_2: autoDraw = True
44.2144 	EXP 	square_3: autoDraw = True
44.2144 	EXP 	square_4: autoDraw = True
44.2144 	EXP 	square_5: autoDraw = True
44.2144 	EXP 	square_6: autoDraw = True
44.2144 	EXP 	square_7: autoDraw = True
44.2144 	EXP 	square_8: autoDraw = True
44.2144 	EXP 	square_9: autoDraw = True
44.2144 	EXP 	square_10: autoDraw = True
44.2144 	EXP 	square_11: autoDraw = True
44.2144 	EXP 	square_12: autoDraw = True
44.2144 	EXP 	square_13: autoDraw = True
44.2144 	EXP 	square_14: autoDraw = True
44.2144 	EXP 	square_15: autoDraw = True
44.2144 	EXP 	square_16: autoDraw = True
44.2310 	EXP 	fixation_2: autoDraw = False
45.2164 	DATA 	Mouse: Left button down, pos=(663,549)
45.2251 	EXP 	New trial (rep=3, index=0): None
45.2467 	EXP 	recall_text: autoDraw = False
45.2467 	EXP 	instructions_2: autoDraw = False
45.2467 	EXP 	fixation_2: autoDraw = False
45.2467 	EXP 	grid_2: autoDraw = False
45.2467 	EXP 	square_1: autoDraw = False
45.2467 	EXP 	square_2: autoDraw = False
45.2467 	EXP 	square_3: autoDraw = False
45.2467 	EXP 	square_4: autoDraw = False
45.2467 	EXP 	square_5: autoDraw = False
45.2467 	EXP 	square_6: autoDraw = False
45.2467 	EXP 	square_7: autoDraw = False
45.2467 	EXP 	square_8: autoDraw = False
45.2467 	EXP 	square_9: autoDraw = False
45.2467 	EXP 	square_10: autoDraw = False
45.2467 	EXP 	square_11: autoDraw = False
45.2467 	EXP 	square_12: autoDraw = False
45.2467 	EXP 	square_13: autoDraw = False
45.2467 	EXP 	square_14: autoDraw = False
45.2467 	EXP 	square_15: autoDraw = False
45.2467 	EXP 	square_16: autoDraw = False
45.2467 	EXP 	recall_text: autoDraw = True
45.2467 	EXP 	instructions_2: autoDraw = True
45.2467 	EXP 	fixation_2: autoDraw = True
45.3178 	DATA 	Mouse:  Left button up, pos=(663,549)
45.7308 	EXP 	grid_2: autoDraw = True
45.7308 	EXP 	square_1: autoDraw = True
45.7308 	EXP 	square_2: autoDraw = True
45.7308 	EXP 	square_3: autoDraw = True
45.7308 	EXP 	square_4: autoDraw = True
45.7308 	EXP 	square_5: autoDraw = True
45.7308 	EXP 	square_6: autoDraw = True
45.7308 	EXP 	square_7: autoDraw = True
45.7308 	EXP 	square_8: autoDraw = True
45.7308 	EXP 	square_9: autoDraw = True
45.7308 	EXP 	square_10: autoDraw = True
45.7308 	EXP 	square_11: autoDraw = True
45.7308 	EXP 	square_12: autoDraw = True
45.7308 	EXP 	square_13: autoDraw = True
45.7308 	EXP 	square_14: autoDraw = True
45.7308 	EXP 	square_15: autoDraw = True
45.7308 	EXP 	square_16: autoDraw = True
45.7476 	EXP 	fixation_2: autoDraw = False
46.2212 	DATA 	Mouse: Left button down, pos=(665,497)
46.2432 	EXP 	New trial (rep=4, index=0): None
46.2634 	EXP 	recall_text: autoDraw = False
46.2634 	EXP 	instructions_2: autoDraw = False
46.2634 	EXP 	fixation_2: autoDraw = False
46.2634 	EXP 	grid_2: autoDraw = False
46.2634 	EXP 	square_1: autoDraw = False
46.2634 	EXP 	square_2: autoDraw = False
46.2634 	EXP 	square_3: autoDraw = False
46.2634 	EXP 	square_4: autoDraw = False
46.2634 	EXP 	square_5: autoDraw = False
46.2634 	EXP 	square_6: autoDraw = False
46.2634 	EXP 	square_7: autoDraw = False
46.2634 	EXP 	square_8: autoDraw = False
46.2634 	EXP 	square_9: autoDraw = False
46.2634 	EXP 	square_10: autoDraw = False
46.2634 	EXP 	square_11: autoDraw = False
46.2634 	EXP 	square_12: autoDraw = False
46.2634 	EXP 	square_13: autoDraw = False
46.2634 	EXP 	square_14: autoDraw = False
46.2634 	EXP 	square_15: autoDraw = False
46.2634 	EXP 	square_16: autoDraw = False
46.2634 	EXP 	recall_text: autoDraw = True
46.2634 	EXP 	instructions_2: autoDraw = True
46.2634 	EXP 	fixation_2: autoDraw = True
46.3003 	DATA 	Mouse:  Left button up, pos=(665,497)
46.7465 	EXP 	grid_2: autoDraw = True
46.7465 	EXP 	square_1: autoDraw = True
46.7465 	EXP 	square_2: autoDraw = True
46.7465 	EXP 	square_3: autoDraw = True
46.7465 	EXP 	square_4: autoDraw = True
46.7465 	EXP 	square_5: autoDraw = True
46.7465 	EXP 	square_6: autoDraw = True
46.7465 	EXP 	square_7: autoDraw = True
46.7465 	EXP 	square_8: autoDraw = True
46.7465 	EXP 	square_9: autoDraw = True
46.7465 	EXP 	square_10: autoDraw = True
46.7465 	EXP 	square_11: autoDraw = True
46.7465 	EXP 	square_12: autoDraw = True
46.7465 	EXP 	square_13: autoDraw = True
46.7465 	EXP 	square_14: autoDraw = True
46.7465 	EXP 	square_15: autoDraw = True
46.7465 	EXP 	square_16: autoDraw = True
46.7641 	EXP 	fixation_2: autoDraw = False
47.0829 	DATA 	Mouse: Left button down, pos=(665,497)
47.1136 	EXP 	recall_text: autoDraw = False
47.1136 	EXP 	instructions_2: autoDraw = False
47.1136 	EXP 	fixation_2: autoDraw = False
47.1136 	EXP 	grid_2: autoDraw = False
47.1136 	EXP 	square_1: autoDraw = False
47.1136 	EXP 	square_2: autoDraw = False
47.1136 	EXP 	square_3: autoDraw = False
47.1136 	EXP 	square_4: autoDraw = False
47.1136 	EXP 	square_5: autoDraw = False
47.1136 	EXP 	square_6: autoDraw = False
47.1136 	EXP 	square_7: autoDraw = False
47.1136 	EXP 	square_8: autoDraw = False
47.1136 	EXP 	square_9: autoDraw = False
47.1136 	EXP 	square_10: autoDraw = False
47.1136 	EXP 	square_11: autoDraw = False
47.1136 	EXP 	square_12: autoDraw = False
47.1136 	EXP 	square_13: autoDraw = False
47.1136 	EXP 	square_14: autoDraw = False
47.1136 	EXP 	square_15: autoDraw = False
47.1136 	EXP 	square_16: autoDraw = False
47.1136 	EXP 	text_8: autoDraw = True
47.1671 	DATA 	Mouse:  Left button up, pos=(665,497)
48.0991 	EXP 	New trial (rep=0, index=1): OrderedDict([('condition_file', 'cond1.xlsx')])
48.1125 	EXP 	Imported cond1.xlsx as conditions, 5 conditions, 6 params
48.1129 	EXP 	Created sequence: random, trialTypes=5, nReps=1, seed=None
48.1133 	EXP 	New trial (rep=0, index=0): OrderedDict([('trial', 2), ('square_num', 9), ('square_pos', [-0.225, -0.075]), ('square_corr', 'square_9'), ('picture', 'images/sym1.jpg'), ('sym_corr', 'left')])
48.1306 	EXP 	text_8: autoDraw = False
48.1306 	EXP 	square: pos = array([-0.225, -0.075])
48.1306 	EXP 	fixation_1: autoDraw = True
48.6140 	EXP 	grid: autoDraw = True
48.6140 	EXP 	square: autoDraw = True
48.6310 	EXP 	fixation_1: autoDraw = False
50.1476 	EXP 	grid: autoDraw = False
50.1476 	EXP 	square: autoDraw = False
50.1476 	EXP 	fixation_1: autoDraw = False
50.1476 	EXP 	grid: autoDraw = False
50.1476 	EXP 	square: autoDraw = False
50.1476 	EXP 	symmetry_grid: image = 'images/sym1.jpg'
50.1476 	EXP 	symmetry_grid: autoDraw = True
50.1476 	EXP 	text: autoDraw = True
51.3319 	EXP 	New trial (rep=0, index=1): OrderedDict([('trial', 1), ('square_num', 6), ('square_pos', [-0.075, 0.075]), ('square_corr', 'square_6'), ('picture', 'images/nsym1.jpg'), ('sym_corr', 'right')])
51.3349 	DATA 	Keypress: left
51.3466 	EXP 	symmetry_grid: autoDraw = False
51.3466 	EXP 	text: autoDraw = False
51.3466 	EXP 	square: pos = array([-0.075,  0.075])
51.3466 	EXP 	fixation_1: autoDraw = True
51.8308 	EXP 	grid: autoDraw = True
51.8308 	EXP 	square: autoDraw = True
51.8475 	EXP 	fixation_1: autoDraw = False
52.9493 	DATA 	Mouse: Left button down, pos=(665,491)
53.0168 	DATA 	Mouse:  Left button up, pos=(665,491)
53.3639 	EXP 	grid: autoDraw = False
53.3639 	EXP 	square: autoDraw = False
53.3639 	EXP 	fixation_1: autoDraw = False
53.3639 	EXP 	grid: autoDraw = False
53.3639 	EXP 	square: autoDraw = False
53.3639 	EXP 	symmetry_grid: image = 'images/nsym1.jpg'
53.3639 	EXP 	symmetry_grid: autoDraw = True
53.3639 	EXP 	text: autoDraw = True
54.3319 	EXP 	New trial (rep=0, index=2): OrderedDict([('trial', 5), ('square_num', 2), ('square_pos', [-0.075, 0.225]), ('square_corr', 'square_2'), ('picture', 'images/sym3.jpg'), ('sym_corr', 'left')])
54.3344 	DATA 	Keypress: left
54.3468 	EXP 	symmetry_grid: autoDraw = False
54.3468 	EXP 	text: autoDraw = False
54.3468 	EXP 	square: pos = array([-0.075,  0.225])
54.3468 	EXP 	fixation_1: autoDraw = True
54.8308 	EXP 	grid: autoDraw = True
54.8308 	EXP 	square: autoDraw = True
54.8475 	EXP 	fixation_1: autoDraw = False
55.7169 	DATA 	Mouse: Left button down, pos=(729,511)
55.8336 	DATA 	Mouse:  Left button up, pos=(729,511)
56.3645 	EXP 	grid: autoDraw = False
56.3645 	EXP 	square: autoDraw = False
56.3645 	EXP 	fixation_1: autoDraw = False
56.3645 	EXP 	grid: autoDraw = False
56.3645 	EXP 	square: autoDraw = False
56.3645 	EXP 	symmetry_grid: image = 'images/sym3.jpg'
56.3645 	EXP 	symmetry_grid: autoDraw = True
56.3645 	EXP 	text: autoDraw = True
56.5003 	DATA 	Mouse: Left button down, pos=(648,649)
56.5830 	DATA 	Mouse:  Left button up, pos=(648,649)
57.9169 	DATA 	Mouse: Left button down, pos=(644,620)
58.0337 	DATA 	Mouse:  Left button up, pos=(644,620)
58.7166 	EXP 	New trial (rep=0, index=3): OrderedDict([('trial', 4), ('square_num', 13), ('square_pos', [-0.225, -0.225]), ('square_corr', 'square_13'), ('picture', 'images/sym2.jpg'), ('sym_corr', 'left')])
58.7206 	DATA 	Keypress: left
58.7311 	EXP 	symmetry_grid: autoDraw = False
58.7311 	EXP 	text: autoDraw = False
58.7311 	EXP 	square: pos = array([-0.225, -0.225])
58.7311 	EXP 	fixation_1: autoDraw = True
59.2139 	EXP 	grid: autoDraw = True
59.2139 	EXP 	square: autoDraw = True
59.2310 	EXP 	fixation_1: autoDraw = False
59.7504 	DATA 	Keypress: left
60.5502 	DATA 	Mouse: Left button down, pos=(501,223)
60.6326 	DATA 	Mouse:  Left button up, pos=(502,223)
60.7471 	EXP 	grid: autoDraw = False
60.7471 	EXP 	square: autoDraw = False
60.7471 	EXP 	fixation_1: autoDraw = False
60.7471 	EXP 	grid: autoDraw = False
60.7471 	EXP 	square: autoDraw = False
60.7471 	EXP 	symmetry_grid: image = 'images/sym2.jpg'
60.7471 	EXP 	symmetry_grid: autoDraw = True
60.7471 	EXP 	text: autoDraw = True
61.7162 	EXP 	New trial (rep=0, index=4): OrderedDict([('trial', 3), ('square_num', 5), ('square_pos', [-0.225, 0.075]), ('square_corr', 'square_5'), ('picture', 'images/nsym2.jpg'), ('sym_corr', 'right')])
61.7203 	DATA 	Keypress: left
61.7312 	EXP 	symmetry_grid: autoDraw = False
61.7312 	EXP 	text: autoDraw = False
61.7312 	EXP 	square: pos = array([-0.225,  0.075])
61.7312 	EXP 	fixation_1: autoDraw = True
62.2142 	EXP 	grid: autoDraw = True
62.2142 	EXP 	square: autoDraw = True
62.2307 	EXP 	fixation_1: autoDraw = False
63.2660 	DATA 	Mouse: Left button down, pos=(552,505)
63.3500 	DATA 	Mouse:  Left button up, pos=(552,505)
63.7474 	EXP 	grid: autoDraw = False
63.7474 	EXP 	square: autoDraw = False
63.7474 	EXP 	fixation_1: autoDraw = False
63.7474 	EXP 	grid: autoDraw = False
63.7474 	EXP 	square: autoDraw = False
63.7474 	EXP 	symmetry_grid: image = 'images/nsym2.jpg'
63.7474 	EXP 	symmetry_grid: autoDraw = True
63.7474 	EXP 	text: autoDraw = True
63.8997 	EXP 	Created sequence: sequential, trialTypes=1, nReps=5, seed=None
63.9003 	EXP 	New trial (rep=0, index=0): None
63.9041 	DATA 	Keypress: left
63.9144 	EXP 	symmetry_grid: autoDraw = False
63.9144 	EXP 	text: autoDraw = False
63.9144 	EXP 	recall_text: autoDraw = True
63.9144 	EXP 	instructions_2: autoDraw = True
63.9144 	EXP 	fixation_2: autoDraw = True
64.3972 	EXP 	grid_2: autoDraw = True
64.3972 	EXP 	square_1: autoDraw = True
64.3972 	EXP 	square_2: autoDraw = True
64.3972 	EXP 	square_3: autoDraw = True
64.3972 	EXP 	square_4: autoDraw = True
64.3972 	EXP 	square_5: autoDraw = True
64.3972 	EXP 	square_6: autoDraw = True
64.3972 	EXP 	square_7: autoDraw = True
64.3972 	EXP 	square_8: autoDraw = True
64.3972 	EXP 	square_9: autoDraw = True
64.3972 	EXP 	square_10: autoDraw = True
64.3972 	EXP 	square_11: autoDraw = True
64.3972 	EXP 	square_12: autoDraw = True
64.3972 	EXP 	square_13: autoDraw = True
64.3972 	EXP 	square_14: autoDraw = True
64.3972 	EXP 	square_15: autoDraw = True
64.3972 	EXP 	square_16: autoDraw = True
64.4150 	EXP 	fixation_2: autoDraw = False
65.4682 	DATA 	Mouse: Left button down, pos=(552,505)
65.4868 	EXP 	New trial (rep=1, index=0): None
65.4958 	EXP 	recall_text: autoDraw = False
65.4958 	EXP 	instructions_2: autoDraw = False
65.4958 	EXP 	fixation_2: autoDraw = False
65.4958 	EXP 	grid_2: autoDraw = False
65.4958 	EXP 	square_1: autoDraw = False
65.4958 	EXP 	square_2: autoDraw = False
65.4958 	EXP 	square_3: autoDraw = False
65.4958 	EXP 	square_4: autoDraw = False
65.4958 	EXP 	square_5: autoDraw = False
65.4958 	EXP 	square_6: autoDraw = False
65.4958 	EXP 	square_7: autoDraw = False
65.4958 	EXP 	square_8: autoDraw = False
65.4958 	EXP 	square_9: autoDraw = False
65.4958 	EXP 	square_10: autoDraw = False
65.4958 	EXP 	square_11: autoDraw = False
65.4958 	EXP 	square_12: autoDraw = False
65.4958 	EXP 	square_13: autoDraw = False
65.4958 	EXP 	square_14: autoDraw = False
65.4958 	EXP 	square_15: autoDraw = False
65.4958 	EXP 	square_16: autoDraw = False
65.4958 	EXP 	recall_text: autoDraw = True
65.4958 	EXP 	instructions_2: autoDraw = True
65.4958 	EXP 	fixation_2: autoDraw = True
65.5659 	DATA 	Mouse:  Left button up, pos=(552,505)
65.9801 	EXP 	grid_2: autoDraw = True
65.9801 	EXP 	square_1: autoDraw = True
65.9801 	EXP 	square_2: autoDraw = True
65.9801 	EXP 	square_3: autoDraw = True
65.9801 	EXP 	square_4: autoDraw = True
65.9801 	EXP 	square_5: autoDraw = True
65.9801 	EXP 	square_6: autoDraw = True
65.9801 	EXP 	square_7: autoDraw = True
65.9801 	EXP 	square_8: autoDraw = True
65.9801 	EXP 	square_9: autoDraw = True
65.9801 	EXP 	square_10: autoDraw = True
65.9801 	EXP 	square_11: autoDraw = True
65.9801 	EXP 	square_12: autoDraw = True
65.9801 	EXP 	square_13: autoDraw = True
65.9801 	EXP 	square_14: autoDraw = True
65.9801 	EXP 	square_15: autoDraw = True
65.9801 	EXP 	square_16: autoDraw = True
65.9960 	EXP 	fixation_2: autoDraw = False
66.1816 	DATA 	Mouse: Left button down, pos=(551,506)
66.1904 	EXP 	New trial (rep=2, index=0): None
66.2130 	EXP 	recall_text: autoDraw = False
66.2130 	EXP 	instructions_2: autoDraw = False
66.2130 	EXP 	fixation_2: autoDraw = False
66.2130 	EXP 	grid_2: autoDraw = False
66.2130 	EXP 	square_1: autoDraw = False
66.2130 	EXP 	square_2: autoDraw = False
66.2130 	EXP 	square_3: autoDraw = False
66.2130 	EXP 	square_4: autoDraw = False
66.2130 	EXP 	square_5: autoDraw = False
66.2130 	EXP 	square_6: autoDraw = False
66.2130 	EXP 	square_7: autoDraw = False
66.2130 	EXP 	square_8: autoDraw = False
66.2130 	EXP 	square_9: autoDraw = False
66.2130 	EXP 	square_10: autoDraw = False
66.2130 	EXP 	square_11: autoDraw = False
66.2130 	EXP 	square_12: autoDraw = False
66.2130 	EXP 	square_13: autoDraw = False
66.2130 	EXP 	square_14: autoDraw = False
66.2130 	EXP 	square_15: autoDraw = False
66.2130 	EXP 	square_16: autoDraw = False
66.2130 	EXP 	recall_text: autoDraw = True
66.2130 	EXP 	instructions_2: autoDraw = True
66.2130 	EXP 	fixation_2: autoDraw = True
66.2993 	DATA 	Mouse:  Left button up, pos=(550,506)
66.6968 	EXP 	grid_2: autoDraw = True
66.6968 	EXP 	square_1: autoDraw = True
66.6968 	EXP 	square_2: autoDraw = True
66.6968 	EXP 	square_3: autoDraw = True
66.6968 	EXP 	square_4: autoDraw = True
66.6968 	EXP 	square_5: autoDraw = True
66.6968 	EXP 	square_6: autoDraw = True
66.6968 	EXP 	square_7: autoDraw = True
66.6968 	EXP 	square_8: autoDraw = True
66.6968 	EXP 	square_9: autoDraw = True
66.6968 	EXP 	square_10: autoDraw = True
66.6968 	EXP 	square_11: autoDraw = True
66.6968 	EXP 	square_12: autoDraw = True
66.6968 	EXP 	square_13: autoDraw = True
66.6968 	EXP 	square_14: autoDraw = True
66.6968 	EXP 	square_15: autoDraw = True
66.6968 	EXP 	square_16: autoDraw = True
66.7130 	EXP 	fixation_2: autoDraw = False
66.8702 	DATA 	Mouse: Left button down, pos=(547,507)
66.8882 	EXP 	New trial (rep=3, index=0): None
66.8971 	EXP 	recall_text: autoDraw = False
66.8971 	EXP 	instructions_2: autoDraw = False
66.8971 	EXP 	fixation_2: autoDraw = False
66.8971 	EXP 	grid_2: autoDraw = False
66.8971 	EXP 	square_1: autoDraw = False
66.8971 	EXP 	square_2: autoDraw = False
66.8971 	EXP 	square_3: autoDraw = False
66.8971 	EXP 	square_4: autoDraw = False
66.8971 	EXP 	square_5: autoDraw = False
66.8971 	EXP 	square_6: autoDraw = False
66.8971 	EXP 	square_7: autoDraw = False
66.8971 	EXP 	square_8: autoDraw = False
66.8971 	EXP 	square_9: autoDraw = False
66.8971 	EXP 	square_10: autoDraw = False
66.8971 	EXP 	square_11: autoDraw = False
66.8971 	EXP 	square_12: autoDraw = False
66.8971 	EXP 	square_13: autoDraw = False
66.8971 	EXP 	square_14: autoDraw = False
66.8971 	EXP 	square_15: autoDraw = False
66.8971 	EXP 	square_16: autoDraw = False
66.8971 	EXP 	recall_text: autoDraw = True
66.8971 	EXP 	instructions_2: autoDraw = True
66.8971 	EXP 	fixation_2: autoDraw = True
66.9832 	DATA 	Mouse:  Left button up, pos=(548,506)
67.3801 	EXP 	grid_2: autoDraw = True
67.3801 	EXP 	square_1: autoDraw = True
67.3801 	EXP 	square_2: autoDraw = True
67.3801 	EXP 	square_3: autoDraw = True
67.3801 	EXP 	square_4: autoDraw = True
67.3801 	EXP 	square_5: autoDraw = True
67.3801 	EXP 	square_6: autoDraw = True
67.3801 	EXP 	square_7: autoDraw = True
67.3801 	EXP 	square_8: autoDraw = True
67.3801 	EXP 	square_9: autoDraw = True
67.3801 	EXP 	square_10: autoDraw = True
67.3801 	EXP 	square_11: autoDraw = True
67.3801 	EXP 	square_12: autoDraw = True
67.3801 	EXP 	square_13: autoDraw = True
67.3801 	EXP 	square_14: autoDraw = True
67.3801 	EXP 	square_15: autoDraw = True
67.3801 	EXP 	square_16: autoDraw = True
67.3968 	EXP 	fixation_2: autoDraw = False
67.6185 	DATA 	Mouse: Left button down, pos=(548,507)
67.6383 	EXP 	New trial (rep=4, index=0): None
67.6469 	EXP 	recall_text: autoDraw = False
67.6469 	EXP 	instructions_2: autoDraw = False
67.6469 	EXP 	fixation_2: autoDraw = False
67.6469 	EXP 	grid_2: autoDraw = False
67.6469 	EXP 	square_1: autoDraw = False
67.6469 	EXP 	square_2: autoDraw = False
67.6469 	EXP 	square_3: autoDraw = False
67.6469 	EXP 	square_4: autoDraw = False
67.6469 	EXP 	square_5: autoDraw = False
67.6469 	EXP 	square_6: autoDraw = False
67.6469 	EXP 	square_7: autoDraw = False
67.6469 	EXP 	square_8: autoDraw = False
67.6469 	EXP 	square_9: autoDraw = False
67.6469 	EXP 	square_10: autoDraw = False
67.6469 	EXP 	square_11: autoDraw = False
67.6469 	EXP 	square_12: autoDraw = False
67.6469 	EXP 	square_13: autoDraw = False
67.6469 	EXP 	square_14: autoDraw = False
67.6469 	EXP 	square_15: autoDraw = False
67.6469 	EXP 	square_16: autoDraw = False
67.6469 	EXP 	recall_text: autoDraw = True
67.6469 	EXP 	instructions_2: autoDraw = True
67.6469 	EXP 	fixation_2: autoDraw = True
67.7167 	DATA 	Mouse:  Left button up, pos=(548,507)
68.1466 	EXP 	fixation_2: autoDraw = False
68.1466 	EXP 	grid_2: autoDraw = True
68.1466 	EXP 	square_1: autoDraw = True
68.1466 	EXP 	square_2: autoDraw = True
68.1466 	EXP 	square_3: autoDraw = True
68.1466 	EXP 	square_4: autoDraw = True
68.1466 	EXP 	square_5: autoDraw = True
68.1466 	EXP 	square_6: autoDraw = True
68.1466 	EXP 	square_7: autoDraw = True
68.1466 	EXP 	square_8: autoDraw = True
68.1466 	EXP 	square_9: autoDraw = True
68.1466 	EXP 	square_10: autoDraw = True
68.1466 	EXP 	square_11: autoDraw = True
68.1466 	EXP 	square_12: autoDraw = True
68.1466 	EXP 	square_13: autoDraw = True
68.1466 	EXP 	square_14: autoDraw = True
68.1466 	EXP 	square_15: autoDraw = True
68.1466 	EXP 	square_16: autoDraw = True
68.4690 	DATA 	Mouse: Left button down, pos=(549,507)
68.5134 	EXP 	recall_text: autoDraw = False
68.5134 	EXP 	instructions_2: autoDraw = False
68.5134 	EXP 	fixation_2: autoDraw = False
68.5134 	EXP 	grid_2: autoDraw = False
68.5134 	EXP 	square_1: autoDraw = False
68.5134 	EXP 	square_2: autoDraw = False
68.5134 	EXP 	square_3: autoDraw = False
68.5134 	EXP 	square_4: autoDraw = False
68.5134 	EXP 	square_5: autoDraw = False
68.5134 	EXP 	square_6: autoDraw = False
68.5134 	EXP 	square_7: autoDraw = False
68.5134 	EXP 	square_8: autoDraw = False
68.5134 	EXP 	square_9: autoDraw = False
68.5134 	EXP 	square_10: autoDraw = False
68.5134 	EXP 	square_11: autoDraw = False
68.5134 	EXP 	square_12: autoDraw = False
68.5134 	EXP 	square_13: autoDraw = False
68.5134 	EXP 	square_14: autoDraw = False
68.5134 	EXP 	square_15: autoDraw = False
68.5134 	EXP 	square_16: autoDraw = False
68.5134 	EXP 	text_8: autoDraw = True
68.5663 	DATA 	Mouse:  Left button up, pos=(549,507)
69.4985 	EXP 	New trial (rep=0, index=2): OrderedDict([('condition_file', 'cond3.xlsx')])
69.5120 	EXP 	Imported cond3.xlsx as conditions, 5 conditions, 6 params
69.5124 	EXP 	Created sequence: random, trialTypes=5, nReps=1, seed=None
69.5128 	EXP 	New trial (rep=0, index=0): OrderedDict([('trial', 2), ('square_num', 5), ('square_pos', [-0.225, 0.075]), ('square_corr', 'square_5'), ('picture', 'images/sym7.jpg'), ('sym_corr', 'left')])
69.5309 	EXP 	text_8: autoDraw = False
69.5309 	EXP 	square: pos = array([-0.225,  0.075])
69.5309 	EXP 	fixation_1: autoDraw = True
70.0137 	EXP 	grid: autoDraw = True
70.0137 	EXP 	square: autoDraw = True
70.0306 	EXP 	fixation_1: autoDraw = False
71.0660 	DATA 	Keypress: escape
71.4813 	EXP 	window1: mouseVisible = True
