0.2923 	WARNING 	We strongly recommend you activate the PTB sound engine in PsychoPy prefs as the preferred audio engine. Its timing is vastly superior. Your prefs are currently set to use ['sounddevice', 'PTB', 'pyo', 'pygame'] (in that order).
3.4404 	WARNING 	User requested fullscreen with size [1024  768], but screen is actually [1440, 900]. Using actual size
4.2050 	EXP 	Created window1 = Window(allowGUI=False, allowStencil=False, args=UNKNOWN, autoLog=True, bitsMode=UNKNOWN, blendMode='avg', bpc=(8, 8, 8), color=array([0., 0., 0.]), colorSpace='rgb', depthBits=8, fullscr=<method-wrapper '__getattribute__' of attributeSetter object at 0x1421e0cc0>, gamma=None, gammaErrorPolicy='raise', kwargs=UNKNOWN, lms=UNKNOWN, monitor=<psychopy.monitors.calibTools.Monitor object at 0x14234da90>, multiSample=False, name='window1', numSamples=2, pos=[360.0, 225.0], screen=0, size=array([2880, 1800]), stencilBits=0, stereo=False, units='height', useFBO=True, useRetina=True, viewOri=0.0, viewPos=None, viewScale=None, waitBlanking=True, winType='pyglet')
4.2054 	EXP 	window1: mouseVisible = True
4.2055 	EXP 	window1: recordFrameIntervals = False
4.3705 	EXP 	window1: recordFrameIntervals = True
4.5545 	EXP 	window1: recordFrameIntervals = False
4.6527 	EXP 	Created instuctions_1 = TextStim(__class__=<class 'psychopy.visual.text.TextStim'>, alignHoriz=method-wrapper(...), alignText='center', alignVert=method-wrapper(...), anchorHoriz='center', anchorVert='center', antialias=True, autoLog=True, bold=False, color='white', colorSpace='named', contrast=1.0, depth=0.0, flipHoriz=False, flipVert=False, font='Arial', fontFiles=[], height=0.05, italic=False, languageStyle='LTR', name='instuctions_1', opacity=1.0, ori=0, pos=array([0., 0.]), rgb=array([255., 255., 255.]), text=str(...), units='height', win=Window(...), wrapWidth=1)
4.6939 	EXP 	Created instuctions = TextStim(__class__=<class 'psychopy.visual.text.TextStim'>, alignHoriz=method-wrapper(...), alignText='center', alignVert=method-wrapper(...), anchorHoriz='center', anchorVert='center', antialias=True, autoLog=True, bold=False, color='white', colorSpace='named', contrast=1.0, depth=0.0, flipHoriz=False, flipVert=False, font='Arial', fontFiles=[], height=0.05, italic=False, languageStyle='LTR', name='instuctions', opacity=1.0, ori=0, pos=array([0., 0.]), rgb=array([255., 255., 255.]), text=str(...), units='height', win=Window(...), wrapWidth=1)
4.7832 	EXP 	Created image_2 = ImageStim(__class__=<class 'psychopy.visual.image.ImageStim'>, autoLog=True, color=array([1., 1., 1.]), colorSpace='rgb', contrast=1.0, depth=0.0, flipHoriz=False, flipVert=False, image='grid.png', interpolate=True, mask=None, maskParams=None, name='image_2', opacity=1.0, ori=0.0, pos=array([0., 0.]), size=array([0.6, 0.6]), texRes=128, units='height', win=Window(...))
4.7847 	EXP 	Created polygon = Rect(__class__=<class 'psychopy.visual.rect.Rect'>, autoDraw=False, autoLog=True, closeShape=True, color=method-wrapper(...), colorSpace=None, contrast=1.0, depth=-1.0, fillColor=array([ 0.804, -1.   , -1.   ]), fillColorSpace='rgb', fillRGB=array([ 0.804, -1.   , -1.   ]), interpolate=True, lineColor=array([1., 1., 1.]), lineColorSpace='rgb', lineRGB=array([1., 1., 1.]), lineWidth=1, name='polygon', opacity=1.0, ori=array(0.), pos=array([-0.075,  0.075]), size=array([0.1, 0.1]), units='height', vertices=ndarray(...), win=Window(...))
4.8180 	EXP 	Created image = ImageStim(__class__=<class 'psychopy.visual.image.ImageStim'>, autoLog=True, color=array([1., 1., 1.]), colorSpace='rgb', contrast=1.0, depth=0.0, flipHoriz=False, flipVert=False, image='sym1.jpg', interpolate=True, mask=None, maskParams=None, name='image', opacity=1.0, ori=0.0, pos=array([0., 0.]), size=array([0.5, 0.5]), texRes=128, units='height', win=Window(...))
4.8574 	EXP 	Created text_4 = TextStim(__class__=<class 'psychopy.visual.text.TextStim'>, alignHoriz=method-wrapper(...), alignText='center', alignVert=method-wrapper(...), anchorHoriz='center', anchorVert='center', antialias=True, autoLog=True, bold=False, color='white', colorSpace='named', contrast=1.0, depth=-2.0, flipHoriz=False, flipVert=False, font='Arial', fontFiles=[], height=0.05, italic=False, languageStyle='LTR', name='text_4', opacity=1.0, ori=0, pos=array([ 0. , -0.4]), rgb=array([255., 255., 255.]), text='<-    symmetrical  |  non-symmetrical ->', units='height', win=Window(...), wrapWidth=1)
4.8693 	EXP 	Created text_3 = TextStim(__class__=<class 'psychopy.visual.text.TextStim'>, alignHoriz=method-wrapper(...), alignText='center', alignVert=method-wrapper(...), anchorHoriz='center', anchorVert='center', antialias=True, autoLog=True, bold=False, color='white', colorSpace='named', contrast=1.0, depth=0.0, flipHoriz=False, flipVert=False, font='Arial', fontFiles=[], height=0.05, italic=False, languageStyle='LTR', name='text_3', opacity=1.0, ori=0, pos=array([0., 0.]), rgb=array([255., 255., 255.]), text=str(...), units='height', win=Window(...), wrapWidth=1)
4.9394 	EXP 	Created trialselect = ImageStim(__class__=<class 'psychopy.visual.image.ImageStim'>, autoLog=True, color=array([1., 1., 1.]), colorSpace='rgb', contrast=1.0, depth=0.0, flipHoriz=False, flipVert=False, image='grid.png', interpolate=True, mask=None, maskParams=None, name='trialselect', opacity=1.0, ori=0.0, pos=array([0., 0.]), size=array([0.6, 0.6]), texRes=128, units='height', win=Window(...))
4.9395 	EXP 	window1: mouseVisible = True
4.9513 	EXP 	Created text_5 = TextStim(__class__=<class 'psychopy.visual.text.TextStim'>, alignHoriz=method-wrapper(...), alignText='center', alignVert=method-wrapper(...), anchorHoriz='center', anchorVert='center', antialias=True, autoLog=True, bold=False, color='white', colorSpace='named', contrast=1.0, depth=-2.0, flipHoriz=False, flipVert=False, font='Arial', fontFiles=[], height=0.03, italic=False, languageStyle='LTR', name='text_5', opacity=1.0, ori=0, pos=array([ 0. , -0.4]), rgb=array([255., 255., 255.]), text=str(...), units='height', win=Window(...), wrapWidth=1)
4.9935 	EXP 	Created text_2 = TextStim(__class__=<class 'psychopy.visual.text.TextStim'>, alignHoriz=method-wrapper(...), alignText='center', alignVert=method-wrapper(...), anchorHoriz='center', anchorVert='center', antialias=True, autoLog=True, bold=False, color='white', colorSpace='named', contrast=1.0, depth=-1.0, flipHoriz=False, flipVert=False, font='Arial', fontFiles=[], height=0.05, italic=False, languageStyle='LTR', name='text_2', opacity=1.0, ori=0, pos=array([0., 0.]), rgb=array([255., 255., 255.]), text=str(...), units='height', win=Window(...), wrapWidth=1)
4.9958 	EXP 	Created fixation_1 = TextStim(__class__=<class 'psychopy.visual.text.TextStim'>, alignHoriz=method-wrapper(...), alignText='center', alignVert=method-wrapper(...), anchorHoriz='center', anchorVert='center', antialias=True, autoLog=True, bold=False, color='white', colorSpace='named', contrast=1.0, depth=0.0, flipHoriz=False, flipVert=False, font='Arial', fontFiles=[], height=0.05, italic=False, languageStyle='LTR', name='fixation_1', opacity=1.0, ori=0, pos=array([0., 0.]), rgb=array([255., 255., 255.]), text='+', units='height', win=Window(...), wrapWidth=1)
5.0381 	EXP 	Created grid = ImageStim(__class__=<class 'psychopy.visual.image.ImageStim'>, autoLog=True, color=array([1., 1., 1.]), colorSpace='rgb', contrast=1.0, depth=-1.0, flipHoriz=False, flipVert=False, image='grid.png', interpolate=True, mask=None, maskParams=None, name='grid', opacity=1.0, ori=0.0, pos=array([0., 0.]), size=array([0.6, 0.6]), texRes=512, units='height', win=Window(...))
5.0392 	EXP 	Created square = Rect(__class__=<class 'psychopy.visual.rect.Rect'>, autoDraw=False, autoLog=True, closeShape=True, color=method-wrapper(...), colorSpace=None, contrast=1.0, depth=-2.0, fillColor=array([ 0.804, -1.   , -1.   ]), fillColorSpace='rgb', fillRGB=array([ 0.804, -1.   , -1.   ]), interpolate=True, lineColor=None, lineColorSpace=None, lineRGB=None, lineWidth=1, name='square', opacity=1.0, ori=array(0.), pos=array([0., 0.]), size=array([0.1, 0.1]), units='height', vertices=ndarray(...), win=Window(...))
5.0408 	EXP 	Created symmetry_grid = ImageStim(__class__=<class 'psychopy.visual.image.ImageStim'>, autoLog=True, color=array([1., 1., 1.]), colorSpace='rgb', contrast=1.0, depth=0.0, flipHoriz=False, flipVert=False, image='sin', interpolate=True, mask=None, maskParams=None, name='symmetry_grid', opacity=1.0, ori=0.0, pos=array([0., 0.]), size=array([0.5, 0.5]), texRes=128, units='height', win=Window(...))
5.0677 	EXP 	Created text = TextStim(__class__=<class 'psychopy.visual.text.TextStim'>, alignHoriz=method-wrapper(...), alignText='center', alignVert=method-wrapper(...), anchorHoriz='center', anchorVert='center', antialias=True, autoLog=True, bold=False, color='white', colorSpace='named', contrast=1.0, depth=-2.0, flipHoriz=False, flipVert=False, font='Arial', fontFiles=[], height=0.05, italic=False, languageStyle='LTR', name='text', opacity=1.0, ori=0, pos=array([ 0. , -0.4]), rgb=array([255., 255., 255.]), text='<-    symmetrical  |  non-symmetrical ->', units='height', win=Window(...), wrapWidth=1)
5.0739 	EXP 	Created recall_text = TextStim(__class__=<class 'psychopy.visual.text.TextStim'>, alignHoriz=method-wrapper(...), alignText='center', alignVert=method-wrapper(...), anchorHoriz='center', anchorVert='center', antialias=True, autoLog=True, bold=False, color='white', colorSpace='named', contrast=1.0, depth=0.0, flipHoriz=False, flipVert=False, font='Arial', fontFiles=[], height=0.05, italic=False, languageStyle='LTR', name='recall_text', opacity=1.0, ori=0, pos=array([0. , 0.4]), rgb=array([255., 255., 255.]), text='Recall', units='height', win=Window(...), wrapWidth=1)
5.0774 	EXP 	Created instructions_2 = TextStim(__class__=<class 'psychopy.visual.text.TextStim'>, alignHoriz=method-wrapper(...), alignText='center', alignVert=method-wrapper(...), anchorHoriz='center', anchorVert='center', antialias=True, autoLog=True, bold=False, color='white', colorSpace='named', contrast=1.0, depth=-1.0, flipHoriz=False, flipVert=False, font='Arial', fontFiles=[], height=0.03, italic=False, languageStyle='LTR', name='instructions_2', opacity=1.0, ori=0, pos=array([ 0. , -0.4]), rgb=array([255., 255., 255.]), text=str(...), units='height', win=Window(...), wrapWidth=1)
5.0787 	EXP 	Created fixation_2 = TextStim(__class__=<class 'psychopy.visual.text.TextStim'>, alignHoriz=method-wrapper(...), alignText='center', alignVert=method-wrapper(...), anchorHoriz='center', anchorVert='center', antialias=True, autoLog=True, bold=False, color='white', colorSpace='named', contrast=1.0, depth=-2.0, flipHoriz=False, flipVert=False, font='Arial', fontFiles=[], height=0.05, italic=False, languageStyle='LTR', name='fixation_2', opacity=1.0, ori=0, pos=array([0., 0.]), rgb=array([255., 255., 255.]), text='+', units='height', win=Window(...), wrapWidth=1)
5.1206 	EXP 	Created grid_2 = ImageStim(__class__=<class 'psychopy.visual.image.ImageStim'>, autoLog=True, color=array([1., 1., 1.]), colorSpace='rgb', contrast=1.0, depth=-3.0, flipHoriz=False, flipVert=False, image='grid.png', interpolate=True, mask=None, maskParams=None, name='grid_2', opacity=1.0, ori=0.0, pos=array([0., 0.]), size=array([0.6, 0.6]), texRes=128, units='height', win=Window(...))
5.1208 	EXP 	window1: mouseVisible = True
5.1218 	EXP 	Created square_1 = Rect(__class__=<class 'psychopy.visual.rect.Rect'>, autoDraw=False, autoLog=True, closeShape=True, color=method-wrapper(...), colorSpace=None, contrast=1.0, depth=-5.0, fillColor=array([1.   , 0.004, 0.004]), fillColorSpace='rgb', fillRGB=array([1.   , 0.004, 0.004]), interpolate=True, lineColor=None, lineColorSpace=None, lineRGB=None, lineWidth=1, name='square_1', opacity=1.0, ori=array(0.), pos=array([-0.225,  0.225]), size=array([0.1, 0.1]), units='height', vertices=ndarray(...), win=Window(...))
5.1228 	EXP 	Created square_2 = Rect(__class__=<class 'psychopy.visual.rect.Rect'>, autoDraw=False, autoLog=True, closeShape=True, color=method-wrapper(...), colorSpace=None, contrast=1.0, depth=-6.0, fillColor=array([1.   , 0.004, 0.004]), fillColorSpace='rgb', fillRGB=array([1.   , 0.004, 0.004]), interpolate=True, lineColor=None, lineColorSpace=None, lineRGB=None, lineWidth=1, name='square_2', opacity=1.0, ori=array(0.), pos=array([-0.075,  0.225]), size=array([0.1, 0.1]), units='height', vertices=ndarray(...), win=Window(...))
5.1237 	EXP 	Created square_3 = Rect(__class__=<class 'psychopy.visual.rect.Rect'>, autoDraw=False, autoLog=True, closeShape=True, color=method-wrapper(...), colorSpace=None, contrast=1.0, depth=-7.0, fillColor=array([1.   , 0.004, 0.004]), fillColorSpace='rgb', fillRGB=array([1.   , 0.004, 0.004]), interpolate=True, lineColor=None, lineColorSpace=None, lineRGB=None, lineWidth=1, name='square_3', opacity=1.0, ori=array(0.), pos=array([0.075, 0.225]), size=array([0.1, 0.1]), units='height', vertices=ndarray(...), win=Window(...))
5.1247 	EXP 	Created square_4 = Rect(__class__=<class 'psychopy.visual.rect.Rect'>, autoDraw=False, autoLog=True, closeShape=True, color=method-wrapper(...), colorSpace=None, contrast=1.0, depth=-8.0, fillColor=array([1.   , 0.004, 0.004]), fillColorSpace='rgb', fillRGB=array([1.   , 0.004, 0.004]), interpolate=True, lineColor=None, lineColorSpace=None, lineRGB=None, lineWidth=1, name='square_4', opacity=1.0, ori=array(0.), pos=array([0.225, 0.225]), size=array([0.1, 0.1]), units='height', vertices=ndarray(...), win=Window(...))
5.1256 	EXP 	Created square_5 = Rect(__class__=<class 'psychopy.visual.rect.Rect'>, autoDraw=False, autoLog=True, closeShape=True, color=method-wrapper(...), colorSpace=None, contrast=1.0, depth=-9.0, fillColor=array([1.   , 0.004, 0.004]), fillColorSpace='rgb', fillRGB=array([1.   , 0.004, 0.004]), interpolate=True, lineColor=None, lineColorSpace=None, lineRGB=None, lineWidth=1, name='square_5', opacity=1.0, ori=array(0.), pos=array([-0.225,  0.075]), size=array([0.1, 0.1]), units='height', vertices=ndarray(...), win=Window(...))
5.1265 	EXP 	Created square_6 = Rect(__class__=<class 'psychopy.visual.rect.Rect'>, autoDraw=False, autoLog=True, closeShape=True, color=method-wrapper(...), colorSpace=None, contrast=1.0, depth=-10.0, fillColor=array([1.   , 0.004, 0.004]), fillColorSpace='rgb', fillRGB=array([1.   , 0.004, 0.004]), interpolate=True, lineColor=None, lineColorSpace=None, lineRGB=None, lineWidth=1, name='square_6', opacity=1.0, ori=array(0.), pos=array([-0.075,  0.075]), size=array([0.1, 0.1]), units='height', vertices=ndarray(...), win=Window(...))
5.1280 	EXP 	Created square_7 = Rect(__class__=<class 'psychopy.visual.rect.Rect'>, autoDraw=False, autoLog=True, closeShape=True, color=method-wrapper(...), colorSpace=None, contrast=1.0, depth=-11.0, fillColor=array([1.   , 0.004, 0.004]), fillColorSpace='rgb', fillRGB=array([1.   , 0.004, 0.004]), interpolate=True, lineColor=None, lineColorSpace=None, lineRGB=None, lineWidth=1, name='square_7', opacity=1.0, ori=array(0.), pos=array([0.075, 0.075]), size=array([0.1, 0.1]), units='height', vertices=ndarray(...), win=Window(...))
5.1291 	EXP 	Created square_8 = Rect(__class__=<class 'psychopy.visual.rect.Rect'>, autoDraw=False, autoLog=True, closeShape=True, color=method-wrapper(...), colorSpace=None, contrast=1.0, depth=-12.0, fillColor=array([1.   , 0.004, 0.004]), fillColorSpace='rgb', fillRGB=array([1.   , 0.004, 0.004]), interpolate=True, lineColor=None, lineColorSpace=None, lineRGB=None, lineWidth=1, name='square_8', opacity=1.0, ori=array(0.), pos=array([0.225, 0.075]), size=array([0.1, 0.1]), units='height', vertices=ndarray(...), win=Window(...))
5.1300 	EXP 	Created square_9 = Rect(__class__=<class 'psychopy.visual.rect.Rect'>, autoDraw=False, autoLog=True, closeShape=True, color=method-wrapper(...), colorSpace=None, contrast=1.0, depth=-13.0, fillColor=array([1.   , 0.004, 0.004]), fillColorSpace='rgb', fillRGB=array([1.   , 0.004, 0.004]), interpolate=True, lineColor=None, lineColorSpace=None, lineRGB=None, lineWidth=1, name='square_9', opacity=1.0, ori=array(0.), pos=array([-0.225, -0.075]), size=array([0.1, 0.1]), units='height', vertices=ndarray(...), win=Window(...))
5.1315 	EXP 	Created square_10 = Rect(__class__=<class 'psychopy.visual.rect.Rect'>, autoDraw=False, autoLog=True, closeShape=True, color=method-wrapper(...), colorSpace=None, contrast=1.0, depth=-14.0, fillColor=array([1.   , 0.004, 0.004]), fillColorSpace='rgb', fillRGB=array([1.   , 0.004, 0.004]), interpolate=True, lineColor=None, lineColorSpace=None, lineRGB=None, lineWidth=1, name='square_10', opacity=1.0, ori=array(0.), pos=array([-0.075, -0.075]), size=array([0.1, 0.1]), units='height', vertices=ndarray(...), win=Window(...))
5.1328 	EXP 	Created square_11 = Rect(__class__=<class 'psychopy.visual.rect.Rect'>, autoDraw=False, autoLog=True, closeShape=True, color=method-wrapper(...), colorSpace=None, contrast=1.0, depth=-15.0, fillColor=array([1.   , 0.004, 0.004]), fillColorSpace='rgb', fillRGB=array([1.   , 0.004, 0.004]), interpolate=True, lineColor=None, lineColorSpace=None, lineRGB=None, lineWidth=1, name='square_11', opacity=1.0, ori=array(0.), pos=array([ 0.075, -0.075]), size=array([0.1, 0.1]), units='height', vertices=ndarray(...), win=Window(...))
5.1338 	EXP 	Created square_12 = Rect(__class__=<class 'psychopy.visual.rect.Rect'>, autoDraw=False, autoLog=True, closeShape=True, color=method-wrapper(...), colorSpace=None, contrast=1.0, depth=-16.0, fillColor=array([1.   , 0.004, 0.004]), fillColorSpace='rgb', fillRGB=array([1.   , 0.004, 0.004]), interpolate=True, lineColor=None, lineColorSpace=None, lineRGB=None, lineWidth=1, name='square_12', opacity=1.0, ori=array(0.), pos=array([ 0.225, -0.075]), size=array([0.1, 0.1]), units='height', vertices=ndarray(...), win=Window(...))
5.1347 	EXP 	Created square_13 = Rect(__class__=<class 'psychopy.visual.rect.Rect'>, autoDraw=False, autoLog=True, closeShape=True, color=method-wrapper(...), colorSpace=None, contrast=1.0, depth=-17.0, fillColor=array([1.   , 0.004, 0.004]), fillColorSpace='rgb', fillRGB=array([1.   , 0.004, 0.004]), interpolate=True, lineColor=None, lineColorSpace=None, lineRGB=None, lineWidth=1, name='square_13', opacity=1.0, ori=array(0.), pos=array([-0.225, -0.225]), size=array([0.1, 0.1]), units='height', vertices=ndarray(...), win=Window(...))
5.1356 	EXP 	Created square_14 = Rect(__class__=<class 'psychopy.visual.rect.Rect'>, autoDraw=False, autoLog=True, closeShape=True, color=method-wrapper(...), colorSpace=None, contrast=1.0, depth=-18.0, fillColor=array([1.   , 0.004, 0.004]), fillColorSpace='rgb', fillRGB=array([1.   , 0.004, 0.004]), interpolate=True, lineColor=None, lineColorSpace=None, lineRGB=None, lineWidth=1, name='square_14', opacity=1.0, ori=array(0.), pos=array([-0.075, -0.225]), size=array([0.1, 0.1]), units='height', vertices=ndarray(...), win=Window(...))
5.1365 	EXP 	Created square_15 = Rect(__class__=<class 'psychopy.visual.rect.Rect'>, autoDraw=False, autoLog=True, closeShape=True, color=method-wrapper(...), colorSpace=None, contrast=1.0, depth=-19.0, fillColor=array([1.   , 0.004, 0.004]), fillColorSpace='rgb', fillRGB=array([1.   , 0.004, 0.004]), interpolate=True, lineColor=None, lineColorSpace=None, lineRGB=None, lineWidth=1, name='square_15', opacity=1.0, ori=array(0.), pos=array([ 0.075, -0.225]), size=array([0.1, 0.1]), units='height', vertices=ndarray(...), win=Window(...))
5.1375 	EXP 	Created square_16 = Rect(__class__=<class 'psychopy.visual.rect.Rect'>, autoDraw=False, autoLog=True, closeShape=True, color=method-wrapper(...), colorSpace=None, contrast=1.0, depth=-20.0, fillColor=array([1.   , 0.004, 0.004]), fillColorSpace='rgb', fillRGB=array([1.   , 0.004, 0.004]), interpolate=True, lineColor=None, lineColorSpace=None, lineRGB=None, lineWidth=1, name='square_16', opacity=1.0, ori=array(0.), pos=array([ 0.225, -0.225]), size=array([0.1, 0.1]), units='height', vertices=ndarray(...), win=Window(...))
5.1377 	EXP 	window1: mouseVisible = False
6.1368 	EXP 	instuctions_1: autoDraw = True
6.5782 	DATA 	Mouse: Left button down, pos=(689,568)
6.6791 	DATA 	Mouse:  Left button up, pos=(689,568)
7.1600 	DATA 	Keypress: space
7.1763 	EXP 	instuctions_1: autoDraw = False
8.1430 	EXP 	instuctions: autoDraw = True
9.3271 	EXP 	window1: mouseVisible = True
9.3273 	EXP 	window1: mouseVisible = True
9.3470 	DATA 	Keypress: space
9.3605 	EXP 	instuctions: autoDraw = False
9.3605 	EXP 	image_2: autoDraw = True
9.3605 	EXP 	polygon: autoDraw = True
11.3594 	EXP 	image_2: autoDraw = False
11.3594 	EXP 	polygon: autoDraw = False
12.3262 	EXP 	image: autoDraw = True
12.3262 	EXP 	text_4: autoDraw = True
13.3263 	EXP 	text_4: autoDraw = False
13.5099 	EXP 	window1: mouseVisible = False
13.5139 	DATA 	Keypress: left
13.5260 	EXP 	image: autoDraw = False
13.5260 	EXP 	text_4: autoDraw = False
14.5093 	EXP 	text_3: autoDraw = True
16.0293 	DATA 	Mouse: Left button down, pos=(677,536)
16.1279 	DATA 	Mouse:  Left button up, pos=(677,536)
16.3769 	EXP 	window1: mouseVisible = True
16.3807 	DATA 	Keypress: space
16.4092 	EXP 	text_3: autoDraw = False
16.4092 	EXP 	trialselect: autoDraw = True
16.4092 	EXP 	text_5: autoDraw = True
18.0276 	DATA 	Mouse: Left button down, pos=(677,536)
18.0291 	EXP 	window1: mouseVisible = False
18.0424 	EXP 	trialselect: autoDraw = False
18.0424 	EXP 	text_5: autoDraw = False
18.1272 	DATA 	Mouse:  Left button up, pos=(677,536)
19.0260 	EXP 	text_2: autoDraw = True
21.5109 	DATA 	Keypress: escape
21.8401 	EXP 	window1: mouseVisible = True
