0.2951 	WARNING 	We strongly recommend you activate the PTB sound engine in PsychoPy prefs as the preferred audio engine. Its timing is vastly superior. Your prefs are currently set to use ['sounddevice', 'PTB', 'pyo', 'pygame'] (in that order).
3.4329 	WARNING 	User requested fullscreen with size [1024  768], but screen is actually [1440, 900]. Using actual size
4.2120 	EXP 	Created window1 = Window(allowGUI=False, allowStencil=False, args=UNKNOWN, autoLog=True, bitsMode=UNKNOWN, blendMode='avg', bpc=(8, 8, 8), color=array([0., 0., 0.]), colorSpace='rgb', depthBits=8, fullscr=<method-wrapper '__getattribute__' of attributeSetter object at 0x1421a79e8>, gamma=None, gammaErrorPolicy='raise', kwargs=UNKNOWN, lms=UNKNOWN, monitor=<psychopy.monitors.calibTools.Monitor object at 0x142215470>, multiSample=False, name='window1', numSamples=2, pos=[360.0, 225.0], screen=0, size=array([2880, 1800]), stencilBits=0, stereo=False, units='height', useFBO=True, useRetina=True, viewOri=0.0, viewPos=None, viewScale=None, waitBlanking=True, winType='pyglet')
4.2124 	EXP 	window1: mouseVisible = True
4.2126 	EXP 	window1: recordFrameIntervals = False
4.3773 	EXP 	window1: recordFrameIntervals = True
4.5610 	EXP 	window1: recordFrameIntervals = False
4.6572 	EXP 	Created instuctions_1 = TextStim(__class__=<class 'psychopy.visual.text.TextStim'>, alignHoriz=method-wrapper(...), alignText='center', alignVert=method-wrapper(...), anchorHoriz='center', anchorVert='center', antialias=True, autoLog=True, bold=False, color='white', colorSpace='named', contrast=1.0, depth=0.0, flipHoriz=False, flipVert=False, font='Arial', fontFiles=[], height=0.05, italic=False, languageStyle='LTR', name='instuctions_1', opacity=1.0, ori=0, pos=array([0., 0.]), rgb=array([255., 255., 255.]), text=str(...), units='height', win=Window(...), wrapWidth=1)
4.6985 	EXP 	Created instuctions = TextStim(__class__=<class 'psychopy.visual.text.TextStim'>, alignHoriz=method-wrapper(...), alignText='center', alignVert=method-wrapper(...), anchorHoriz='center', anchorVert='center', antialias=True, autoLog=True, bold=False, color='white', colorSpace='named', contrast=1.0, depth=0.0, flipHoriz=False, flipVert=False, font='Arial', fontFiles=[], height=0.05, italic=False, languageStyle='LTR', name='instuctions', opacity=1.0, ori=0, pos=array([0., 0.]), rgb=array([255., 255., 255.]), text=str(...), units='height', win=Window(...), wrapWidth=1)
4.7906 	EXP 	Created image_2 = ImageStim(__class__=<class 'psychopy.visual.image.ImageStim'>, autoLog=True, color=array([1., 1., 1.]), colorSpace='rgb', contrast=1.0, depth=0.0, flipHoriz=False, flipVert=False, image='grid.png', interpolate=True, mask=None, maskParams=None, name='image_2', opacity=1.0, ori=0.0, pos=array([0., 0.]), size=array([0.6, 0.6]), texRes=128, units='height', win=Window(...))
4.7924 	EXP 	Created polygon = Rect(__class__=<class 'psychopy.visual.rect.Rect'>, autoDraw=False, autoLog=True, closeShape=True, color=method-wrapper(...), colorSpace=None, contrast=1.0, depth=-1.0, fillColor=array([ 0.804, -1.   , -1.   ]), fillColorSpace='rgb', fillRGB=array([ 0.804, -1.   , -1.   ]), interpolate=True, lineColor=array([1., 1., 1.]), lineColorSpace='rgb', lineRGB=array([1., 1., 1.]), lineWidth=1, name='polygon', opacity=1.0, ori=array(0.), pos=array([-0.075,  0.075]), size=array([0.1, 0.1]), units='height', vertices=ndarray(...), win=Window(...))
4.8381 	EXP 	Created text_2 = TextStim(__class__=<class 'psychopy.visual.text.TextStim'>, alignHoriz=method-wrapper(...), alignText='center', alignVert=method-wrapper(...), anchorHoriz='center', anchorVert='center', antialias=True, autoLog=True, bold=False, color='white', colorSpace='named', contrast=1.0, depth=-1.0, flipHoriz=False, flipVert=False, font='Arial', fontFiles=[], height=0.05, italic=False, languageStyle='LTR', name='text_2', opacity=1.0, ori=0, pos=array([0., 0.]), rgb=array([255., 255., 255.]), text=str(...), units='height', win=Window(...), wrapWidth=1)
4.8700 	EXP 	Created text_6 = TextStim(__class__=<class 'psychopy.visual.text.TextStim'>, alignHoriz=method-wrapper(...), alignText='center', alignVert=method-wrapper(...), anchorHoriz='center', anchorVert='center', antialias=True, autoLog=True, bold=False, color='white', colorSpace='named', contrast=1.0, depth=-1.0, flipHoriz=False, flipVert=False, font='Arial', fontFiles=[], height=0.05, italic=False, languageStyle='LTR', name='text_6', opacity=1.0, ori=0, pos=array([0., 0.]), rgb=array([255., 255., 255.]), text=str(...), units='height', win=Window(...), wrapWidth=1)
4.9056 	EXP 	Created image = ImageStim(__class__=<class 'psychopy.visual.image.ImageStim'>, autoLog=True, color=array([1., 1., 1.]), colorSpace='rgb', contrast=1.0, depth=0.0, flipHoriz=False, flipVert=False, image='sym1.jpg', interpolate=True, mask=None, maskParams=None, name='image', opacity=1.0, ori=0.0, pos=array([0., 0.]), size=array([0.5, 0.5]), texRes=128, units='height', win=Window(...))
4.9359 	EXP 	Created text_4 = TextStim(__class__=<class 'psychopy.visual.text.TextStim'>, alignHoriz=method-wrapper(...), alignText='center', alignVert=method-wrapper(...), anchorHoriz='center', anchorVert='center', antialias=True, autoLog=True, bold=False, color='white', colorSpace='named', contrast=1.0, depth=-2.0, flipHoriz=False, flipVert=False, font='Arial', fontFiles=[], height=0.05, italic=False, languageStyle='LTR', name='text_4', opacity=1.0, ori=0, pos=array([ 0. , -0.4]), rgb=array([255., 255., 255.]), text='<-    symmetrical  |  non-symmetrical ->', units='height', win=Window(...), wrapWidth=1)
4.9469 	EXP 	Created text_3 = TextStim(__class__=<class 'psychopy.visual.text.TextStim'>, alignHoriz=method-wrapper(...), alignText='center', alignVert=method-wrapper(...), anchorHoriz='center', anchorVert='center', antialias=True, autoLog=True, bold=False, color='white', colorSpace='named', contrast=1.0, depth=0.0, flipHoriz=False, flipVert=False, font='Arial', fontFiles=[], height=0.05, italic=False, languageStyle='LTR', name='text_3', opacity=1.0, ori=0, pos=array([0., 0.]), rgb=array([255., 255., 255.]), text=str(...), units='height', win=Window(...), wrapWidth=1)
5.0170 	EXP 	Created trialselect = ImageStim(__class__=<class 'psychopy.visual.image.ImageStim'>, autoLog=True, color=array([1., 1., 1.]), colorSpace='rgb', contrast=1.0, depth=0.0, flipHoriz=False, flipVert=False, image='grid.png', interpolate=True, mask=None, maskParams=None, name='trialselect', opacity=1.0, ori=0.0, pos=array([0., 0.]), size=array([0.6, 0.6]), texRes=128, units='height', win=Window(...))
5.0172 	EXP 	window1: mouseVisible = True
5.0294 	EXP 	Created text_5 = TextStim(__class__=<class 'psychopy.visual.text.TextStim'>, alignHoriz=method-wrapper(...), alignText='center', alignVert=method-wrapper(...), anchorHoriz='center', anchorVert='center', antialias=True, autoLog=True, bold=False, color='white', colorSpace='named', contrast=1.0, depth=-2.0, flipHoriz=False, flipVert=False, font='Arial', fontFiles=[], height=0.03, italic=False, languageStyle='LTR', name='text_5', opacity=1.0, ori=0, pos=array([ 0. , -0.4]), rgb=array([255., 255., 255.]), text=str(...), units='height', win=Window(...), wrapWidth=1)
5.0573 	EXP 	Created text_7 = TextStim(__class__=<class 'psychopy.visual.text.TextStim'>, alignHoriz=method-wrapper(...), alignText='center', alignVert=method-wrapper(...), anchorHoriz='center', anchorVert='center', antialias=True, autoLog=True, bold=False, color='white', colorSpace='named', contrast=1.0, depth=-1.0, flipHoriz=False, flipVert=False, font='Arial', fontFiles=[], height=0.05, italic=False, languageStyle='LTR', name='text_7', opacity=1.0, ori=0, pos=array([0., 0.]), rgb=array([255., 255., 255.]), text=str(...), units='height', win=Window(...), wrapWidth=1)
5.0595 	EXP 	Created fixation_1 = TextStim(__class__=<class 'psychopy.visual.text.TextStim'>, alignHoriz=method-wrapper(...), alignText='center', alignVert=method-wrapper(...), anchorHoriz='center', anchorVert='center', antialias=True, autoLog=True, bold=False, color='white', colorSpace='named', contrast=1.0, depth=0.0, flipHoriz=False, flipVert=False, font='Arial', fontFiles=[], height=0.05, italic=False, languageStyle='LTR', name='fixation_1', opacity=1.0, ori=0, pos=array([0., 0.]), rgb=array([255., 255., 255.]), text='+', units='height', win=Window(...), wrapWidth=1)
5.1073 	EXP 	Created grid = ImageStim(__class__=<class 'psychopy.visual.image.ImageStim'>, autoLog=True, color=array([1., 1., 1.]), colorSpace='rgb', contrast=1.0, depth=-1.0, flipHoriz=False, flipVert=False, image='grid.png', interpolate=True, mask=None, maskParams=None, name='grid', opacity=1.0, ori=0.0, pos=array([0., 0.]), size=array([0.6, 0.6]), texRes=512, units='height', win=Window(...))
5.1084 	EXP 	Created square = Rect(__class__=<class 'psychopy.visual.rect.Rect'>, autoDraw=False, autoLog=True, closeShape=True, color=method-wrapper(...), colorSpace=None, contrast=1.0, depth=-2.0, fillColor=array([ 0.804, -1.   , -1.   ]), fillColorSpace='rgb', fillRGB=array([ 0.804, -1.   , -1.   ]), interpolate=True, lineColor=None, lineColorSpace=None, lineRGB=None, lineWidth=1, name='square', opacity=1.0, ori=array(0.), pos=array([0., 0.]), size=array([0.1, 0.1]), units='height', vertices=ndarray(...), win=Window(...))
5.1101 	EXP 	Created symmetry_grid = ImageStim(__class__=<class 'psychopy.visual.image.ImageStim'>, autoLog=True, color=array([1., 1., 1.]), colorSpace='rgb', contrast=1.0, depth=0.0, flipHoriz=False, flipVert=False, image='sin', interpolate=True, mask=None, maskParams=None, name='symmetry_grid', opacity=1.0, ori=0.0, pos=array([0., 0.]), size=array([0.5, 0.5]), texRes=128, units='height', win=Window(...))
5.1365 	EXP 	Created text = TextStim(__class__=<class 'psychopy.visual.text.TextStim'>, alignHoriz=method-wrapper(...), alignText='center', alignVert=method-wrapper(...), anchorHoriz='center', anchorVert='center', antialias=True, autoLog=True, bold=False, color='white', colorSpace='named', contrast=1.0, depth=-2.0, flipHoriz=False, flipVert=False, font='Arial', fontFiles=[], height=0.05, italic=False, languageStyle='LTR', name='text', opacity=1.0, ori=0, pos=array([ 0. , -0.4]), rgb=array([255., 255., 255.]), text='<-    symmetrical  |  non-symmetrical ->', units='height', win=Window(...), wrapWidth=1)
5.1429 	EXP 	Created recall_text = TextStim(__class__=<class 'psychopy.visual.text.TextStim'>, alignHoriz=method-wrapper(...), alignText='center', alignVert=method-wrapper(...), anchorHoriz='center', anchorVert='center', antialias=True, autoLog=True, bold=False, color='white', colorSpace='named', contrast=1.0, depth=0.0, flipHoriz=False, flipVert=False, font='Arial', fontFiles=[], height=0.05, italic=False, languageStyle='LTR', name='recall_text', opacity=1.0, ori=0, pos=array([0. , 0.4]), rgb=array([255., 255., 255.]), text='Recall', units='height', win=Window(...), wrapWidth=1)
5.1469 	EXP 	Created instructions_2 = TextStim(__class__=<class 'psychopy.visual.text.TextStim'>, alignHoriz=method-wrapper(...), alignText='center', alignVert=method-wrapper(...), anchorHoriz='center', anchorVert='center', antialias=True, autoLog=True, bold=False, color='white', colorSpace='named', contrast=1.0, depth=-1.0, flipHoriz=False, flipVert=False, font='Arial', fontFiles=[], height=0.03, italic=False, languageStyle='LTR', name='instructions_2', opacity=1.0, ori=0, pos=array([ 0. , -0.4]), rgb=array([255., 255., 255.]), text=str(...), units='height', win=Window(...), wrapWidth=1)
5.1481 	EXP 	Created fixation_2 = TextStim(__class__=<class 'psychopy.visual.text.TextStim'>, alignHoriz=method-wrapper(...), alignText='center', alignVert=method-wrapper(...), anchorHoriz='center', anchorVert='center', antialias=True, autoLog=True, bold=False, color='white', colorSpace='named', contrast=1.0, depth=-2.0, flipHoriz=False, flipVert=False, font='Arial', fontFiles=[], height=0.05, italic=False, languageStyle='LTR', name='fixation_2', opacity=1.0, ori=0, pos=array([0., 0.]), rgb=array([255., 255., 255.]), text='+', units='height', win=Window(...), wrapWidth=1)
5.1934 	EXP 	Created grid_2 = ImageStim(__class__=<class 'psychopy.visual.image.ImageStim'>, autoLog=True, color=array([1., 1., 1.]), colorSpace='rgb', contrast=1.0, depth=-3.0, flipHoriz=False, flipVert=False, image='grid.png', interpolate=True, mask=None, maskParams=None, name='grid_2', opacity=1.0, ori=0.0, pos=array([0., 0.]), size=array([0.6, 0.6]), texRes=128, units='height', win=Window(...))
5.1935 	EXP 	window1: mouseVisible = True
5.1948 	EXP 	Created square_1 = Rect(__class__=<class 'psychopy.visual.rect.Rect'>, autoDraw=False, autoLog=True, closeShape=True, color=method-wrapper(...), colorSpace=None, contrast=1.0, depth=-5.0, fillColor=array([1.   , 0.004, 0.004]), fillColorSpace='rgb', fillRGB=array([1.   , 0.004, 0.004]), interpolate=True, lineColor=None, lineColorSpace=None, lineRGB=None, lineWidth=1, name='square_1', opacity=1.0, ori=array(0.), pos=array([-0.225,  0.225]), size=array([0.1, 0.1]), units='height', vertices=ndarray(...), win=Window(...))
5.1959 	EXP 	Created square_2 = Rect(__class__=<class 'psychopy.visual.rect.Rect'>, autoDraw=False, autoLog=True, closeShape=True, color=method-wrapper(...), colorSpace=None, contrast=1.0, depth=-6.0, fillColor=array([1.   , 0.004, 0.004]), fillColorSpace='rgb', fillRGB=array([1.   , 0.004, 0.004]), interpolate=True, lineColor=None, lineColorSpace=None, lineRGB=None, lineWidth=1, name='square_2', opacity=1.0, ori=array(0.), pos=array([-0.075,  0.225]), size=array([0.1, 0.1]), units='height', vertices=ndarray(...), win=Window(...))
5.1970 	EXP 	Created square_3 = Rect(__class__=<class 'psychopy.visual.rect.Rect'>, autoDraw=False, autoLog=True, closeShape=True, color=method-wrapper(...), colorSpace=None, contrast=1.0, depth=-7.0, fillColor=array([1.   , 0.004, 0.004]), fillColorSpace='rgb', fillRGB=array([1.   , 0.004, 0.004]), interpolate=True, lineColor=None, lineColorSpace=None, lineRGB=None, lineWidth=1, name='square_3', opacity=1.0, ori=array(0.), pos=array([0.075, 0.225]), size=array([0.1, 0.1]), units='height', vertices=ndarray(...), win=Window(...))
5.1981 	EXP 	Created square_4 = Rect(__class__=<class 'psychopy.visual.rect.Rect'>, autoDraw=False, autoLog=True, closeShape=True, color=method-wrapper(...), colorSpace=None, contrast=1.0, depth=-8.0, fillColor=array([1.   , 0.004, 0.004]), fillColorSpace='rgb', fillRGB=array([1.   , 0.004, 0.004]), interpolate=True, lineColor=None, lineColorSpace=None, lineRGB=None, lineWidth=1, name='square_4', opacity=1.0, ori=array(0.), pos=array([0.225, 0.225]), size=array([0.1, 0.1]), units='height', vertices=ndarray(...), win=Window(...))
5.1992 	EXP 	Created square_5 = Rect(__class__=<class 'psychopy.visual.rect.Rect'>, autoDraw=False, autoLog=True, closeShape=True, color=method-wrapper(...), colorSpace=None, contrast=1.0, depth=-9.0, fillColor=array([1.   , 0.004, 0.004]), fillColorSpace='rgb', fillRGB=array([1.   , 0.004, 0.004]), interpolate=True, lineColor=None, lineColorSpace=None, lineRGB=None, lineWidth=1, name='square_5', opacity=1.0, ori=array(0.), pos=array([-0.225,  0.075]), size=array([0.1, 0.1]), units='height', vertices=ndarray(...), win=Window(...))
5.2003 	EXP 	Created square_6 = Rect(__class__=<class 'psychopy.visual.rect.Rect'>, autoDraw=False, autoLog=True, closeShape=True, color=method-wrapper(...), colorSpace=None, contrast=1.0, depth=-10.0, fillColor=array([1.   , 0.004, 0.004]), fillColorSpace='rgb', fillRGB=array([1.   , 0.004, 0.004]), interpolate=True, lineColor=None, lineColorSpace=None, lineRGB=None, lineWidth=1, name='square_6', opacity=1.0, ori=array(0.), pos=array([-0.075,  0.075]), size=array([0.1, 0.1]), units='height', vertices=ndarray(...), win=Window(...))
5.2014 	EXP 	Created square_7 = Rect(__class__=<class 'psychopy.visual.rect.Rect'>, autoDraw=False, autoLog=True, closeShape=True, color=method-wrapper(...), colorSpace=None, contrast=1.0, depth=-11.0, fillColor=array([1.   , 0.004, 0.004]), fillColorSpace='rgb', fillRGB=array([1.   , 0.004, 0.004]), interpolate=True, lineColor=None, lineColorSpace=None, lineRGB=None, lineWidth=1, name='square_7', opacity=1.0, ori=array(0.), pos=array([0.075, 0.075]), size=array([0.1, 0.1]), units='height', vertices=ndarray(...), win=Window(...))
5.2025 	EXP 	Created square_8 = Rect(__class__=<class 'psychopy.visual.rect.Rect'>, autoDraw=False, autoLog=True, closeShape=True, color=method-wrapper(...), colorSpace=None, contrast=1.0, depth=-12.0, fillColor=array([1.   , 0.004, 0.004]), fillColorSpace='rgb', fillRGB=array([1.   , 0.004, 0.004]), interpolate=True, lineColor=None, lineColorSpace=None, lineRGB=None, lineWidth=1, name='square_8', opacity=1.0, ori=array(0.), pos=array([0.225, 0.075]), size=array([0.1, 0.1]), units='height', vertices=ndarray(...), win=Window(...))
5.2035 	EXP 	Created square_9 = Rect(__class__=<class 'psychopy.visual.rect.Rect'>, autoDraw=False, autoLog=True, closeShape=True, color=method-wrapper(...), colorSpace=None, contrast=1.0, depth=-13.0, fillColor=array([1.   , 0.004, 0.004]), fillColorSpace='rgb', fillRGB=array([1.   , 0.004, 0.004]), interpolate=True, lineColor=None, lineColorSpace=None, lineRGB=None, lineWidth=1, name='square_9', opacity=1.0, ori=array(0.), pos=array([-0.225, -0.075]), size=array([0.1, 0.1]), units='height', vertices=ndarray(...), win=Window(...))
5.2045 	EXP 	Created square_10 = Rect(__class__=<class 'psychopy.visual.rect.Rect'>, autoDraw=False, autoLog=True, closeShape=True, color=method-wrapper(...), colorSpace=None, contrast=1.0, depth=-14.0, fillColor=array([1.   , 0.004, 0.004]), fillColorSpace='rgb', fillRGB=array([1.   , 0.004, 0.004]), interpolate=True, lineColor=None, lineColorSpace=None, lineRGB=None, lineWidth=1, name='square_10', opacity=1.0, ori=array(0.), pos=array([-0.075, -0.075]), size=array([0.1, 0.1]), units='height', vertices=ndarray(...), win=Window(...))
5.2055 	EXP 	Created square_11 = Rect(__class__=<class 'psychopy.visual.rect.Rect'>, autoDraw=False, autoLog=True, closeShape=True, color=method-wrapper(...), colorSpace=None, contrast=1.0, depth=-15.0, fillColor=array([1.   , 0.004, 0.004]), fillColorSpace='rgb', fillRGB=array([1.   , 0.004, 0.004]), interpolate=True, lineColor=None, lineColorSpace=None, lineRGB=None, lineWidth=1, name='square_11', opacity=1.0, ori=array(0.), pos=array([ 0.075, -0.075]), size=array([0.1, 0.1]), units='height', vertices=ndarray(...), win=Window(...))
5.2065 	EXP 	Created square_12 = Rect(__class__=<class 'psychopy.visual.rect.Rect'>, autoDraw=False, autoLog=True, closeShape=True, color=method-wrapper(...), colorSpace=None, contrast=1.0, depth=-16.0, fillColor=array([1.   , 0.004, 0.004]), fillColorSpace='rgb', fillRGB=array([1.   , 0.004, 0.004]), interpolate=True, lineColor=None, lineColorSpace=None, lineRGB=None, lineWidth=1, name='square_12', opacity=1.0, ori=array(0.), pos=array([ 0.225, -0.075]), size=array([0.1, 0.1]), units='height', vertices=ndarray(...), win=Window(...))
5.2075 	EXP 	Created square_13 = Rect(__class__=<class 'psychopy.visual.rect.Rect'>, autoDraw=False, autoLog=True, closeShape=True, color=method-wrapper(...), colorSpace=None, contrast=1.0, depth=-17.0, fillColor=array([1.   , 0.004, 0.004]), fillColorSpace='rgb', fillRGB=array([1.   , 0.004, 0.004]), interpolate=True, lineColor=None, lineColorSpace=None, lineRGB=None, lineWidth=1, name='square_13', opacity=1.0, ori=array(0.), pos=array([-0.225, -0.225]), size=array([0.1, 0.1]), units='height', vertices=ndarray(...), win=Window(...))
5.2084 	EXP 	Created square_14 = Rect(__class__=<class 'psychopy.visual.rect.Rect'>, autoDraw=False, autoLog=True, closeShape=True, color=method-wrapper(...), colorSpace=None, contrast=1.0, depth=-18.0, fillColor=array([1.   , 0.004, 0.004]), fillColorSpace='rgb', fillRGB=array([1.   , 0.004, 0.004]), interpolate=True, lineColor=None, lineColorSpace=None, lineRGB=None, lineWidth=1, name='square_14', opacity=1.0, ori=array(0.), pos=array([-0.075, -0.225]), size=array([0.1, 0.1]), units='height', vertices=ndarray(...), win=Window(...))
5.2093 	EXP 	Created square_15 = Rect(__class__=<class 'psychopy.visual.rect.Rect'>, autoDraw=False, autoLog=True, closeShape=True, color=method-wrapper(...), colorSpace=None, contrast=1.0, depth=-19.0, fillColor=array([1.   , 0.004, 0.004]), fillColorSpace='rgb', fillRGB=array([1.   , 0.004, 0.004]), interpolate=True, lineColor=None, lineColorSpace=None, lineRGB=None, lineWidth=1, name='square_15', opacity=1.0, ori=array(0.), pos=array([ 0.075, -0.225]), size=array([0.1, 0.1]), units='height', vertices=ndarray(...), win=Window(...))
5.2104 	EXP 	Created square_16 = Rect(__class__=<class 'psychopy.visual.rect.Rect'>, autoDraw=False, autoLog=True, closeShape=True, color=method-wrapper(...), colorSpace=None, contrast=1.0, depth=-20.0, fillColor=array([1.   , 0.004, 0.004]), fillColorSpace='rgb', fillRGB=array([1.   , 0.004, 0.004]), interpolate=True, lineColor=None, lineColorSpace=None, lineRGB=None, lineWidth=1, name='square_16', opacity=1.0, ori=array(0.), pos=array([ 0.225, -0.225]), size=array([0.1, 0.1]), units='height', vertices=ndarray(...), win=Window(...))
5.2119 	EXP 	Created text_8 = TextStim(__class__=<class 'psychopy.visual.text.TextStim'>, alignHoriz=method-wrapper(...), alignText='center', alignVert=method-wrapper(...), anchorHoriz='center', anchorVert='center', antialias=True, autoLog=True, bold=False, color='white', colorSpace='named', contrast=1.0, depth=0.0, flipHoriz=False, flipVert=False, font='Arial', fontFiles=[], height=0.05, italic=False, languageStyle='LTR', name='text_8', opacity=1.0, ori=0, pos=array([0., 0.]), rgb=array([255., 255., 255.]), text='+', units='height', win=Window(...), wrapWidth=1)
5.2121 	EXP 	window1: mouseVisible = False
6.2269 	EXP 	instuctions_1: autoDraw = True
6.6131 	DATA 	Mouse: Left button down, pos=(523,570)
6.7119 	DATA 	Mouse:  Left button up, pos=(523,570)
7.1427 	DATA 	Keypress: space
7.1627 	EXP 	instuctions_1: autoDraw = False
8.1127 	EXP 	instuctions: autoDraw = True
8.4472 	EXP 	window1: mouseVisible = True
8.4473 	EXP 	window1: mouseVisible = True
8.4634 	DATA 	Keypress: space
8.4786 	EXP 	instuctions: autoDraw = False
8.4786 	EXP 	image_2: autoDraw = True
8.4786 	EXP 	polygon: autoDraw = True
10.4630 	EXP 	window1: mouseVisible = False
10.4787 	EXP 	image_2: autoDraw = False
10.4787 	EXP 	polygon: autoDraw = False
11.4626 	EXP 	text_2: autoDraw = True
12.0470 	EXP 	window1: mouseVisible = True
12.0472 	EXP 	window1: mouseVisible = False
12.0499 	DATA 	Keypress: space
12.0620 	EXP 	text_2: autoDraw = False
13.0459 	EXP 	text_6: autoDraw = True
13.6631 	EXP 	window1: mouseVisible = True
13.6653 	DATA 	Keypress: space
13.6791 	EXP 	text_6: autoDraw = False
14.6627 	EXP 	image: autoDraw = True
14.6627 	EXP 	text_4: autoDraw = True
15.5804 	EXP 	window1: mouseVisible = False
15.5847 	DATA 	Keypress: left
15.5958 	EXP 	image: autoDraw = False
15.5958 	EXP 	text_4: autoDraw = False
16.5795 	EXP 	text_3: autoDraw = True
17.0630 	EXP 	window1: mouseVisible = True
17.0668 	DATA 	Keypress: space
17.0813 	EXP 	text_3: autoDraw = False
17.0813 	EXP 	trialselect: autoDraw = True
17.0813 	EXP 	text_5: autoDraw = True
18.3976 	DATA 	Mouse: Left button down, pos=(598,558)
18.3991 	EXP 	window1: mouseVisible = False
18.4123 	EXP 	trialselect: autoDraw = False
18.4123 	EXP 	text_5: autoDraw = False
18.4807 	DATA 	Mouse:  Left button up, pos=(598,558)
19.3955 	EXP 	text_7: autoDraw = True
20.1966 	EXP 	window1: mouseVisible = True
20.2132 	EXP 	Imported choose_cond.xlsx as conditions, 6 conditions, 1 params
20.2136 	EXP 	Created sequence: random, trialTypes=6, nReps=1, seed=None
20.2139 	EXP 	New trial (rep=0, index=0): OrderedDict([('condition_file', 'cond1.xlsx')])
20.2208 	EXP 	Imported cond1.xlsx as conditions, 5 conditions, 6 params
20.2211 	EXP 	Created sequence: random, trialTypes=5, nReps=1, seed=None
20.2214 	EXP 	New trial (rep=0, index=0): OrderedDict([('trial', 3), ('square_num', 5), ('square_pos', [-0.225, 0.075]), ('square_corr', 'square_5'), ('picture', 'images/nsym2.jpg'), ('sym_corr', 'right')])
20.2245 	DATA 	Keypress: space
20.2454 	EXP 	text_7: autoDraw = False
20.2454 	EXP 	square: pos = array([-0.225,  0.075])
20.2454 	EXP 	fixation_1: autoDraw = True
20.7291 	EXP 	grid: autoDraw = True
20.7291 	EXP 	square: autoDraw = True
20.7458 	EXP 	fixation_1: autoDraw = False
22.2614 	EXP 	grid: autoDraw = False
22.2614 	EXP 	square: autoDraw = False
22.2614 	EXP 	fixation_1: autoDraw = False
22.2614 	EXP 	grid: autoDraw = False
22.2614 	EXP 	square: autoDraw = False
22.2614 	EXP 	symmetry_grid: image = 'images/nsym2.jpg'
22.2614 	EXP 	symmetry_grid: autoDraw = True
22.2614 	EXP 	text: autoDraw = True
23.3475 	EXP 	New trial (rep=0, index=1): OrderedDict([('trial', 5), ('square_num', 2), ('square_pos', [-0.075, 0.225]), ('square_corr', 'square_2'), ('picture', 'images/sym3.jpg'), ('sym_corr', 'left')])
23.3499 	DATA 	Keypress: left
23.3618 	EXP 	symmetry_grid: autoDraw = False
23.3618 	EXP 	text: autoDraw = False
23.3618 	EXP 	square: pos = array([-0.075,  0.225])
23.3618 	EXP 	fixation_1: autoDraw = True
23.8450 	EXP 	grid: autoDraw = True
23.8450 	EXP 	square: autoDraw = True
23.8625 	EXP 	fixation_1: autoDraw = False
25.3788 	EXP 	grid: autoDraw = False
25.3788 	EXP 	square: autoDraw = False
25.3788 	EXP 	fixation_1: autoDraw = False
25.3788 	EXP 	grid: autoDraw = False
25.3788 	EXP 	square: autoDraw = False
25.3788 	EXP 	symmetry_grid: image = 'images/sym3.jpg'
25.3788 	EXP 	symmetry_grid: autoDraw = True
25.3788 	EXP 	text: autoDraw = True
25.8155 	EXP 	New trial (rep=0, index=2): OrderedDict([('trial', 4), ('square_num', 13), ('square_pos', [-0.225, -0.225]), ('square_corr', 'square_13'), ('picture', 'images/sym2.jpg'), ('sym_corr', 'left')])
25.8199 	DATA 	Keypress: left
25.8290 	EXP 	symmetry_grid: autoDraw = False
25.8290 	EXP 	text: autoDraw = False
25.8290 	EXP 	square: pos = array([-0.225, -0.225])
25.8290 	EXP 	fixation_1: autoDraw = True
26.3125 	EXP 	grid: autoDraw = True
26.3125 	EXP 	square: autoDraw = True
26.3292 	EXP 	fixation_1: autoDraw = False
27.8454 	EXP 	grid: autoDraw = False
27.8454 	EXP 	square: autoDraw = False
27.8454 	EXP 	fixation_1: autoDraw = False
27.8454 	EXP 	grid: autoDraw = False
27.8454 	EXP 	square: autoDraw = False
27.8454 	EXP 	symmetry_grid: image = 'images/sym2.jpg'
27.8454 	EXP 	symmetry_grid: autoDraw = True
27.8454 	EXP 	text: autoDraw = True
28.0643 	EXP 	New trial (rep=0, index=3): OrderedDict([('trial', 2), ('square_num', 9), ('square_pos', [-0.225, -0.075]), ('square_corr', 'square_9'), ('picture', 'images/sym1.jpg'), ('sym_corr', 'left')])
28.0677 	DATA 	Keypress: left
28.0791 	EXP 	symmetry_grid: autoDraw = False
28.0791 	EXP 	text: autoDraw = False
28.0791 	EXP 	square: pos = array([-0.225, -0.075])
28.0791 	EXP 	fixation_1: autoDraw = True
28.5623 	EXP 	grid: autoDraw = True
28.5623 	EXP 	square: autoDraw = True
28.5790 	EXP 	fixation_1: autoDraw = False
30.0951 	EXP 	grid: autoDraw = False
30.0951 	EXP 	square: autoDraw = False
30.0951 	EXP 	fixation_1: autoDraw = False
30.0951 	EXP 	grid: autoDraw = False
30.0951 	EXP 	square: autoDraw = False
30.0951 	EXP 	symmetry_grid: image = 'images/sym1.jpg'
30.0951 	EXP 	symmetry_grid: autoDraw = True
30.0951 	EXP 	text: autoDraw = True
30.3473 	EXP 	New trial (rep=0, index=4): OrderedDict([('trial', 1), ('square_num', 6), ('square_pos', [-0.075, 0.075]), ('square_corr', 'square_6'), ('picture', 'images/nsym1.jpg'), ('sym_corr', 'right')])
30.3512 	DATA 	Keypress: left
30.3625 	EXP 	symmetry_grid: autoDraw = False
30.3625 	EXP 	text: autoDraw = False
30.3625 	EXP 	square: pos = array([-0.075,  0.075])
30.3625 	EXP 	fixation_1: autoDraw = True
30.8457 	EXP 	grid: autoDraw = True
30.8457 	EXP 	square: autoDraw = True
30.8624 	EXP 	fixation_1: autoDraw = False
31.1969 	DATA 	Keypress: left
32.3792 	EXP 	grid: autoDraw = False
32.3792 	EXP 	square: autoDraw = False
32.3792 	EXP 	fixation_1: autoDraw = False
32.3792 	EXP 	grid: autoDraw = False
32.3792 	EXP 	square: autoDraw = False
32.3792 	EXP 	symmetry_grid: image = 'images/nsym1.jpg'
32.3792 	EXP 	symmetry_grid: autoDraw = True
32.3792 	EXP 	text: autoDraw = True
32.6807 	EXP 	Created sequence: sequential, trialTypes=1, nReps=5, seed=None
32.6810 	EXP 	New trial (rep=0, index=0): None
32.6844 	DATA 	Keypress: left
32.6955 	EXP 	symmetry_grid: autoDraw = False
32.6955 	EXP 	text: autoDraw = False
32.6955 	EXP 	recall_text: autoDraw = True
32.6955 	EXP 	instructions_2: autoDraw = True
32.6955 	EXP 	fixation_2: autoDraw = True
33.1806 	EXP 	grid_2: autoDraw = True
33.1806 	EXP 	square_1: autoDraw = True
33.1806 	EXP 	square_2: autoDraw = True
33.1806 	EXP 	square_3: autoDraw = True
33.1806 	EXP 	square_4: autoDraw = True
33.1806 	EXP 	square_5: autoDraw = True
33.1806 	EXP 	square_6: autoDraw = True
33.1806 	EXP 	square_7: autoDraw = True
33.1806 	EXP 	square_8: autoDraw = True
33.1806 	EXP 	square_9: autoDraw = True
33.1806 	EXP 	square_10: autoDraw = True
33.1806 	EXP 	square_11: autoDraw = True
33.1806 	EXP 	square_12: autoDraw = True
33.1806 	EXP 	square_13: autoDraw = True
33.1806 	EXP 	square_14: autoDraw = True
33.1806 	EXP 	square_15: autoDraw = True
33.1806 	EXP 	square_16: autoDraw = True
33.1984 	EXP 	fixation_2: autoDraw = False
34.1012 	DATA 	Mouse: Left button down, pos=(637,530)
34.1105 	EXP 	New trial (rep=1, index=0): None
34.1286 	EXP 	recall_text: autoDraw = False
34.1286 	EXP 	instructions_2: autoDraw = False
34.1286 	EXP 	fixation_2: autoDraw = False
34.1286 	EXP 	grid_2: autoDraw = False
34.1286 	EXP 	square_1: autoDraw = False
34.1286 	EXP 	square_2: autoDraw = False
34.1286 	EXP 	square_3: autoDraw = False
34.1286 	EXP 	square_4: autoDraw = False
34.1286 	EXP 	square_5: autoDraw = False
34.1286 	EXP 	square_6: autoDraw = False
34.1286 	EXP 	square_7: autoDraw = False
34.1286 	EXP 	square_8: autoDraw = False
34.1286 	EXP 	square_9: autoDraw = False
34.1286 	EXP 	square_10: autoDraw = False
34.1286 	EXP 	square_11: autoDraw = False
34.1286 	EXP 	square_12: autoDraw = False
34.1286 	EXP 	square_13: autoDraw = False
34.1286 	EXP 	square_14: autoDraw = False
34.1286 	EXP 	square_15: autoDraw = False
34.1286 	EXP 	square_16: autoDraw = False
34.1286 	EXP 	recall_text: autoDraw = True
34.1286 	EXP 	instructions_2: autoDraw = True
34.1286 	EXP 	fixation_2: autoDraw = True
34.1650 	DATA 	Mouse:  Left button up, pos=(637,530)
34.6129 	EXP 	grid_2: autoDraw = True
34.6129 	EXP 	square_1: autoDraw = True
34.6129 	EXP 	square_2: autoDraw = True
34.6129 	EXP 	square_3: autoDraw = True
34.6129 	EXP 	square_4: autoDraw = True
34.6129 	EXP 	square_5: autoDraw = True
34.6129 	EXP 	square_6: autoDraw = True
34.6129 	EXP 	square_7: autoDraw = True
34.6129 	EXP 	square_8: autoDraw = True
34.6129 	EXP 	square_9: autoDraw = True
34.6129 	EXP 	square_10: autoDraw = True
34.6129 	EXP 	square_11: autoDraw = True
34.6129 	EXP 	square_12: autoDraw = True
34.6129 	EXP 	square_13: autoDraw = True
34.6129 	EXP 	square_14: autoDraw = True
34.6129 	EXP 	square_15: autoDraw = True
34.6129 	EXP 	square_16: autoDraw = True
34.6292 	EXP 	fixation_2: autoDraw = False
34.8007 	DATA 	Mouse: Left button down, pos=(637,528)
34.8091 	EXP 	New trial (rep=2, index=0): None
34.8287 	EXP 	recall_text: autoDraw = False
34.8287 	EXP 	instructions_2: autoDraw = False
34.8287 	EXP 	fixation_2: autoDraw = False
34.8287 	EXP 	grid_2: autoDraw = False
34.8287 	EXP 	square_1: autoDraw = False
34.8287 	EXP 	square_2: autoDraw = False
34.8287 	EXP 	square_3: autoDraw = False
34.8287 	EXP 	square_4: autoDraw = False
34.8287 	EXP 	square_5: autoDraw = False
34.8287 	EXP 	square_6: autoDraw = False
34.8287 	EXP 	square_7: autoDraw = False
34.8287 	EXP 	square_8: autoDraw = False
34.8287 	EXP 	square_9: autoDraw = False
34.8287 	EXP 	square_10: autoDraw = False
34.8287 	EXP 	square_11: autoDraw = False
34.8287 	EXP 	square_12: autoDraw = False
34.8287 	EXP 	square_13: autoDraw = False
34.8287 	EXP 	square_14: autoDraw = False
34.8287 	EXP 	square_15: autoDraw = False
34.8287 	EXP 	square_16: autoDraw = False
34.8287 	EXP 	recall_text: autoDraw = True
34.8287 	EXP 	instructions_2: autoDraw = True
34.8287 	EXP 	fixation_2: autoDraw = True
34.8979 	DATA 	Mouse:  Left button up, pos=(637,528)
35.3124 	EXP 	grid_2: autoDraw = True
35.3124 	EXP 	square_1: autoDraw = True
35.3124 	EXP 	square_2: autoDraw = True
35.3124 	EXP 	square_3: autoDraw = True
35.3124 	EXP 	square_4: autoDraw = True
35.3124 	EXP 	square_5: autoDraw = True
35.3124 	EXP 	square_6: autoDraw = True
35.3124 	EXP 	square_7: autoDraw = True
35.3124 	EXP 	square_8: autoDraw = True
35.3124 	EXP 	square_9: autoDraw = True
35.3124 	EXP 	square_10: autoDraw = True
35.3124 	EXP 	square_11: autoDraw = True
35.3124 	EXP 	square_12: autoDraw = True
35.3124 	EXP 	square_13: autoDraw = True
35.3124 	EXP 	square_14: autoDraw = True
35.3124 	EXP 	square_15: autoDraw = True
35.3124 	EXP 	square_16: autoDraw = True
35.3293 	EXP 	fixation_2: autoDraw = False
35.4317 	DATA 	Mouse: Left button down, pos=(637,528)
35.4389 	EXP 	New trial (rep=3, index=0): None
35.4626 	EXP 	recall_text: autoDraw = False
35.4626 	EXP 	instructions_2: autoDraw = False
35.4626 	EXP 	fixation_2: autoDraw = False
35.4626 	EXP 	grid_2: autoDraw = False
35.4626 	EXP 	square_1: autoDraw = False
35.4626 	EXP 	square_2: autoDraw = False
35.4626 	EXP 	square_3: autoDraw = False
35.4626 	EXP 	square_4: autoDraw = False
35.4626 	EXP 	square_5: autoDraw = False
35.4626 	EXP 	square_6: autoDraw = False
35.4626 	EXP 	square_7: autoDraw = False
35.4626 	EXP 	square_8: autoDraw = False
35.4626 	EXP 	square_9: autoDraw = False
35.4626 	EXP 	square_10: autoDraw = False
35.4626 	EXP 	square_11: autoDraw = False
35.4626 	EXP 	square_12: autoDraw = False
35.4626 	EXP 	square_13: autoDraw = False
35.4626 	EXP 	square_14: autoDraw = False
35.4626 	EXP 	square_15: autoDraw = False
35.4626 	EXP 	square_16: autoDraw = False
35.4626 	EXP 	recall_text: autoDraw = True
35.4626 	EXP 	instructions_2: autoDraw = True
35.4626 	EXP 	fixation_2: autoDraw = True
35.5163 	DATA 	Mouse:  Left button up, pos=(637,528)
35.9458 	EXP 	grid_2: autoDraw = True
35.9458 	EXP 	square_1: autoDraw = True
35.9458 	EXP 	square_2: autoDraw = True
35.9458 	EXP 	square_3: autoDraw = True
35.9458 	EXP 	square_4: autoDraw = True
35.9458 	EXP 	square_5: autoDraw = True
35.9458 	EXP 	square_6: autoDraw = True
35.9458 	EXP 	square_7: autoDraw = True
35.9458 	EXP 	square_8: autoDraw = True
35.9458 	EXP 	square_9: autoDraw = True
35.9458 	EXP 	square_10: autoDraw = True
35.9458 	EXP 	square_11: autoDraw = True
35.9458 	EXP 	square_12: autoDraw = True
35.9458 	EXP 	square_13: autoDraw = True
35.9458 	EXP 	square_14: autoDraw = True
35.9458 	EXP 	square_15: autoDraw = True
35.9458 	EXP 	square_16: autoDraw = True
35.9630 	EXP 	fixation_2: autoDraw = False
36.0476 	DATA 	Mouse: Left button down, pos=(637,528)
36.0550 	EXP 	New trial (rep=4, index=0): None
36.0788 	EXP 	recall_text: autoDraw = False
36.0788 	EXP 	instructions_2: autoDraw = False
36.0788 	EXP 	fixation_2: autoDraw = False
36.0788 	EXP 	grid_2: autoDraw = False
36.0788 	EXP 	square_1: autoDraw = False
36.0788 	EXP 	square_2: autoDraw = False
36.0788 	EXP 	square_3: autoDraw = False
36.0788 	EXP 	square_4: autoDraw = False
36.0788 	EXP 	square_5: autoDraw = False
36.0788 	EXP 	square_6: autoDraw = False
36.0788 	EXP 	square_7: autoDraw = False
36.0788 	EXP 	square_8: autoDraw = False
36.0788 	EXP 	square_9: autoDraw = False
36.0788 	EXP 	square_10: autoDraw = False
36.0788 	EXP 	square_11: autoDraw = False
36.0788 	EXP 	square_12: autoDraw = False
36.0788 	EXP 	square_13: autoDraw = False
36.0788 	EXP 	square_14: autoDraw = False
36.0788 	EXP 	square_15: autoDraw = False
36.0788 	EXP 	square_16: autoDraw = False
36.0788 	EXP 	recall_text: autoDraw = True
36.0788 	EXP 	instructions_2: autoDraw = True
36.0788 	EXP 	fixation_2: autoDraw = True
36.1488 	DATA 	Mouse:  Left button up, pos=(637,528)
36.5631 	EXP 	grid_2: autoDraw = True
36.5631 	EXP 	square_1: autoDraw = True
36.5631 	EXP 	square_2: autoDraw = True
36.5631 	EXP 	square_3: autoDraw = True
36.5631 	EXP 	square_4: autoDraw = True
36.5631 	EXP 	square_5: autoDraw = True
36.5631 	EXP 	square_6: autoDraw = True
36.5631 	EXP 	square_7: autoDraw = True
36.5631 	EXP 	square_8: autoDraw = True
36.5631 	EXP 	square_9: autoDraw = True
36.5631 	EXP 	square_10: autoDraw = True
36.5631 	EXP 	square_11: autoDraw = True
36.5631 	EXP 	square_12: autoDraw = True
36.5631 	EXP 	square_13: autoDraw = True
36.5631 	EXP 	square_14: autoDraw = True
36.5631 	EXP 	square_15: autoDraw = True
36.5631 	EXP 	square_16: autoDraw = True
36.5798 	EXP 	fixation_2: autoDraw = False
36.6651 	DATA 	Mouse: Left button down, pos=(637,528)
36.6946 	EXP 	recall_text: autoDraw = False
36.6946 	EXP 	instructions_2: autoDraw = False
36.6946 	EXP 	fixation_2: autoDraw = False
36.6946 	EXP 	grid_2: autoDraw = False
36.6946 	EXP 	square_1: autoDraw = False
36.6946 	EXP 	square_2: autoDraw = False
36.6946 	EXP 	square_3: autoDraw = False
36.6946 	EXP 	square_4: autoDraw = False
36.6946 	EXP 	square_5: autoDraw = False
36.6946 	EXP 	square_6: autoDraw = False
36.6946 	EXP 	square_7: autoDraw = False
36.6946 	EXP 	square_8: autoDraw = False
36.6946 	EXP 	square_9: autoDraw = False
36.6946 	EXP 	square_10: autoDraw = False
36.6946 	EXP 	square_11: autoDraw = False
36.6946 	EXP 	square_12: autoDraw = False
36.6946 	EXP 	square_13: autoDraw = False
36.6946 	EXP 	square_14: autoDraw = False
36.6946 	EXP 	square_15: autoDraw = False
36.6946 	EXP 	square_16: autoDraw = False
36.6946 	EXP 	text_8: autoDraw = True
36.7815 	DATA 	Mouse:  Left button up, pos=(637,528)
37.6804 	EXP 	New trial (rep=0, index=1): OrderedDict([('condition_file', 'cond6.xlsx')])
37.6924 	EXP 	Imported cond6.xlsx as conditions, 5 conditions, 6 params
37.6927 	EXP 	Created sequence: random, trialTypes=5, nReps=1, seed=None
37.6931 	EXP 	New trial (rep=0, index=0): OrderedDict([('trial', 3), ('square_num', 14), ('square_pos', [-0.075, -0.225]), ('square_corr', 'square_14'), ('picture', 'images/nsym15.jpg'), ('sym_corr', 'right')])
37.7123 	EXP 	text_8: autoDraw = False
37.7123 	EXP 	square: pos = array([-0.075, -0.225])
37.7123 	EXP 	fixation_1: autoDraw = True
38.1956 	EXP 	grid: autoDraw = True
38.1956 	EXP 	square: autoDraw = True
38.2122 	EXP 	fixation_1: autoDraw = False
39.3982 	DATA 	Keypress: left
39.7283 	EXP 	grid: autoDraw = False
39.7283 	EXP 	square: autoDraw = False
39.7283 	EXP 	fixation_1: autoDraw = False
39.7283 	EXP 	grid: autoDraw = False
39.7283 	EXP 	square: autoDraw = False
39.7283 	EXP 	symmetry_grid: image = 'images/nsym15.jpg'
39.7283 	EXP 	symmetry_grid: autoDraw = True
39.7283 	EXP 	text: autoDraw = True
40.5471 	DATA 	Keypress: escape
40.9453 	EXP 	window1: mouseVisible = True
