0.3007 	WARNING 	We strongly recommend you activate the PTB sound engine in PsychoPy prefs as the preferred audio engine. Its timing is vastly superior. Your prefs are currently set to use ['sounddevice', 'PTB', 'pyo', 'pygame'] (in that order).
3.3544 	WARNING 	User requested fullscreen with size [1024  768], but screen is actually [1440, 900]. Using actual size
4.2833 	EXP 	Created window1 = Window(allowGUI=False, allowStencil=False, args=UNKNOWN, autoLog=True, bitsMode=UNKNOWN, blendMode='avg', bpc=(8, 8, 8), color=array([0., 0., 0.]), colorSpace='rgb', depthBits=8, fullscr=<method-wrapper '__getattribute__' of attributeSetter object at 0x142a52cc0>, gamma=None, gammaErrorPolicy='raise', kwargs=UNKNOWN, lms=UNKNOWN, monitor=<psychopy.monitors.calibTools.Monitor object at 0x142bbfa90>, multiSample=False, name='window1', numSamples=2, pos=[360.0, 225.0], screen=0, size=array([2880, 1800]), stencilBits=0, stereo=False, units='height', useFBO=True, useRetina=True, viewOri=0.0, viewPos=None, viewScale=None, waitBlanking=True, winType='pyglet')
4.2837 	EXP 	window1: mouseVisible = True
4.2838 	EXP 	window1: recordFrameIntervals = False
4.4497 	EXP 	window1: recordFrameIntervals = True
4.6332 	EXP 	window1: recordFrameIntervals = False
4.7309 	EXP 	Created instuctions_1 = TextStim(__class__=<class 'psychopy.visual.text.TextStim'>, alignHoriz=method-wrapper(...), alignText='center', alignVert=method-wrapper(...), anchorHoriz='center', anchorVert='center', antialias=True, autoLog=True, bold=False, color='white', colorSpace='named', contrast=1.0, depth=0.0, flipHoriz=False, flipVert=False, font='Arial', fontFiles=[], height=0.05, italic=False, languageStyle='LTR', name='instuctions_1', opacity=1.0, ori=0, pos=array([0., 0.]), rgb=array([255., 255., 255.]), text=str(...), units='height', win=Window(...), wrapWidth=1)
4.7718 	EXP 	Created instuctions = TextStim(__class__=<class 'psychopy.visual.text.TextStim'>, alignHoriz=method-wrapper(...), alignText='center', alignVert=method-wrapper(...), anchorHoriz='center', anchorVert='center', antialias=True, autoLog=True, bold=False, color='white', colorSpace='named', contrast=1.0, depth=0.0, flipHoriz=False, flipVert=False, font='Arial', fontFiles=[], height=0.05, italic=False, languageStyle='LTR', name='instuctions', opacity=1.0, ori=0, pos=array([0., 0.]), rgb=array([255., 255., 255.]), text=str(...), units='height', win=Window(...), wrapWidth=1)
4.8599 	EXP 	Created image_2 = ImageStim(__class__=<class 'psychopy.visual.image.ImageStim'>, autoLog=True, color=array([1., 1., 1.]), colorSpace='rgb', contrast=1.0, depth=0.0, flipHoriz=False, flipVert=False, image='grid.png', interpolate=True, mask=None, maskParams=None, name='image_2', opacity=1.0, ori=0.0, pos=array([0., 0.]), size=array([0.6, 0.6]), texRes=128, units='height', win=Window(...))
4.8612 	EXP 	Created polygon = Rect(__class__=<class 'psychopy.visual.rect.Rect'>, autoDraw=False, autoLog=True, closeShape=True, color=method-wrapper(...), colorSpace=None, contrast=1.0, depth=-1.0, fillColor=array([ 0.804, -1.   , -1.   ]), fillColorSpace='rgb', fillRGB=array([ 0.804, -1.   , -1.   ]), interpolate=True, lineColor=array([1., 1., 1.]), lineColorSpace='rgb', lineRGB=array([1., 1., 1.]), lineWidth=1, name='polygon', opacity=1.0, ori=array(0.), pos=array([-0.075,  0.075]), size=array([0.1, 0.1]), units='height', vertices=ndarray(...), win=Window(...))
4.8935 	EXP 	Created image = ImageStim(__class__=<class 'psychopy.visual.image.ImageStim'>, autoLog=True, color=array([1., 1., 1.]), colorSpace='rgb', contrast=1.0, depth=0.0, flipHoriz=False, flipVert=False, image='sym1.jpg', interpolate=True, mask=None, maskParams=None, name='image', opacity=1.0, ori=0.0, pos=array([0., 0.]), size=array([0.5, 0.5]), texRes=128, units='height', win=Window(...))
4.9269 	EXP 	Created text_4 = TextStim(__class__=<class 'psychopy.visual.text.TextStim'>, alignHoriz=method-wrapper(...), alignText='center', alignVert=method-wrapper(...), anchorHoriz='center', anchorVert='center', antialias=True, autoLog=True, bold=False, color='white', colorSpace='named', contrast=1.0, depth=-2.0, flipHoriz=False, flipVert=False, font='Arial', fontFiles=[], height=0.05, italic=False, languageStyle='LTR', name='text_4', opacity=1.0, ori=0, pos=array([ 0. , -0.4]), rgb=array([255., 255., 255.]), text='<-    symmetrical  |  non-symmetrical ->', units='height', win=Window(...), wrapWidth=1)
4.9378 	EXP 	Created text_3 = TextStim(__class__=<class 'psychopy.visual.text.TextStim'>, alignHoriz=method-wrapper(...), alignText='center', alignVert=method-wrapper(...), anchorHoriz='center', anchorVert='center', antialias=True, autoLog=True, bold=False, color='white', colorSpace='named', contrast=1.0, depth=0.0, flipHoriz=False, flipVert=False, font='Arial', fontFiles=[], height=0.05, italic=False, languageStyle='LTR', name='text_3', opacity=1.0, ori=0, pos=array([0., 0.]), rgb=array([255., 255., 255.]), text=str(...), units='height', win=Window(...), wrapWidth=1)
5.0046 	EXP 	Created trialselect = ImageStim(__class__=<class 'psychopy.visual.image.ImageStim'>, autoLog=True, color=array([1., 1., 1.]), colorSpace='rgb', contrast=1.0, depth=0.0, flipHoriz=False, flipVert=False, image='grid.png', interpolate=True, mask=None, maskParams=None, name='trialselect', opacity=1.0, ori=0.0, pos=array([0., 0.]), size=array([0.6, 0.6]), texRes=128, units='height', win=Window(...))
5.0048 	EXP 	window1: mouseVisible = True
5.0158 	EXP 	Created text_5 = TextStim(__class__=<class 'psychopy.visual.text.TextStim'>, alignHoriz=method-wrapper(...), alignText='center', alignVert=method-wrapper(...), anchorHoriz='center', anchorVert='center', antialias=True, autoLog=True, bold=False, color='white', colorSpace='named', contrast=1.0, depth=-2.0, flipHoriz=False, flipVert=False, font='Arial', fontFiles=[], height=0.03, italic=False, languageStyle='LTR', name='text_5', opacity=1.0, ori=0, pos=array([ 0. , -0.4]), rgb=array([255., 255., 255.]), text=str(...), units='height', win=Window(...), wrapWidth=1)
5.0572 	EXP 	Created text_2 = TextStim(__class__=<class 'psychopy.visual.text.TextStim'>, alignHoriz=method-wrapper(...), alignText='center', alignVert=method-wrapper(...), anchorHoriz='center', anchorVert='center', antialias=True, autoLog=True, bold=False, color='white', colorSpace='named', contrast=1.0, depth=-1.0, flipHoriz=False, flipVert=False, font='Arial', fontFiles=[], height=0.05, italic=False, languageStyle='LTR', name='text_2', opacity=1.0, ori=0, pos=array([0., 0.]), rgb=array([255., 255., 255.]), text=str(...), units='height', win=Window(...), wrapWidth=1)
5.0595 	EXP 	Created fixation_1 = TextStim(__class__=<class 'psychopy.visual.text.TextStim'>, alignHoriz=method-wrapper(...), alignText='center', alignVert=method-wrapper(...), anchorHoriz='center', anchorVert='center', antialias=True, autoLog=True, bold=False, color='white', colorSpace='named', contrast=1.0, depth=0.0, flipHoriz=False, flipVert=False, font='Arial', fontFiles=[], height=0.05, italic=False, languageStyle='LTR', name='fixation_1', opacity=1.0, ori=0, pos=array([0., 0.]), rgb=array([255., 255., 255.]), text='+', units='height', win=Window(...), wrapWidth=1)
5.1033 	EXP 	Created grid = ImageStim(__class__=<class 'psychopy.visual.image.ImageStim'>, autoLog=True, color=array([1., 1., 1.]), colorSpace='rgb', contrast=1.0, depth=-1.0, flipHoriz=False, flipVert=False, image='grid.png', interpolate=True, mask=None, maskParams=None, name='grid', opacity=1.0, ori=0.0, pos=array([0., 0.]), size=array([0.6, 0.6]), texRes=512, units='height', win=Window(...))
5.1044 	EXP 	Created square = Rect(__class__=<class 'psychopy.visual.rect.Rect'>, autoDraw=False, autoLog=True, closeShape=True, color=method-wrapper(...), colorSpace=None, contrast=1.0, depth=-2.0, fillColor=array([ 0.804, -1.   , -1.   ]), fillColorSpace='rgb', fillRGB=array([ 0.804, -1.   , -1.   ]), interpolate=True, lineColor=None, lineColorSpace=None, lineRGB=None, lineWidth=1, name='square', opacity=1.0, ori=array(0.), pos=array([0., 0.]), size=array([0.1, 0.1]), units='height', vertices=ndarray(...), win=Window(...))
5.1060 	EXP 	Created symmetry_grid = ImageStim(__class__=<class 'psychopy.visual.image.ImageStim'>, autoLog=True, color=array([1., 1., 1.]), colorSpace='rgb', contrast=1.0, depth=0.0, flipHoriz=False, flipVert=False, image='sin', interpolate=True, mask=None, maskParams=None, name='symmetry_grid', opacity=1.0, ori=0.0, pos=array([0., 0.]), size=array([0.5, 0.5]), texRes=128, units='height', win=Window(...))
5.1330 	EXP 	Created text = TextStim(__class__=<class 'psychopy.visual.text.TextStim'>, alignHoriz=method-wrapper(...), alignText='center', alignVert=method-wrapper(...), anchorHoriz='center', anchorVert='center', antialias=True, autoLog=True, bold=False, color='white', colorSpace='named', contrast=1.0, depth=-2.0, flipHoriz=False, flipVert=False, font='Arial', fontFiles=[], height=0.05, italic=False, languageStyle='LTR', name='text', opacity=1.0, ori=0, pos=array([ 0. , -0.4]), rgb=array([255., 255., 255.]), text='<-    symmetrical  |  non-symmetrical ->', units='height', win=Window(...), wrapWidth=1)
5.1403 	EXP 	Created recall_text = TextStim(__class__=<class 'psychopy.visual.text.TextStim'>, alignHoriz=method-wrapper(...), alignText='center', alignVert=method-wrapper(...), anchorHoriz='center', anchorVert='center', antialias=True, autoLog=True, bold=False, color='white', colorSpace='named', contrast=1.0, depth=0.0, flipHoriz=False, flipVert=False, font='Arial', fontFiles=[], height=0.05, italic=False, languageStyle='LTR', name='recall_text', opacity=1.0, ori=0, pos=array([0. , 0.4]), rgb=array([255., 255., 255.]), text='Recall', units='height', win=Window(...), wrapWidth=1)
5.1434 	EXP 	Created instructions_2 = TextStim(__class__=<class 'psychopy.visual.text.TextStim'>, alignHoriz=method-wrapper(...), alignText='center', alignVert=method-wrapper(...), anchorHoriz='center', anchorVert='center', antialias=True, autoLog=True, bold=False, color='white', colorSpace='named', contrast=1.0, depth=-1.0, flipHoriz=False, flipVert=False, font='Arial', fontFiles=[], height=0.03, italic=False, languageStyle='LTR', name='instructions_2', opacity=1.0, ori=0, pos=array([ 0. , -0.4]), rgb=array([255., 255., 255.]), text=str(...), units='height', win=Window(...), wrapWidth=1)
5.1447 	EXP 	Created fixation_2 = TextStim(__class__=<class 'psychopy.visual.text.TextStim'>, alignHoriz=method-wrapper(...), alignText='center', alignVert=method-wrapper(...), anchorHoriz='center', anchorVert='center', antialias=True, autoLog=True, bold=False, color='white', colorSpace='named', contrast=1.0, depth=-2.0, flipHoriz=False, flipVert=False, font='Arial', fontFiles=[], height=0.05, italic=False, languageStyle='LTR', name='fixation_2', opacity=1.0, ori=0, pos=array([0., 0.]), rgb=array([255., 255., 255.]), text='+', units='height', win=Window(...), wrapWidth=1)
5.1906 	EXP 	Created grid_2 = ImageStim(__class__=<class 'psychopy.visual.image.ImageStim'>, autoLog=True, color=array([1., 1., 1.]), colorSpace='rgb', contrast=1.0, depth=-3.0, flipHoriz=False, flipVert=False, image='grid.png', interpolate=True, mask=None, maskParams=None, name='grid_2', opacity=1.0, ori=0.0, pos=array([0., 0.]), size=array([0.6, 0.6]), texRes=128, units='height', win=Window(...))
5.1907 	EXP 	window1: mouseVisible = True
5.1919 	EXP 	Created square_1 = Rect(__class__=<class 'psychopy.visual.rect.Rect'>, autoDraw=False, autoLog=True, closeShape=True, color=method-wrapper(...), colorSpace=None, contrast=1.0, depth=-5.0, fillColor=array([1.   , 0.004, 0.004]), fillColorSpace='rgb', fillRGB=array([1.   , 0.004, 0.004]), interpolate=True, lineColor=None, lineColorSpace=None, lineRGB=None, lineWidth=1, name='square_1', opacity=1.0, ori=array(0.), pos=array([-0.225,  0.225]), size=array([0.1, 0.1]), units='height', vertices=ndarray(...), win=Window(...))
5.1939 	EXP 	Created square_2 = Rect(__class__=<class 'psychopy.visual.rect.Rect'>, autoDraw=False, autoLog=True, closeShape=True, color=method-wrapper(...), colorSpace=None, contrast=1.0, depth=-6.0, fillColor=array([1.   , 0.004, 0.004]), fillColorSpace='rgb', fillRGB=array([1.   , 0.004, 0.004]), interpolate=True, lineColor=None, lineColorSpace=None, lineRGB=None, lineWidth=1, name='square_2', opacity=1.0, ori=array(0.), pos=array([-0.075,  0.225]), size=array([0.1, 0.1]), units='height', vertices=ndarray(...), win=Window(...))
5.1953 	EXP 	Created square_3 = Rect(__class__=<class 'psychopy.visual.rect.Rect'>, autoDraw=False, autoLog=True, closeShape=True, color=method-wrapper(...), colorSpace=None, contrast=1.0, depth=-7.0, fillColor=array([1.   , 0.004, 0.004]), fillColorSpace='rgb', fillRGB=array([1.   , 0.004, 0.004]), interpolate=True, lineColor=None, lineColorSpace=None, lineRGB=None, lineWidth=1, name='square_3', opacity=1.0, ori=array(0.), pos=array([0.075, 0.225]), size=array([0.1, 0.1]), units='height', vertices=ndarray(...), win=Window(...))
5.1964 	EXP 	Created square_4 = Rect(__class__=<class 'psychopy.visual.rect.Rect'>, autoDraw=False, autoLog=True, closeShape=True, color=method-wrapper(...), colorSpace=None, contrast=1.0, depth=-8.0, fillColor=array([1.   , 0.004, 0.004]), fillColorSpace='rgb', fillRGB=array([1.   , 0.004, 0.004]), interpolate=True, lineColor=None, lineColorSpace=None, lineRGB=None, lineWidth=1, name='square_4', opacity=1.0, ori=array(0.), pos=array([0.225, 0.225]), size=array([0.1, 0.1]), units='height', vertices=ndarray(...), win=Window(...))
5.1976 	EXP 	Created square_5 = Rect(__class__=<class 'psychopy.visual.rect.Rect'>, autoDraw=False, autoLog=True, closeShape=True, color=method-wrapper(...), colorSpace=None, contrast=1.0, depth=-9.0, fillColor=array([1.   , 0.004, 0.004]), fillColorSpace='rgb', fillRGB=array([1.   , 0.004, 0.004]), interpolate=True, lineColor=None, lineColorSpace=None, lineRGB=None, lineWidth=1, name='square_5', opacity=1.0, ori=array(0.), pos=array([-0.225,  0.075]), size=array([0.1, 0.1]), units='height', vertices=ndarray(...), win=Window(...))
5.1987 	EXP 	Created square_6 = Rect(__class__=<class 'psychopy.visual.rect.Rect'>, autoDraw=False, autoLog=True, closeShape=True, color=method-wrapper(...), colorSpace=None, contrast=1.0, depth=-10.0, fillColor=array([1.   , 0.004, 0.004]), fillColorSpace='rgb', fillRGB=array([1.   , 0.004, 0.004]), interpolate=True, lineColor=None, lineColorSpace=None, lineRGB=None, lineWidth=1, name='square_6', opacity=1.0, ori=array(0.), pos=array([-0.075,  0.075]), size=array([0.1, 0.1]), units='height', vertices=ndarray(...), win=Window(...))
5.1998 	EXP 	Created square_7 = Rect(__class__=<class 'psychopy.visual.rect.Rect'>, autoDraw=False, autoLog=True, closeShape=True, color=method-wrapper(...), colorSpace=None, contrast=1.0, depth=-11.0, fillColor=array([1.   , 0.004, 0.004]), fillColorSpace='rgb', fillRGB=array([1.   , 0.004, 0.004]), interpolate=True, lineColor=None, lineColorSpace=None, lineRGB=None, lineWidth=1, name='square_7', opacity=1.0, ori=array(0.), pos=array([0.075, 0.075]), size=array([0.1, 0.1]), units='height', vertices=ndarray(...), win=Window(...))
5.2009 	EXP 	Created square_8 = Rect(__class__=<class 'psychopy.visual.rect.Rect'>, autoDraw=False, autoLog=True, closeShape=True, color=method-wrapper(...), colorSpace=None, contrast=1.0, depth=-12.0, fillColor=array([1.   , 0.004, 0.004]), fillColorSpace='rgb', fillRGB=array([1.   , 0.004, 0.004]), interpolate=True, lineColor=None, lineColorSpace=None, lineRGB=None, lineWidth=1, name='square_8', opacity=1.0, ori=array(0.), pos=array([0.225, 0.075]), size=array([0.1, 0.1]), units='height', vertices=ndarray(...), win=Window(...))
5.2020 	EXP 	Created square_9 = Rect(__class__=<class 'psychopy.visual.rect.Rect'>, autoDraw=False, autoLog=True, closeShape=True, color=method-wrapper(...), colorSpace=None, contrast=1.0, depth=-13.0, fillColor=array([1.   , 0.004, 0.004]), fillColorSpace='rgb', fillRGB=array([1.   , 0.004, 0.004]), interpolate=True, lineColor=None, lineColorSpace=None, lineRGB=None, lineWidth=1, name='square_9', opacity=1.0, ori=array(0.), pos=array([-0.225, -0.075]), size=array([0.1, 0.1]), units='height', vertices=ndarray(...), win=Window(...))
5.2031 	EXP 	Created square_10 = Rect(__class__=<class 'psychopy.visual.rect.Rect'>, autoDraw=False, autoLog=True, closeShape=True, color=method-wrapper(...), colorSpace=None, contrast=1.0, depth=-14.0, fillColor=array([1.   , 0.004, 0.004]), fillColorSpace='rgb', fillRGB=array([1.   , 0.004, 0.004]), interpolate=True, lineColor=None, lineColorSpace=None, lineRGB=None, lineWidth=1, name='square_10', opacity=1.0, ori=array(0.), pos=array([-0.075, -0.075]), size=array([0.1, 0.1]), units='height', vertices=ndarray(...), win=Window(...))
5.2043 	EXP 	Created square_11 = Rect(__class__=<class 'psychopy.visual.rect.Rect'>, autoDraw=False, autoLog=True, closeShape=True, color=method-wrapper(...), colorSpace=None, contrast=1.0, depth=-15.0, fillColor=array([1.   , 0.004, 0.004]), fillColorSpace='rgb', fillRGB=array([1.   , 0.004, 0.004]), interpolate=True, lineColor=None, lineColorSpace=None, lineRGB=None, lineWidth=1, name='square_11', opacity=1.0, ori=array(0.), pos=array([ 0.075, -0.075]), size=array([0.1, 0.1]), units='height', vertices=ndarray(...), win=Window(...))
5.2054 	EXP 	Created square_12 = Rect(__class__=<class 'psychopy.visual.rect.Rect'>, autoDraw=False, autoLog=True, closeShape=True, color=method-wrapper(...), colorSpace=None, contrast=1.0, depth=-16.0, fillColor=array([1.   , 0.004, 0.004]), fillColorSpace='rgb', fillRGB=array([1.   , 0.004, 0.004]), interpolate=True, lineColor=None, lineColorSpace=None, lineRGB=None, lineWidth=1, name='square_12', opacity=1.0, ori=array(0.), pos=array([ 0.225, -0.075]), size=array([0.1, 0.1]), units='height', vertices=ndarray(...), win=Window(...))
5.2065 	EXP 	Created square_13 = Rect(__class__=<class 'psychopy.visual.rect.Rect'>, autoDraw=False, autoLog=True, closeShape=True, color=method-wrapper(...), colorSpace=None, contrast=1.0, depth=-17.0, fillColor=array([1.   , 0.004, 0.004]), fillColorSpace='rgb', fillRGB=array([1.   , 0.004, 0.004]), interpolate=True, lineColor=None, lineColorSpace=None, lineRGB=None, lineWidth=1, name='square_13', opacity=1.0, ori=array(0.), pos=array([-0.225, -0.225]), size=array([0.1, 0.1]), units='height', vertices=ndarray(...), win=Window(...))
5.2076 	EXP 	Created square_14 = Rect(__class__=<class 'psychopy.visual.rect.Rect'>, autoDraw=False, autoLog=True, closeShape=True, color=method-wrapper(...), colorSpace=None, contrast=1.0, depth=-18.0, fillColor=array([1.   , 0.004, 0.004]), fillColorSpace='rgb', fillRGB=array([1.   , 0.004, 0.004]), interpolate=True, lineColor=None, lineColorSpace=None, lineRGB=None, lineWidth=1, name='square_14', opacity=1.0, ori=array(0.), pos=array([-0.075, -0.225]), size=array([0.1, 0.1]), units='height', vertices=ndarray(...), win=Window(...))
5.2087 	EXP 	Created square_15 = Rect(__class__=<class 'psychopy.visual.rect.Rect'>, autoDraw=False, autoLog=True, closeShape=True, color=method-wrapper(...), colorSpace=None, contrast=1.0, depth=-19.0, fillColor=array([1.   , 0.004, 0.004]), fillColorSpace='rgb', fillRGB=array([1.   , 0.004, 0.004]), interpolate=True, lineColor=None, lineColorSpace=None, lineRGB=None, lineWidth=1, name='square_15', opacity=1.0, ori=array(0.), pos=array([ 0.075, -0.225]), size=array([0.1, 0.1]), units='height', vertices=ndarray(...), win=Window(...))
5.2097 	EXP 	Created square_16 = Rect(__class__=<class 'psychopy.visual.rect.Rect'>, autoDraw=False, autoLog=True, closeShape=True, color=method-wrapper(...), colorSpace=None, contrast=1.0, depth=-20.0, fillColor=array([1.   , 0.004, 0.004]), fillColorSpace='rgb', fillRGB=array([1.   , 0.004, 0.004]), interpolate=True, lineColor=None, lineColorSpace=None, lineRGB=None, lineWidth=1, name='square_16', opacity=1.0, ori=array(0.), pos=array([ 0.225, -0.225]), size=array([0.1, 0.1]), units='height', vertices=ndarray(...), win=Window(...))
5.2099 	EXP 	window1: mouseVisible = False
5.6844 	DATA 	Mouse: Left button down, pos=(498,563)
5.7349 	DATA 	Mouse:  Left button up, pos=(498,563)
6.2328 	EXP 	instuctions_1: autoDraw = True
7.1790 	DATA 	Keypress: space
7.1990 	EXP 	instuctions_1: autoDraw = False
8.1497 	EXP 	instuctions: autoDraw = True
8.8498 	EXP 	window1: mouseVisible = True
8.8499 	EXP 	window1: mouseVisible = True
8.8651 	DATA 	Keypress: space
8.8821 	EXP 	instuctions: autoDraw = False
8.8821 	EXP 	image_2: autoDraw = True
8.8821 	EXP 	polygon: autoDraw = True
10.5354 	DATA 	Mouse: Left button down, pos=(645,523)
10.6674 	DATA 	Mouse:  Left button up, pos=(645,522)
10.8826 	EXP 	image_2: autoDraw = False
10.8826 	EXP 	polygon: autoDraw = False
11.8494 	EXP 	image: autoDraw = True
11.8494 	EXP 	text_4: autoDraw = True
12.8492 	EXP 	text_4: autoDraw = False
14.3007 	DATA 	Keypress: up
14.9001 	EXP 	window1: mouseVisible = False
14.9024 	DATA 	Keypress: left
14.9158 	EXP 	image: autoDraw = False
14.9158 	EXP 	text_4: autoDraw = False
15.8991 	EXP 	text_3: autoDraw = True
17.9504 	EXP 	window1: mouseVisible = True
17.9551 	DATA 	Keypress: space
17.9824 	EXP 	text_3: autoDraw = False
17.9824 	EXP 	trialselect: autoDraw = True
17.9824 	EXP 	text_5: autoDraw = True
19.7175 	DATA 	Mouse: Left button down, pos=(652,504)
19.7189 	EXP 	window1: mouseVisible = False
19.7318 	EXP 	trialselect: autoDraw = False
19.7318 	EXP 	text_5: autoDraw = False
19.8182 	DATA 	Mouse:  Left button up, pos=(652,504)
20.7159 	EXP 	text_2: autoDraw = True
21.9664 	EXP 	window1: mouseVisible = True
22.0054 	EXP 	Imported choose_cond.xlsx as conditions, 6 conditions, 1 params
22.0076 	EXP 	Created sequence: random, trialTypes=6, nReps=1, seed=None
22.0081 	EXP 	New trial (rep=0, index=0): OrderedDict([('condition_file', 'cond5.xlsx')])
22.0173 	EXP 	Imported cond5.xlsx as conditions, 5 conditions, 6 params
22.0176 	EXP 	Created sequence: random, trialTypes=5, nReps=1, seed=None
22.0179 	EXP 	New trial (rep=0, index=0): OrderedDict([('trial', 5), ('square_num', 1), ('square_pos', [-0.225, 0.225]), ('square_corr', 'square_1'), ('picture', 'images/nsym12.jpg'), ('sym_corr', 'right')])
22.0211 	DATA 	Keypress: space
22.0325 	EXP 	text_2: autoDraw = False
22.0325 	EXP 	square: pos = array([-0.225,  0.225])
22.0325 	EXP 	fixation_1: autoDraw = True
22.5161 	EXP 	grid: autoDraw = True
22.5161 	EXP 	square: autoDraw = True
22.5325 	EXP 	fixation_1: autoDraw = False
23.2691 	DATA 	Mouse: Left button down, pos=(656,386)
23.3675 	DATA 	Mouse:  Left button up, pos=(656,386)
23.9519 	DATA 	Mouse: Left button down, pos=(634,532)
24.0408 	DATA 	Mouse:  Left button up, pos=(633,532)
24.0655 	EXP 	grid: autoDraw = False
24.0655 	EXP 	square: autoDraw = False
24.0655 	EXP 	fixation_1: autoDraw = False
24.0655 	EXP 	grid: autoDraw = False
24.0655 	EXP 	square: autoDraw = False
24.0655 	EXP 	symmetry_grid: image = 'images/nsym12.jpg'
24.0655 	EXP 	symmetry_grid: autoDraw = True
24.0655 	EXP 	text: autoDraw = True
25.7025 	EXP 	New trial (rep=0, index=1): OrderedDict([('trial', 1), ('square_num', 6), ('square_pos', [-0.075, 0.075]), ('square_corr', 'square_6'), ('picture', 'images/sym11.jpg'), ('sym_corr', 'left')])
25.7063 	DATA 	Keypress: left
25.7151 	EXP 	symmetry_grid: autoDraw = False
25.7151 	EXP 	text: autoDraw = False
25.7151 	EXP 	square: pos = array([-0.075,  0.075])
25.7151 	EXP 	fixation_1: autoDraw = True
26.1990 	EXP 	grid: autoDraw = True
26.1990 	EXP 	square: autoDraw = True
26.2157 	EXP 	fixation_1: autoDraw = False
26.7178 	DATA 	Keypress: left
27.7315 	EXP 	grid: autoDraw = False
27.7315 	EXP 	square: autoDraw = False
27.7315 	EXP 	fixation_1: autoDraw = False
27.7315 	EXP 	grid: autoDraw = False
27.7315 	EXP 	square: autoDraw = False
27.7315 	EXP 	symmetry_grid: image = 'images/sym11.jpg'
27.7315 	EXP 	symmetry_grid: autoDraw = True
27.7315 	EXP 	text: autoDraw = True
29.2849 	EXP 	New trial (rep=0, index=2): OrderedDict([('trial', 2), ('square_num', 5), ('square_pos', [-0.225, 0.075]), ('square_corr', 'square_5'), ('picture', 'images/sym12.jpg'), ('sym_corr', 'left')])
29.2892 	DATA 	Keypress: left
29.2981 	EXP 	symmetry_grid: autoDraw = False
29.2981 	EXP 	text: autoDraw = False
29.2981 	EXP 	square: pos = array([-0.225,  0.075])
29.2981 	EXP 	fixation_1: autoDraw = True
29.7823 	EXP 	grid: autoDraw = True
29.7823 	EXP 	square: autoDraw = True
29.7990 	EXP 	fixation_1: autoDraw = False
31.3153 	EXP 	grid: autoDraw = False
31.3153 	EXP 	square: autoDraw = False
31.3153 	EXP 	fixation_1: autoDraw = False
31.3153 	EXP 	grid: autoDraw = False
31.3153 	EXP 	square: autoDraw = False
31.3153 	EXP 	symmetry_grid: image = 'images/sym12.jpg'
31.3153 	EXP 	symmetry_grid: autoDraw = True
31.3153 	EXP 	text: autoDraw = True
31.6492 	EXP 	New trial (rep=0, index=3): OrderedDict([('trial', 3), ('square_num', 9), ('square_pos', [-0.225, -0.075]), ('square_corr', 'square_9'), ('picture', 'images/sym13.jpg'), ('sym_corr', 'left')])
31.6521 	DATA 	Keypress: left
31.6654 	EXP 	symmetry_grid: autoDraw = False
31.6654 	EXP 	text: autoDraw = False
31.6654 	EXP 	square: pos = array([-0.225, -0.075])
31.6654 	EXP 	fixation_1: autoDraw = True
32.1490 	EXP 	grid: autoDraw = True
32.1490 	EXP 	square: autoDraw = True
32.1657 	EXP 	fixation_1: autoDraw = False
32.4504 	DATA 	Keypress: escape
32.8264 	EXP 	window1: mouseVisible = True
